<?xml version="1.0" encoding="UTF-8"?>
<coverage generated="1545228418100" clover="3.2.0">
  <project timestamp="1545228418100" name="All files">
    <metrics statements="2292" coveredstatements="1645" conditionals="854" coveredconditionals="576" methods="586" coveredmethods="376" elements="3732" coveredelements="2597" complexity="0" loc="2292" ncloc="2292" packages="43" files="115" classes="115">
      <package name="app">
        <metrics statements="16" coveredstatements="0" conditionals="0" coveredconditionals="0" methods="5" coveredmethods="0"/>
        <file name="app.ts" path="/home/travis/build/MaibornWolff/codecharta/visualization/app/app.ts">
          <metrics statements="16" coveredstatements="0" conditionals="0" coveredconditionals="0" methods="5" coveredmethods="0"/>
          <line num="2" count="0" type="stmt"/>
          <line num="3" count="0" type="stmt"/>
          <line num="4" count="0" type="stmt"/>
          <line num="5" count="0" type="stmt"/>
          <line num="6" count="0" type="stmt"/>
          <line num="7" count="0" type="stmt"/>
          <line num="8" count="0" type="stmt"/>
          <line num="11" count="0" type="stmt"/>
          <line num="13" count="0" type="stmt"/>
          <line num="15" count="0" type="stmt"/>
          <line num="16" count="0" type="stmt"/>
          <line num="22" count="0" type="stmt"/>
          <line num="27" count="0" type="stmt"/>
          <line num="30" count="0" type="stmt"/>
          <line num="35" count="0" type="stmt"/>
          <line num="41" count="0" type="stmt"/>
        </file>
      </package>
      <package name="app.codeCharta">
        <metrics statements="49" coveredstatements="42" conditionals="7" coveredconditionals="7" methods="16" coveredmethods="15"/>
        <file name="codeCharta.component.ts" path="/home/travis/build/MaibornWolff/codecharta/visualization/app/codeCharta/codeCharta.component.ts">
          <metrics statements="43" coveredstatements="42" conditionals="7" coveredconditionals="7" methods="16" coveredmethods="15"/>
          <line num="18" count="22" type="stmt"/>
          <line num="25" count="22" type="stmt"/>
          <line num="26" count="22" type="stmt"/>
          <line num="27" count="22" type="stmt"/>
          <line num="28" count="22" type="stmt"/>
          <line num="29" count="22" type="stmt"/>
          <line num="30" count="22" type="stmt"/>
          <line num="31" count="22" type="stmt"/>
          <line num="32" count="22" type="stmt"/>
          <line num="33" count="22" type="stmt"/>
          <line num="35" count="22" type="stmt"/>
          <line num="36" count="22" type="stmt"/>
          <line num="37" count="22" type="stmt"/>
          <line num="41" count="22" type="stmt"/>
          <line num="45" count="22" type="stmt"/>
          <line num="46" count="1" type="stmt"/>
          <line num="49" count="22" type="stmt"/>
          <line num="50" count="1" type="stmt"/>
          <line num="55" count="1" type="stmt"/>
          <line num="59" count="0" type="stmt"/>
          <line num="63" count="25" type="stmt"/>
          <line num="64" count="25" type="stmt"/>
          <line num="66" count="24" type="cond" truecount="2" falsecount="0"/>
          <line num="67" count="1" type="stmt"/>
          <line num="69" count="23" type="stmt"/>
          <line num="78" count="38" type="stmt"/>
          <line num="80" count="38" type="stmt"/>
          <line num="81" count="68" type="stmt"/>
          <line num="86" count="38" type="stmt"/>
          <line num="88" count="34" type="cond" truecount="2" falsecount="0"/>
          <line num="89" count="5" type="stmt"/>
          <line num="91" count="29" type="stmt"/>
          <line num="93" count="34" type="stmt"/>
          <line num="94" count="34" type="stmt"/>
          <line num="95" count="34" type="stmt"/>
          <line num="96" count="34" type="stmt"/>
          <line num="99" count="4" type="stmt"/>
          <line num="100" count="4" type="stmt"/>
          <line num="107" count="31" type="cond" truecount="2" falsecount="0"/>
          <line num="108" count="1" type="stmt"/>
          <line num="110" count="31" type="stmt"/>
          <line num="118" count="3" type="stmt"/>
          <line num="123" count="1" type="stmt"/>
        </file>
        <file name="codeCharta.ts" path="/home/travis/build/MaibornWolff/codecharta/visualization/app/codeCharta/codeCharta.ts">
          <metrics statements="6" coveredstatements="0" conditionals="0" coveredconditionals="0" methods="0" coveredmethods="0"/>
          <line num="3" count="0" type="stmt"/>
          <line num="4" count="0" type="stmt"/>
          <line num="6" count="0" type="stmt"/>
          <line num="8" count="0" type="stmt"/>
          <line num="10" count="0" type="stmt"/>
          <line num="15" count="0" type="stmt"/>
        </file>
      </package>
      <package name="app.codeCharta.core">
        <metrics statements="1" coveredstatements="1" conditionals="0" coveredconditionals="0" methods="0" coveredmethods="0"/>
        <file name="core.module.ts" path="/home/travis/build/MaibornWolff/codecharta/visualization/app/codeCharta/core/core.module.ts">
          <metrics statements="1" coveredstatements="1" conditionals="0" coveredconditionals="0" methods="0" coveredmethods="0"/>
          <line num="14" count="2" type="stmt"/>
        </file>
      </package>
      <package name="app.codeCharta.core.data">
        <metrics statements="250" coveredstatements="231" conditionals="129" coveredconditionals="105" methods="69" coveredmethods="64"/>
        <file name="data.decorator.service.ts" path="/home/travis/build/MaibornWolff/codecharta/visualization/app/codeCharta/core/data/data.decorator.service.ts">
          <metrics statements="68" coveredstatements="67" conditionals="53" coveredconditionals="45" methods="21" coveredmethods="21"/>
          <line num="14" count="42" type="stmt"/>
          <line num="15" count="220" type="cond" truecount="5" falsecount="0"/>
          <line num="22" count="42" type="stmt"/>
          <line num="23" count="220" type="cond" truecount="2" falsecount="0"/>
          <line num="24" count="6" type="stmt"/>
          <line num="25" count="6" type="stmt"/>
          <line num="26" count="6" type="stmt"/>
          <line num="27" count="6" type="stmt"/>
          <line num="28" count="6" type="cond" truecount="2" falsecount="0"/>
          <line num="29" count="1" type="stmt"/>
          <line num="31" count="6" type="stmt"/>
          <line num="32" count="6" type="stmt"/>
          <line num="33" count="6" type="stmt"/>
          <line num="34" count="214" type="cond" truecount="5" falsecount="0"/>
          <line num="35" count="79" type="stmt"/>
          <line num="36" count="172" type="stmt"/>
          <line num="41" count="42" type="cond" truecount="3" falsecount="1"/>
          <line num="42" count="42" type="stmt"/>
          <line num="53" count="30" type="cond" truecount="3" falsecount="1"/>
          <line num="55" count="30" type="stmt"/>
          <line num="56" count="30" type="stmt"/>
          <line num="58" count="30" type="stmt"/>
          <line num="59" count="158" type="cond" truecount="1" falsecount="1"/>
          <line num="60" count="0" type="stmt"/>
          <line num="62" count="158" type="stmt"/>
          <line num="70" count="28" type="cond" truecount="3" falsecount="1"/>
          <line num="72" count="28" type="stmt"/>
          <line num="73" count="28" type="stmt"/>
          <line num="74" count="152" type="stmt"/>
          <line num="82" count="39" type="cond" truecount="3" falsecount="1"/>
          <line num="84" count="39" type="stmt"/>
          <line num="85" count="39" type="stmt"/>
          <line num="86" count="223" type="stmt"/>
          <line num="93" count="39" type="cond" truecount="3" falsecount="1"/>
          <line num="94" count="39" type="stmt"/>
          <line num="95" count="39" type="stmt"/>
          <line num="96" count="222" type="stmt"/>
          <line num="97" count="222" type="stmt"/>
          <line num="98" count="222" type="stmt"/>
          <line num="99" count="499" type="stmt"/>
          <line num="101" count="222" type="stmt"/>
          <line num="108" count="33" type="stmt"/>
          <line num="109" count="43" type="cond" truecount="3" falsecount="1"/>
          <line num="111" count="43" type="stmt"/>
          <line num="112" count="43" type="stmt"/>
          <line num="115" count="145" type="stmt"/>
          <line num="118" count="145" type="stmt"/>
          <line num="119" count="653" type="stmt"/>
          <line num="120" count="653" type="cond" truecount="2" falsecount="0"/>
          <line num="121" count="56" type="stmt"/>
          <line num="134" count="31" type="stmt"/>
          <line num="135" count="39" type="cond" truecount="3" falsecount="1"/>
          <line num="137" count="39" type="stmt"/>
          <line num="138" count="39" type="stmt"/>
          <line num="139" count="207" type="stmt"/>
          <line num="149" count="207" type="stmt"/>
          <line num="152" count="207" type="stmt"/>
          <line num="153" count="915" type="stmt"/>
          <line num="154" count="915" type="cond" truecount="5" falsecount="0"/>
          <line num="155" count="47" type="stmt"/>
          <line num="162" count="47" type="stmt"/>
          <line num="165" count="27" type="stmt"/>
          <line num="166" count="27" type="stmt"/>
          <line num="167" count="27" type="stmt"/>
          <line num="168" count="69" type="stmt"/>
          <line num="170" count="27" type="stmt"/>
          <line num="176" count="352" type="cond" truecount="2" falsecount="0"/>
          <line num="177" count="2" type="stmt"/>
        </file>
        <file name="data.deltaCalculator.service.ts" path="/home/travis/build/MaibornWolff/codecharta/visualization/app/codeCharta/core/data/data.deltaCalculator.service.ts">
          <metrics statements="72" coveredstatements="63" conditionals="28" coveredconditionals="22" methods="14" coveredmethods="14"/>
          <line num="19" count="93" type="stmt"/>
          <line num="24" count="10" type="stmt"/>
          <line num="25" count="42" type="cond" truecount="2" falsecount="0"/>
          <line num="27" count="13" type="stmt"/>
          <line num="28" count="13" type="stmt"/>
          <line num="29" count="13" type="stmt"/>
          <line num="36" count="13" type="stmt"/>
          <line num="38" count="13" type="stmt"/>
          <line num="39" count="13" type="stmt"/>
          <line num="40" count="13" type="stmt"/>
          <line num="43" count="13" type="stmt"/>
          <line num="45" count="9" type="stmt"/>
          <line num="47" count="9" type="cond" truecount="1" falsecount="1"/>
          <line num="49" count="9" type="cond" truecount="2" falsecount="0"/>
          <line num="50" count="18" type="stmt"/>
          <line num="51" count="18" type="cond" truecount="2" falsecount="0"/>
          <line num="53" count="9" type="stmt"/>
          <line num="54" count="9" type="stmt"/>
          <line num="55" count="9" type="stmt"/>
          <line num="56" count="9" type="stmt"/>
          <line num="61" count="0" type="stmt"/>
          <line num="64" count="9" type="cond" truecount="1" falsecount="1"/>
          <line num="66" count="0" type="stmt"/>
          <line num="68" count="0" type="stmt"/>
          <line num="78" count="0" type="stmt"/>
          <line num="79" count="0" type="stmt"/>
          <line num="81" count="0" type="stmt"/>
          <line num="82" count="0" type="stmt"/>
          <line num="85" count="0" type="stmt"/>
          <line num="91" count="13" type="cond" truecount="1" falsecount="1"/>
          <line num="92" count="0" type="stmt"/>
          <line num="94" count="13" type="stmt"/>
          <line num="101" count="7" type="cond" truecount="6" falsecount="0"/>
          <line num="102" count="2" type="stmt"/>
          <line num="106" count="5" type="stmt"/>
          <line num="107" count="5" type="stmt"/>
          <line num="110" count="5" type="stmt"/>
          <line num="111" count="5" type="stmt"/>
          <line num="112" count="15" type="stmt"/>
          <line num="115" count="5" type="stmt"/>
          <line num="116" count="5" type="stmt"/>
          <line num="117" count="26" type="stmt"/>
          <line num="121" count="5" type="stmt"/>
          <line num="122" count="5" type="stmt"/>
          <line num="125" count="5" type="stmt"/>
          <line num="126" count="27" type="stmt"/>
          <line num="127" count="27" type="stmt"/>
          <line num="128" count="27" type="stmt"/>
          <line num="135" count="51" type="stmt"/>
          <line num="136" count="51" type="stmt"/>
          <line num="137" count="287" type="cond" truecount="2" falsecount="0"/>
          <line num="138" count="236" type="stmt"/>
          <line num="147" count="13" type="stmt"/>
          <line num="148" count="13" type="stmt"/>
          <line num="151" count="13" type="stmt"/>
          <line num="152" count="43" type="cond" truecount="1" falsecount="1"/>
          <line num="153" count="43" type="stmt"/>
          <line num="157" count="13" type="stmt"/>
          <line num="160" count="13" type="stmt"/>
          <line num="161" count="13" type="stmt"/>
          <line num="162" count="52" type="cond" truecount="1" falsecount="1"/>
          <line num="163" count="52" type="stmt"/>
          <line num="166" count="13" type="stmt"/>
          <line num="169" count="13" type="stmt"/>
          <line num="174" count="58" type="stmt"/>
          <line num="175" count="58" type="stmt"/>
          <line num="176" count="214" type="cond" truecount="1" falsecount="1"/>
          <line num="177" count="214" type="cond" truecount="2" falsecount="0"/>
          <line num="178" count="214" type="stmt"/>
          <line num="179" count="214" type="stmt"/>
          <line num="180" count="214" type="stmt"/>
          <line num="183" count="58" type="stmt"/>
        </file>
        <file name="data.loading.service.ts" path="/home/travis/build/MaibornWolff/codecharta/visualization/app/codeCharta/core/data/data.loading.service.ts">
          <metrics statements="7" coveredstatements="7" conditionals="7" coveredconditionals="7" methods="5" coveredmethods="5"/>
          <line num="12" count="6" type="stmt"/>
          <line num="25" count="6" type="stmt"/>
          <line num="27" count="6" type="stmt"/>
          <line num="30" count="3" type="stmt"/>
          <line num="39" count="3" type="stmt"/>
          <line num="41" count="3" type="stmt"/>
          <line num="44" count="3" type="stmt"/>
        </file>
        <file name="data.mocks.ts" path="/home/travis/build/MaibornWolff/codecharta/visualization/app/codeCharta/core/data/data.mocks.ts">
          <metrics statements="6" coveredstatements="6" conditionals="0" coveredconditionals="0" methods="0" coveredmethods="0"/>
          <line num="3" count="5" type="stmt"/>
          <line num="34" count="5" type="stmt"/>
          <line num="53" count="5" type="stmt"/>
          <line num="59" count="5" type="stmt"/>
          <line num="67" count="5" type="stmt"/>
          <line num="103" count="5" type="stmt"/>
        </file>
        <file name="data.module.ts" path="/home/travis/build/MaibornWolff/codecharta/visualization/app/codeCharta/core/data/data.module.ts">
          <metrics statements="6" coveredstatements="6" conditionals="0" coveredconditionals="0" methods="0" coveredmethods="0"/>
          <line num="11" count="13" type="stmt"/>
          <line num="13" count="13" type="stmt"/>
          <line num="17" count="13" type="stmt"/>
          <line num="22" count="13" type="stmt"/>
          <line num="26" count="13" type="stmt"/>
          <line num="30" count="13" type="stmt"/>
        </file>
        <file name="data.service.ts" path="/home/travis/build/MaibornWolff/codecharta/visualization/app/codeCharta/core/data/data.service.ts">
          <metrics statements="74" coveredstatements="65" conditionals="29" coveredconditionals="20" methods="25" coveredmethods="20"/>
          <line num="29" count="86" type="stmt"/>
          <line num="30" count="86" type="stmt"/>
          <line num="31" count="86" type="stmt"/>
          <line num="34" count="86" type="stmt"/>
          <line num="35" count="86" type="stmt"/>
          <line num="36" count="86" type="stmt"/>
          <line num="38" count="86" type="stmt"/>
          <line num="47" count="28" type="stmt"/>
          <line num="48" count="28" type="stmt"/>
          <line num="49" count="28" type="stmt"/>
          <line num="50" count="28" type="stmt"/>
          <line num="51" count="28" type="stmt"/>
          <line num="52" count="28" type="stmt"/>
          <line num="53" count="28" type="stmt"/>
          <line num="54" count="28" type="stmt"/>
          <line num="55" count="28" type="stmt"/>
          <line num="59" count="34" type="cond" truecount="2" falsecount="0"/>
          <line num="60" count="33" type="stmt"/>
          <line num="61" count="33" type="stmt"/>
          <line num="62" count="33" type="stmt"/>
          <line num="63" count="33" type="stmt"/>
          <line num="64" count="33" type="stmt"/>
          <line num="69" count="8" type="cond" truecount="2" falsecount="0"/>
          <line num="70" count="6" type="stmt"/>
          <line num="71" count="6" type="stmt"/>
          <line num="72" count="6" type="stmt"/>
          <line num="73" count="6" type="stmt"/>
          <line num="78" count="41" type="cond" truecount="2" falsecount="0"/>
          <line num="79" count="40" type="stmt"/>
          <line num="81" count="41" type="cond" truecount="5" falsecount="0"/>
          <line num="82" count="4" type="stmt"/>
          <line num="87" count="2" type="cond" truecount="2" falsecount="0"/>
          <line num="88" count="1" type="stmt"/>
          <line num="89" count="1" type="stmt"/>
          <line num="94" count="3" type="cond" truecount="2" falsecount="0"/>
          <line num="95" count="2" type="stmt"/>
          <line num="97" count="2" type="stmt"/>
          <line num="103" count="149" type="stmt"/>
          <line num="107" count="56" type="stmt"/>
          <line num="108" count="4" type="stmt"/>
          <line num="113" count="26" type="stmt"/>
          <line num="119" count="0" type="stmt"/>
          <line num="123" count="0" type="stmt"/>
          <line num="127" count="0" type="stmt"/>
          <line num="131" count="0" type="stmt"/>
          <line num="136" count="0" type="cond" truecount="0" falsecount="4"/>
          <line num="137" count="0" type="stmt"/>
          <line num="138" count="0" type="cond" truecount="0" falsecount="4"/>
          <line num="139" count="0" type="stmt"/>
          <line num="143" count="0" type="stmt"/>
          <line num="148" count="31" type="cond" truecount="2" falsecount="0"/>
          <line num="149" count="1" type="stmt"/>
          <line num="150" count="1" type="stmt"/>
          <line num="153" count="30" type="stmt"/>
          <line num="155" count="30" type="stmt"/>
          <line num="156" count="38" type="stmt"/>
          <line num="159" count="30" type="stmt"/>
          <line num="160" count="126" type="cond" truecount="1" falsecount="1"/>
          <line num="163" count="30" type="stmt"/>
          <line num="164" count="96" type="stmt"/>
          <line num="165" count="431" type="stmt"/>
          <line num="169" count="30" type="stmt"/>
          <line num="176" count="2" type="stmt"/>
          <line num="177" count="2" type="stmt"/>
          <line num="178" count="2" type="stmt"/>
          <line num="179" count="2" type="stmt"/>
          <line num="180" count="2" type="stmt"/>
          <line num="184" count="2" type="stmt"/>
          <line num="186" count="2" type="stmt"/>
          <line num="187" count="4" type="stmt"/>
          <line num="188" count="4" type="stmt"/>
          <line num="189" count="16" type="cond" truecount="2" falsecount="0"/>
          <line num="190" count="4" type="stmt"/>
          <line num="195" count="2" type="stmt"/>
        </file>
        <file name="data.validator.service.ts" path="/home/travis/build/MaibornWolff/codecharta/visualization/app/codeCharta/core/data/data.validator.service.ts">
          <metrics statements="17" coveredstatements="17" conditionals="12" coveredconditionals="11" methods="4" coveredmethods="4"/>
          <line num="25" count="40" type="cond" truecount="4" falsecount="0"/>
          <line num="27" count="15" type="stmt"/>
          <line num="28" count="15" type="stmt"/>
          <line num="29" count="30" type="stmt"/>
          <line num="31" count="15" type="cond" truecount="2" falsecount="0"/>
          <line num="33" count="14" type="stmt"/>
          <line num="34" count="28" type="cond" truecount="1" falsecount="1"/>
          <line num="36" count="14" type="stmt"/>
          <line num="46" count="16" type="stmt"/>
          <line num="48" count="16" type="stmt"/>
          <line num="49" count="16" type="stmt"/>
          <line num="50" count="16" type="stmt"/>
          <line num="53" count="16" type="cond" truecount="2" falsecount="0"/>
          <line num="54" count="1" type="stmt"/>
          <line num="60" count="11" type="cond" truecount="2" falsecount="0"/>
          <line num="61" count="7" type="stmt"/>
          <line num="63" count="4" type="stmt"/>
        </file>
      </package>
      <package name="app.codeCharta.core.data.model">
        <metrics statements="5" coveredstatements="5" conditionals="4" coveredconditionals="4" methods="2" coveredmethods="2"/>
        <file name="CodeMap.ts" path="/home/travis/build/MaibornWolff/codecharta/visualization/app/codeCharta/core/data/model/CodeMap.ts">
          <metrics statements="5" coveredstatements="5" conditionals="4" coveredconditionals="4" methods="2" coveredmethods="2"/>
          <line num="46" count="9" type="cond" truecount="2" falsecount="0"/>
          <line num="47" count="9" type="stmt"/>
          <line num="55" count="9" type="cond" truecount="2" falsecount="0"/>
          <line num="56" count="9" type="stmt"/>
          <line num="57" count="9" type="stmt"/>
        </file>
      </package>
      <package name="app.codeCharta.core.download">
        <metrics statements="31" coveredstatements="2" conditionals="4" coveredconditionals="0" methods="7" coveredmethods="0"/>
        <file name="download.module.ts" path="/home/travis/build/MaibornWolff/codecharta/visualization/app/codeCharta/core/download/download.module.ts">
          <metrics statements="1" coveredstatements="1" conditionals="0" coveredconditionals="0" methods="0" coveredmethods="0"/>
          <line num="8" count="2" type="stmt"/>
        </file>
        <file name="download.service.ts" path="/home/travis/build/MaibornWolff/codecharta/visualization/app/codeCharta/core/download/download.service.ts">
          <metrics statements="30" coveredstatements="1" conditionals="4" coveredconditionals="0" methods="7" coveredmethods="0"/>
          <line num="8" count="2" type="stmt"/>
          <line num="11" count="0" type="stmt"/>
          <line num="15" count="0" type="stmt"/>
          <line num="16" count="0" type="stmt"/>
          <line num="17" count="0" type="stmt"/>
          <line num="18" count="0" type="stmt"/>
          <line num="19" count="0" type="stmt"/>
          <line num="23" count="0" type="cond" truecount="0" falsecount="2"/>
          <line num="24" count="0" type="stmt"/>
          <line num="26" count="0" type="stmt"/>
          <line num="30" count="0" type="stmt"/>
          <line num="31" count="0" type="stmt"/>
          <line num="32" count="0" type="stmt"/>
          <line num="34" count="0" type="stmt"/>
          <line num="38" count="0" type="stmt"/>
          <line num="39" count="0" type="stmt"/>
          <line num="41" count="0" type="stmt"/>
          <line num="42" count="0" type="stmt"/>
          <line num="44" count="0" type="stmt"/>
          <line num="53" count="0" type="stmt"/>
          <line num="57" count="0" type="cond" truecount="0" falsecount="2"/>
          <line num="58" count="0" type="stmt"/>
          <line num="61" count="0" type="stmt"/>
          <line num="62" count="0" type="stmt"/>
          <line num="63" count="0" type="stmt"/>
          <line num="65" count="0" type="stmt"/>
          <line num="66" count="0" type="stmt"/>
          <line num="67" count="0" type="stmt"/>
          <line num="68" count="0" type="stmt"/>
          <line num="69" count="0" type="stmt"/>
        </file>
      </package>
      <package name="app.codeCharta.core.multipleFile">
        <metrics statements="57" coveredstatements="53" conditionals="33" coveredconditionals="28" methods="5" coveredmethods="5"/>
        <file name="multipleFile.module.ts" path="/home/travis/build/MaibornWolff/codecharta/visualization/app/codeCharta/core/multipleFile/multipleFile.module.ts">
          <metrics statements="1" coveredstatements="1" conditionals="0" coveredconditionals="0" methods="0" coveredmethods="0"/>
          <line num="7" count="3" type="stmt"/>
        </file>
        <file name="multipleFile.service.ts" path="/home/travis/build/MaibornWolff/codecharta/visualization/app/codeCharta/core/multipleFile/multipleFile.service.ts">
          <metrics statements="56" coveredstatements="52" conditionals="33" coveredconditionals="28" methods="5" coveredmethods="5"/>
          <line num="10" count="3" type="stmt"/>
          <line num="12" count="9" type="stmt"/>
          <line num="19" count="8" type="cond" truecount="2" falsecount="0"/>
          <line num="21" count="7" type="stmt"/>
          <line num="22" count="7" type="stmt"/>
          <line num="24" count="7" type="stmt"/>
          <line num="25" count="7" type="stmt"/>
          <line num="27" count="7" type="stmt"/>
          <line num="28" count="16" type="stmt"/>
          <line num="29" count="16" type="stmt"/>
          <line num="30" count="16" type="cond" truecount="2" falsecount="0"/>
          <line num="31" count="7" type="cond" truecount="2" falsecount="0"/>
          <line num="32" count="5" type="stmt"/>
          <line num="34" count="7" type="stmt"/>
          <line num="35" count="8" type="stmt"/>
          <line num="36" count="8" type="stmt"/>
          <line num="37" count="8" type="stmt"/>
          <line num="38" count="8" type="stmt"/>
          <line num="40" count="8" type="cond" truecount="1" falsecount="1"/>
          <line num="41" count="0" type="stmt"/>
          <line num="43" count="8" type="cond" truecount="1" falsecount="1"/>
          <line num="44" count="0" type="stmt"/>
          <line num="47" count="8" type="stmt"/>
          <line num="50" count="16" type="cond" truecount="5" falsecount="0"/>
          <line num="51" count="3" type="stmt"/>
          <line num="52" count="3" type="stmt"/>
          <line num="54" count="3" type="stmt"/>
          <line num="55" count="3" type="stmt"/>
          <line num="61" count="7" type="stmt"/>
          <line num="74" count="7" type="cond" truecount="2" falsecount="0"/>
          <line num="75" count="5" type="stmt"/>
          <line num="78" count="7" type="cond" truecount="4" falsecount="0"/>
          <line num="79" count="2" type="stmt"/>
          <line num="85" count="7" type="stmt"/>
          <line num="86" count="16" type="stmt"/>
          <line num="88" count="7" type="stmt"/>
          <line num="93" count="16" type="stmt"/>
          <line num="94" count="16" type="stmt"/>
          <line num="96" count="16" type="stmt"/>
          <line num="98" count="64" type="cond" truecount="2" falsecount="0"/>
          <line num="99" count="16" type="stmt"/>
          <line num="101" count="48" type="cond" truecount="1" falsecount="1"/>
          <line num="102" count="0" type="stmt"/>
          <line num="104" count="48" type="cond" truecount="2" falsecount="0"/>
          <line num="105" count="32" type="stmt"/>
          <line num="109" count="16" type="stmt"/>
          <line num="111" count="16" type="stmt"/>
          <line num="115" count="32" type="stmt"/>
          <line num="116" count="48" type="cond" truecount="1" falsecount="1"/>
          <line num="117" count="0" type="stmt"/>
          <line num="120" count="48" type="cond" truecount="2" falsecount="0"/>
          <line num="121" count="16" type="stmt"/>
          <line num="127" count="16" type="stmt"/>
          <line num="128" count="16" type="cond" truecount="1" falsecount="1"/>
          <line num="129" count="16" type="stmt"/>
          <line num="130" count="16" type="stmt"/>
        </file>
      </package>
      <package name="app.codeCharta.core.scenario">
        <metrics statements="23" coveredstatements="20" conditionals="11" coveredconditionals="10" methods="12" coveredmethods="11"/>
        <file name="scenario.data.ts" path="/home/travis/build/MaibornWolff/codecharta/visualization/app/codeCharta/core/scenario/scenario.data.ts">
          <metrics statements="1" coveredstatements="1" conditionals="0" coveredconditionals="0" methods="1" coveredmethods="1"/>
          <line num="8" count="9" type="stmt"/>
        </file>
        <file name="scenario.module.ts" path="/home/travis/build/MaibornWolff/codecharta/visualization/app/codeCharta/core/scenario/scenario.module.ts">
          <metrics statements="2" coveredstatements="2" conditionals="0" coveredconditionals="0" methods="0" coveredmethods="0"/>
          <line num="10" count="3" type="stmt"/>
          <line num="15" count="3" type="stmt"/>
        </file>
        <file name="scenario.service.ts" path="/home/travis/build/MaibornWolff/codecharta/visualization/app/codeCharta/core/scenario/scenario.service.ts">
          <metrics statements="20" coveredstatements="17" conditionals="11" coveredconditionals="10" methods="11" coveredmethods="10"/>
          <line num="18" count="18" type="stmt"/>
          <line num="21" count="18" type="stmt"/>
          <line num="22" count="18" type="stmt"/>
          <line num="23" count="18" type="stmt"/>
          <line num="24" count="18" type="stmt"/>
          <line num="35" count="6" type="cond" truecount="2" falsecount="0"/>
          <line num="36" count="3" type="stmt"/>
          <line num="37" count="3" type="stmt"/>
          <line num="46" count="1" type="stmt"/>
          <line num="47" count="1" type="cond" truecount="1" falsecount="1"/>
          <line num="48" count="0" type="stmt"/>
          <line num="49" count="0" type="stmt"/>
          <line num="50" count="0" type="stmt"/>
          <line num="60" count="8" type="stmt"/>
          <line num="64" count="11" type="cond" truecount="4" falsecount="0"/>
          <line num="65" count="1" type="stmt"/>
          <line num="67" count="40" type="cond" truecount="3" falsecount="0"/>
          <line num="68" count="34" type="stmt"/>
          <line num="69" count="34" type="stmt"/>
          <line num="77" count="1" type="stmt"/>
        </file>
      </package>
      <package name="app.codeCharta.core.settings">
        <metrics statements="140" coveredstatements="119" conditionals="84" coveredconditionals="67" methods="24" coveredmethods="19"/>
        <file name="settings.module.ts" path="/home/travis/build/MaibornWolff/codecharta/visualization/app/codeCharta/core/settings/settings.module.ts">
          <metrics statements="1" coveredstatements="1" conditionals="0" coveredconditionals="0" methods="0" coveredmethods="0"/>
          <line num="10" count="8" type="stmt"/>
        </file>
        <file name="settings.service.ts" path="/home/travis/build/MaibornWolff/codecharta/visualization/app/codeCharta/core/settings/settings.service.ts">
          <metrics statements="139" coveredstatements="118" conditionals="84" coveredconditionals="67" methods="24" coveredmethods="19"/>
          <line num="23" count="18" type="cond" truecount="2" falsecount="0"/>
          <line num="24" count="18" type="stmt"/>
          <line num="25" count="18" type="stmt"/>
          <line num="26" count="18" type="stmt"/>
          <line num="58" count="18" type="stmt"/>
          <line num="59" count="18" type="stmt"/>
          <line num="60" count="18" type="stmt"/>
          <line num="66" count="55" type="stmt"/>
          <line num="69" count="55" type="stmt"/>
          <line num="70" count="55" type="stmt"/>
          <line num="72" count="55" type="stmt"/>
          <line num="74" count="55" type="stmt"/>
          <line num="75" count="55" type="stmt"/>
          <line num="76" count="55" type="stmt"/>
          <line num="81" count="0" type="stmt"/>
          <line num="82" count="0" type="stmt"/>
          <line num="88" count="55" type="stmt"/>
          <line num="94" count="55" type="stmt"/>
          <line num="98" count="55" type="stmt"/>
          <line num="102" count="55" type="stmt"/>
          <line num="104" count="55" type="stmt"/>
          <line num="125" count="55" type="stmt"/>
          <line num="130" count="0" type="stmt"/>
          <line num="134" count="0" type="stmt"/>
          <line num="145" count="3" type="cond" truecount="4" falsecount="1"/>
          <line num="146" count="3" type="stmt"/>
          <line num="147" count="3" type="stmt"/>
          <line num="149" count="3" type="cond" truecount="2" falsecount="0"/>
          <line num="151" count="2" type="stmt"/>
          <line num="154" count="3" type="cond" truecount="1" falsecount="1"/>
          <line num="156" count="3" type="stmt"/>
          <line num="159" count="3" type="cond" truecount="1" falsecount="1"/>
          <line num="161" count="3" type="stmt"/>
          <line num="164" count="3" type="stmt"/>
          <line num="170" count="1" type="cond" truecount="1" falsecount="1"/>
          <line num="175" count="1" type="stmt"/>
          <line num="176" count="1" type="stmt"/>
          <line num="177" count="1" type="stmt"/>
          <line num="190" count="3" type="stmt"/>
          <line num="192" count="3" type="cond" truecount="2" falsecount="2"/>
          <line num="193" count="0" type="stmt"/>
          <line num="194" count="0" type="stmt"/>
          <line num="195" count="3" type="cond" truecount="3" falsecount="1"/>
          <line num="196" count="0" type="stmt"/>
          <line num="197" count="0" type="stmt"/>
          <line num="200" count="3" type="stmt"/>
          <line num="209" count="2" type="stmt"/>
          <line num="211" count="2" type="stmt"/>
          <line num="212" count="52" type="stmt"/>
          <line num="213" count="56" type="cond" truecount="5" falsecount="0"/>
          <line num="215" count="54" type="cond" truecount="4" falsecount="0"/>
          <line num="218" count="50" type="stmt"/>
          <line num="221" count="54" type="stmt"/>
          <line num="223" count="54" type="cond" truecount="2" falsecount="0"/>
          <line num="225" count="3" type="cond" truecount="1" falsecount="1"/>
          <line num="226" count="0" type="stmt"/>
          <line num="227" count="3" type="cond" truecount="1" falsecount="1"/>
          <line num="228" count="0" type="stmt"/>
          <line num="229" count="3" type="cond" truecount="3" falsecount="1"/>
          <line num="231" count="3" type="stmt"/>
          <line num="233" count="3" type="cond" truecount="2" falsecount="0"/>
          <line num="234" count="1" type="stmt"/>
          <line num="237" count="3" type="stmt"/>
          <line num="239" count="0" type="stmt"/>
          <line num="249" count="2" type="stmt"/>
          <line num="252" count="2" type="stmt"/>
          <line num="270" count="12" type="cond" truecount="4" falsecount="0"/>
          <line num="271" count="5" type="stmt"/>
          <line num="273" count="5" type="stmt"/>
          <line num="274" count="5" type="stmt"/>
          <line num="275" count="5" type="stmt"/>
          <line num="276" count="5" type="stmt"/>
          <line num="277" count="15" type="stmt"/>
          <line num="278" count="15" type="cond" truecount="4" falsecount="0"/>
          <line num="279" count="12" type="stmt"/>
          <line num="283" count="5" type="stmt"/>
          <line num="286" count="5" type="stmt"/>
          <line num="290" count="7" type="cond" truecount="1" falsecount="1"/>
          <line num="293" count="12" type="stmt"/>
          <line num="301" count="3" type="stmt"/>
          <line num="303" count="3" type="stmt"/>
          <line num="304" count="72" type="stmt"/>
          <line num="305" count="84" type="cond" truecount="5" falsecount="0"/>
          <line num="307" count="81" type="cond" truecount="4" falsecount="0"/>
          <line num="310" count="69" type="stmt"/>
          <line num="313" count="81" type="cond" truecount="4" falsecount="0"/>
          <line num="316" count="66" type="stmt"/>
          <line num="325" count="3" type="stmt"/>
          <line num="327" count="3" type="stmt"/>
          <line num="340" count="1" type="cond" truecount="1" falsecount="1"/>
          <line num="341" count="1" type="stmt"/>
          <line num="345" count="0" type="stmt"/>
          <line num="346" count="0" type="cond" truecount="0" falsecount="2"/>
          <line num="347" count="0" type="stmt"/>
          <line num="348" count="0" type="stmt"/>
          <line num="351" count="0" type="stmt"/>
          <line num="352" count="0" type="stmt"/>
          <line num="354" count="0" type="stmt"/>
          <line num="355" count="0" type="cond" truecount="0" falsecount="2"/>
          <line num="356" count="0" type="stmt"/>
          <line num="357" count="0" type="stmt"/>
          <line num="370" count="1" type="stmt"/>
          <line num="371" count="1" type="stmt"/>
          <line num="372" count="1" type="stmt"/>
          <line num="374" count="1" type="stmt"/>
          <line num="375" count="1" type="stmt"/>
          <line num="376" count="1" type="stmt"/>
          <line num="378" count="1" type="stmt"/>
          <line num="379" count="1" type="stmt"/>
          <line num="380" count="1" type="stmt"/>
          <line num="382" count="1" type="stmt"/>
          <line num="383" count="1" type="stmt"/>
          <line num="384" count="1" type="stmt"/>
          <line num="386" count="1" type="stmt"/>
          <line num="387" count="1" type="stmt"/>
          <line num="388" count="1" type="stmt"/>
          <line num="389" count="1" type="stmt"/>
          <line num="390" count="1" type="stmt"/>
          <line num="391" count="1" type="stmt"/>
          <line num="392" count="1" type="stmt"/>
          <line num="393" count="1" type="stmt"/>
          <line num="394" count="1" type="stmt"/>
          <line num="395" count="1" type="stmt"/>
          <line num="396" count="1" type="stmt"/>
          <line num="399" count="1" type="cond" truecount="2" falsecount="0"/>
          <line num="401" count="1" type="stmt"/>
          <line num="407" count="58" type="stmt"/>
          <line num="417" count="182" type="stmt"/>
          <line num="425" count="2" type="stmt"/>
          <line num="426" count="2" type="stmt"/>
          <line num="427" count="2" type="stmt"/>
          <line num="428" count="2" type="stmt"/>
          <line num="429" count="2" type="stmt"/>
          <line num="430" count="2" type="stmt"/>
          <line num="440" count="8" type="stmt"/>
          <line num="441" count="8" type="stmt"/>
          <line num="442" count="18" type="cond" truecount="2" falsecount="0"/>
          <line num="443" count="2" type="stmt"/>
          <line num="447" count="8" type="stmt"/>
        </file>
      </package>
      <package name="app.codeCharta.core.statistic">
        <metrics statements="122" coveredstatements="118" conditionals="94" coveredconditionals="87" methods="14" coveredmethods="14"/>
        <file name="statistic.module.ts" path="/home/travis/build/MaibornWolff/codecharta/visualization/app/codeCharta/core/statistic/statistic.module.ts">
          <metrics statements="1" coveredstatements="1" conditionals="0" coveredconditionals="0" methods="0" coveredmethods="0"/>
          <line num="7" count="9" type="stmt"/>
        </file>
        <file name="statistic.service.ts" path="/home/travis/build/MaibornWolff/codecharta/visualization/app/codeCharta/core/statistic/statistic.service.ts">
          <metrics statements="121" coveredstatements="117" conditionals="94" coveredconditionals="87" methods="14" coveredmethods="14"/>
          <line num="8" count="21" type="cond" truecount="2" falsecount="0"/>
          <line num="9" count="21" type="stmt"/>
          <line num="10" count="21" type="stmt"/>
          <line num="11" count="21" type="stmt"/>
          <line num="12" count="21" type="stmt"/>
          <line num="13" count="21" type="stmt"/>
          <line num="14" count="21" type="stmt"/>
          <line num="20" count="21" type="stmt"/>
          <line num="22" count="8" type="stmt"/>
          <line num="35" count="15" type="cond" truecount="1" falsecount="1"/>
          <line num="36" count="15" type="cond" truecount="1" falsecount="1"/>
          <line num="37" count="0" type="stmt"/>
          <line num="39" count="15" type="stmt"/>
          <line num="40" count="15" type="cond" truecount="2" falsecount="0"/>
          <line num="41" count="5" type="stmt"/>
          <line num="44" count="10" type="stmt"/>
          <line num="45" count="10" type="stmt"/>
          <line num="47" count="10" type="stmt"/>
          <line num="48" count="10" type="stmt"/>
          <line num="51" count="30" type="stmt"/>
          <line num="53" count="30" type="cond" truecount="4" falsecount="0"/>
          <line num="54" count="10" type="stmt"/>
          <line num="57" count="30" type="stmt"/>
          <line num="59" count="10" type="stmt"/>
          <line num="61" count="30" type="stmt"/>
          <line num="63" count="10" type="stmt"/>
          <line num="64" count="10" type="stmt"/>
          <line num="65" count="10" type="stmt"/>
          <line num="66" count="10" type="stmt"/>
          <line num="75" count="120" type="stmt"/>
          <line num="76" count="120" type="stmt"/>
          <line num="77" count="450" type="cond" truecount="6" falsecount="0"/>
          <line num="78" count="270" type="stmt"/>
          <line num="80" count="180" type="cond" truecount="4" falsecount="0"/>
          <line num="81" count="10" type="stmt"/>
          <line num="84" count="120" type="cond" truecount="3" falsecount="1"/>
          <line num="85" count="120" type="stmt"/>
          <line num="86" count="180" type="stmt"/>
          <line num="89" count="120" type="cond" truecount="4" falsecount="0"/>
          <line num="90" count="60" type="cond" truecount="2" falsecount="0"/>
          <line num="91" count="10" type="stmt"/>
          <line num="93" count="60" type="stmt"/>
          <line num="95" count="90" type="stmt"/>
          <line num="96" count="110" type="stmt"/>
          <line num="98" count="110" type="cond" truecount="2" falsecount="0"/>
          <line num="100" count="75" type="stmt"/>
          <line num="101" count="75" type="stmt"/>
          <line num="102" count="75" type="stmt"/>
          <line num="106" count="90" type="cond" truecount="2" falsecount="0"/>
          <line num="107" count="15" type="stmt"/>
          <line num="109" count="15" type="stmt"/>
          <line num="114" count="120" type="stmt"/>
          <line num="125" count="120" type="cond" truecount="6" falsecount="0"/>
          <line num="127" count="60" type="stmt"/>
          <line num="128" count="180" type="stmt"/>
          <line num="133" count="60" type="stmt"/>
          <line num="134" count="90" type="stmt"/>
          <line num="135" count="160" type="cond" truecount="2" falsecount="0"/>
          <line num="136" count="90" type="stmt"/>
          <line num="141" count="120" type="stmt"/>
          <line num="149" count="55" type="cond" truecount="2" falsecount="0"/>
          <line num="150" count="10" type="stmt"/>
          <line num="152" count="45" type="cond" truecount="4" falsecount="0"/>
          <line num="153" count="20" type="stmt"/>
          <line num="154" count="35" type="stmt"/>
          <line num="157" count="25" type="cond" truecount="3" falsecount="1"/>
          <line num="158" count="25" type="stmt"/>
          <line num="160" count="55" type="stmt"/>
          <line num="170" count="55" type="cond" truecount="4" falsecount="0"/>
          <line num="171" count="25" type="stmt"/>
          <line num="172" count="75" type="stmt"/>
          <line num="175" count="30" type="cond" truecount="4" falsecount="0"/>
          <line num="177" count="20" type="stmt"/>
          <line num="178" count="35" type="stmt"/>
          <line num="181" count="10" type="cond" truecount="1" falsecount="1"/>
          <line num="182" count="10" type="stmt"/>
          <line num="184" count="55" type="stmt"/>
          <line num="194" count="75" type="stmt"/>
          <line num="196" count="15" type="stmt"/>
          <line num="198" count="15" type="stmt"/>
          <line num="200" count="15" type="stmt"/>
          <line num="202" count="15" type="stmt"/>
          <line num="204" count="15" type="stmt"/>
          <line num="206" count="0" type="stmt"/>
          <line num="208" count="0" type="stmt"/>
          <line num="216" count="15" type="stmt"/>
          <line num="217" count="15" type="stmt"/>
          <line num="218" count="42" type="cond" truecount="2" falsecount="0"/>
          <line num="219" count="36" type="stmt"/>
          <line num="222" count="15" type="stmt"/>
          <line num="223" count="15" type="stmt"/>
          <line num="231" count="15" type="stmt"/>
          <line num="232" count="42" type="cond" truecount="2" falsecount="0"/>
          <line num="233" count="36" type="cond" truecount="4" falsecount="0"/>
          <line num="234" count="18" type="stmt"/>
          <line num="238" count="15" type="stmt"/>
          <line num="246" count="15" type="stmt"/>
          <line num="247" count="42" type="cond" truecount="2" falsecount="0"/>
          <line num="248" count="36" type="cond" truecount="4" falsecount="0"/>
          <line num="249" count="15" type="stmt"/>
          <line num="253" count="15" type="stmt"/>
          <line num="260" count="15" type="stmt"/>
          <line num="261" count="15" type="stmt"/>
          <line num="263" count="15" type="stmt"/>
          <line num="264" count="42" type="cond" truecount="2" falsecount="0"/>
          <line num="265" count="36" type="cond" truecount="2" falsecount="0"/>
          <line num="266" count="18" type="stmt"/>
          <line num="269" count="18" type="stmt"/>
          <line num="273" count="15" type="stmt"/>
          <line num="274" count="18" type="cond" truecount="2" falsecount="0"/>
          <line num="275" count="15" type="stmt"/>
          <line num="276" count="15" type="stmt"/>
          <line num="279" count="15" type="stmt"/>
          <line num="286" count="42" type="stmt"/>
          <line num="288" count="15" type="stmt"/>
          <line num="289" count="15" type="cond" truecount="2" falsecount="0"/>
          <line num="290" count="9" type="stmt"/>
          <line num="292" count="6" type="cond" truecount="1" falsecount="1"/>
          <line num="293" count="0" type="stmt"/>
          <line num="296" count="6" type="stmt"/>
          <line num="298" count="15" type="stmt"/>
        </file>
      </package>
      <package name="app.codeCharta.core.tooltip">
        <metrics statements="19" coveredstatements="19" conditionals="2" coveredconditionals="2" methods="7" coveredmethods="7"/>
        <file name="tooltip.module.ts" path="/home/travis/build/MaibornWolff/codecharta/visualization/app/codeCharta/core/tooltip/tooltip.module.ts">
          <metrics statements="1" coveredstatements="1" conditionals="0" coveredconditionals="0" methods="0" coveredmethods="0"/>
          <line num="7" count="3" type="stmt"/>
        </file>
        <file name="tooltip.service.ts" path="/home/travis/build/MaibornWolff/codecharta/visualization/app/codeCharta/core/tooltip/tooltip.service.ts">
          <metrics statements="18" coveredstatements="18" conditionals="2" coveredconditionals="2" methods="7" coveredmethods="7"/>
          <line num="3" count="3" type="stmt"/>
          <line num="4" count="3" type="stmt"/>
          <line num="19" count="3" type="stmt"/>
          <line num="24" count="9" type="stmt"/>
          <line num="25" count="9" type="stmt"/>
          <line num="29" count="1" type="stmt"/>
          <line num="30" count="1" type="stmt"/>
          <line num="35" count="1" type="stmt"/>
          <line num="39" count="16" type="stmt"/>
          <line num="40" count="16" type="stmt"/>
          <line num="56" count="14" type="stmt"/>
          <line num="58" count="14" type="cond" truecount="2" falsecount="0"/>
          <line num="60" count="10" type="stmt"/>
          <line num="66" count="10" type="stmt"/>
          <line num="67" count="5" type="stmt"/>
          <line num="69" count="10" type="stmt"/>
          <line num="72" count="4" type="stmt"/>
          <line num="84" count="5" type="stmt"/>
        </file>
      </package>
      <package name="app.codeCharta.core.treemap">
        <metrics statements="73" coveredstatements="61" conditionals="71" coveredconditionals="59" methods="17" coveredmethods="14"/>
        <file name="treemap.module.ts" path="/home/travis/build/MaibornWolff/codecharta/visualization/app/codeCharta/core/treemap/treemap.module.ts">
          <metrics statements="2" coveredstatements="2" conditionals="0" coveredconditionals="0" methods="0" coveredmethods="0"/>
          <line num="8" count="2" type="stmt"/>
          <line num="10" count="2" type="stmt"/>
        </file>
        <file name="treemap.service.ts" path="/home/travis/build/MaibornWolff/codecharta/visualization/app/codeCharta/core/treemap/treemap.service.ts">
          <metrics statements="55" coveredstatements="44" conditionals="49" coveredconditionals="38" methods="13" coveredmethods="10"/>
          <line num="40" count="3" type="stmt"/>
          <line num="41" count="3" type="stmt"/>
          <line num="42" count="3" type="stmt"/>
          <line num="43" count="3" type="stmt"/>
          <line num="44" count="3" type="stmt"/>
          <line num="47" count="8" type="stmt"/>
          <line num="50" count="7" type="stmt"/>
          <line num="51" count="7" type="stmt"/>
          <line num="52" count="7" type="stmt"/>
          <line num="56" count="7" type="stmt"/>
          <line num="57" count="17" type="stmt"/>
          <line num="58" count="7" type="stmt"/>
          <line num="59" count="7" type="stmt"/>
          <line num="64" count="17" type="stmt"/>
          <line num="68" count="7" type="stmt"/>
          <line num="70" count="7" type="stmt"/>
          <line num="71" count="7" type="stmt"/>
          <line num="76" count="17" type="cond" truecount="1" falsecount="1"/>
          <line num="77" count="17" type="stmt"/>
          <line num="79" count="17" type="cond" truecount="4" falsecount="0"/>
          <line num="80" count="5" type="stmt"/>
          <line num="83" count="17" type="cond" truecount="3" falsecount="1"/>
          <line num="84" count="0" type="stmt"/>
          <line num="87" count="17" type="cond" truecount="1" falsecount="1"/>
          <line num="88" count="0" type="stmt"/>
          <line num="91" count="17" type="stmt"/>
          <line num="93" count="17" type="cond" truecount="4" falsecount="0"/>
          <line num="94" count="5" type="stmt"/>
          <line num="95" count="5" type="stmt"/>
          <line num="96" count="10" type="stmt"/>
          <line num="98" count="5" type="stmt"/>
          <line num="100" count="17" type="stmt"/>
          <line num="105" count="0" type="stmt"/>
          <line num="106" count="0" type="stmt"/>
          <line num="107" count="0" type="stmt"/>
          <line num="109" count="0" type="stmt"/>
          <line num="113" count="17" type="cond" truecount="5" falsecount="0"/>
          <line num="122" count="17" type="stmt"/>
          <line num="124" count="17" type="cond" truecount="1" falsecount="1"/>
          <line num="125" count="0" type="stmt"/>
          <line num="128" count="17" type="cond" truecount="2" falsecount="0"/>
          <line num="129" count="1" type="stmt"/>
          <line num="132" count="16" type="cond" truecount="4" falsecount="0"/>
          <line num="133" count="11" type="cond" truecount="4" falsecount="0"/>
          <line num="134" count="7" type="cond" truecount="1" falsecount="1"/>
          <line num="136" count="4" type="stmt"/>
          <line num="139" count="16" type="stmt"/>
          <line num="143" count="4" type="stmt"/>
          <line num="145" count="4" type="cond" truecount="1" falsecount="1"/>
          <line num="146" count="0" type="stmt"/>
          <line num="147" count="0" type="cond" truecount="0" falsecount="4"/>
          <line num="148" count="0" type="stmt"/>
          <line num="153" count="4" type="cond" truecount="1" falsecount="1"/>
          <line num="154" count="4" type="stmt"/>
          <line num="156" count="0" type="stmt"/>
        </file>
        <file name="treemap.util.ts" path="/home/travis/build/MaibornWolff/codecharta/visualization/app/codeCharta/core/treemap/treemap.util.ts">
          <metrics statements="16" coveredstatements="15" conditionals="22" coveredconditionals="21" methods="4" coveredmethods="4"/>
          <line num="7" count="9" type="stmt"/>
          <line num="8" count="9" type="cond" truecount="4" falsecount="0"/>
          <line num="9" count="4" type="stmt"/>
          <line num="10" count="5" type="stmt"/>
          <line num="13" count="9" type="stmt"/>
          <line num="17" count="53" type="cond" truecount="2" falsecount="0"/>
          <line num="30" count="23" type="cond" truecount="2" falsecount="0"/>
          <line num="31" count="1" type="stmt"/>
          <line num="34" count="23" type="cond" truecount="4" falsecount="0"/>
          <line num="35" count="1" type="stmt"/>
          <line num="38" count="23" type="stmt"/>
          <line num="64" count="1" type="stmt"/>
          <line num="66" count="1" type="stmt"/>
          <line num="68" count="1" type="cond" truecount="3" falsecount="1"/>
          <line num="70" count="0" type="stmt"/>
          <line num="73" count="1" type="stmt"/>
        </file>
      </package>
      <package name="app.codeCharta.core.url">
        <metrics statements="36" coveredstatements="31" conditionals="16" coveredconditionals="12" methods="11" coveredmethods="10"/>
        <file name="url.mocks.ts" path="/home/travis/build/MaibornWolff/codecharta/visualization/app/codeCharta/core/url/url.mocks.ts">
          <metrics statements="1" coveredstatements="1" conditionals="0" coveredconditionals="0" methods="0" coveredmethods="0"/>
          <line num="3" count="1" type="stmt"/>
        </file>
        <file name="url.module.ts" path="/home/travis/build/MaibornWolff/codecharta/visualization/app/codeCharta/core/url/url.module.ts">
          <metrics statements="1" coveredstatements="1" conditionals="0" coveredconditionals="0" methods="0" coveredmethods="0"/>
          <line num="7" count="9" type="stmt"/>
        </file>
        <file name="url.service.ts" path="/home/travis/build/MaibornWolff/codecharta/visualization/app/codeCharta/core/url/url.service.ts">
          <metrics statements="34" coveredstatements="29" conditionals="16" coveredconditionals="12" methods="11" coveredmethods="10"/>
          <line num="15" count="10" type="stmt"/>
          <line num="17" count="10" type="stmt"/>
          <line num="20" count="60" type="stmt"/>
          <line num="29" count="54" type="stmt"/>
          <line num="39" count="64" type="cond" truecount="2" falsecount="0"/>
          <line num="40" count="59" type="stmt"/>
          <line num="42" count="64" type="stmt"/>
          <line num="43" count="64" type="stmt"/>
          <line num="44" count="64" type="stmt"/>
          <line num="45" count="64" type="cond" truecount="2" falsecount="0"/>
          <line num="46" count="55" type="stmt"/>
          <line num="48" count="9" type="cond" truecount="1" falsecount="1"/>
          <line num="49" count="0" type="stmt"/>
          <line num="51" count="9" type="stmt"/>
          <line num="59" count="60" type="stmt"/>
          <line num="68" count="3" type="stmt"/>
          <line num="70" count="3" type="cond" truecount="1" falsecount="1"/>
          <line num="71" count="0" type="stmt"/>
          <line num="74" count="3" type="cond" truecount="2" falsecount="0"/>
          <line num="75" count="2" type="stmt"/>
          <line num="78" count="3" type="stmt"/>
          <line num="80" count="3" type="stmt"/>
          <line num="81" count="4" type="stmt"/>
          <line num="82" count="4" type="stmt"/>
          <line num="86" count="3" type="stmt"/>
          <line num="96" count="4" type="stmt"/>
          <line num="98" count="4" type="cond" truecount="3" falsecount="1"/>
          <line num="99" count="4" type="stmt"/>
          <line num="101" count="4" type="cond" truecount="1" falsecount="1"/>
          <line num="102" count="4" type="stmt"/>
          <line num="103" count="4" type="stmt"/>
          <line num="105" count="0" type="stmt"/>
          <line num="108" count="0" type="stmt"/>
          <line num="112" count="0" type="stmt"/>
        </file>
      </package>
      <package name="app.codeCharta.e2e">
        <metrics statements="5" coveredstatements="0" conditionals="0" coveredconditionals="0" methods="7" coveredmethods="0"/>
        <file name="logo.po.ts" path="/home/travis/build/MaibornWolff/codecharta/visualization/app/codeCharta/e2e/logo.po.ts">
          <metrics statements="5" coveredstatements="0" conditionals="0" coveredconditionals="0" methods="7" coveredmethods="0"/>
          <line num="3" count="0" type="stmt"/>
          <line num="6" count="0" type="stmt"/>
          <line num="7" count="0" type="stmt"/>
          <line num="11" count="0" type="stmt"/>
          <line num="15" count="0" type="stmt"/>
        </file>
      </package>
      <package name="app.codeCharta.ui">
        <metrics statements="1" coveredstatements="1" conditionals="0" coveredconditionals="0" methods="0" coveredmethods="0"/>
        <file name="ui.ts" path="/home/travis/build/MaibornWolff/codecharta/visualization/app/codeCharta/ui/ui.ts">
          <metrics statements="1" coveredstatements="1" conditionals="0" coveredconditionals="0" methods="0" coveredmethods="0"/>
          <line num="31" count="1" type="stmt"/>
        </file>
      </package>
      <package name="app.codeCharta.ui.blacklistPanel">
        <metrics statements="29" coveredstatements="28" conditionals="18" coveredconditionals="12" methods="10" coveredmethods="9"/>
        <file name="blacklistPanel.component.ts" path="/home/travis/build/MaibornWolff/codecharta/visualization/app/codeCharta/ui/blacklistPanel/blacklistPanel.component.ts">
          <metrics statements="28" coveredstatements="27" conditionals="18" coveredconditionals="12" methods="10" coveredmethods="9"/>
          <line num="12" count="6" type="stmt"/>
          <line num="18" count="6" type="stmt"/>
          <line num="19" count="6" type="stmt"/>
          <line num="20" count="6" type="stmt"/>
          <line num="22" count="6" type="cond" truecount="1" falsecount="1"/>
          <line num="23" count="6" type="stmt"/>
          <line num="28" count="4" type="stmt"/>
          <line num="32" count="1" type="cond" truecount="1" falsecount="1"/>
          <line num="33" count="1" type="stmt"/>
          <line num="38" count="1" type="stmt"/>
          <line num="39" count="1" type="stmt"/>
          <line num="43" count="6" type="cond" truecount="2" falsecount="0"/>
          <line num="44" count="3" type="stmt"/>
          <line num="47" count="3" type="stmt"/>
          <line num="52" count="36" type="stmt"/>
          <line num="54" count="6" type="cond" truecount="2" falsecount="0"/>
          <line num="55" count="1" type="stmt"/>
          <line num="56" count="5" type="cond" truecount="2" falsecount="0"/>
          <line num="57" count="1" type="stmt"/>
          <line num="58" count="4" type="cond" truecount="2" falsecount="0"/>
          <line num="59" count="1" type="stmt"/>
          <line num="61" count="3" type="stmt"/>
          <line num="62" count="3" type="stmt"/>
          <line num="64" count="3" type="stmt"/>
          <line num="68" count="4" type="stmt"/>
          <line num="69" count="1" type="cond" truecount="2" falsecount="0"/>
          <line num="75" count="0" type="cond" truecount="0" falsecount="4"/>
          <line num="79" count="2" type="stmt"/>
        </file>
        <file name="blacklistPanel.ts" path="/home/travis/build/MaibornWolff/codecharta/visualization/app/codeCharta/ui/blacklistPanel/blacklistPanel.ts">
          <metrics statements="1" coveredstatements="1" conditionals="0" coveredconditionals="0" methods="0" coveredmethods="0"/>
          <line num="8" count="1" type="stmt"/>
        </file>
      </package>
      <package name="app.codeCharta.ui.codeMap">
        <metrics statements="248" coveredstatements="169" conditionals="122" coveredconditionals="73" methods="82" coveredmethods="57"/>
        <file name="codeMap.actions.service.ts" path="/home/travis/build/MaibornWolff/codecharta/visualization/app/codeCharta/ui/codeMap/codeMap.actions.service.ts">
          <metrics statements="61" coveredstatements="59" conditionals="27" coveredconditionals="26" methods="32" coveredmethods="30"/>
          <line num="9" count="3" type="stmt"/>
          <line num="12" count="60" type="stmt"/>
          <line num="13" count="60" type="stmt"/>
          <line num="14" count="60" type="stmt"/>
          <line num="20" count="2" type="cond" truecount="2" falsecount="0"/>
          <line num="21" count="1" type="stmt"/>
          <line num="23" count="1" type="stmt"/>
          <line num="28" count="3" type="stmt"/>
          <line num="29" count="3" type="stmt"/>
          <line num="30" count="7" type="cond" truecount="4" falsecount="0"/>
          <line num="31" count="6" type="stmt"/>
          <line num="32" count="6" type="cond" truecount="2" falsecount="0"/>
          <line num="33" count="2" type="stmt"/>
          <line num="37" count="3" type="stmt"/>
          <line num="38" count="3" type="stmt"/>
          <line num="42" count="2" type="stmt"/>
          <line num="43" count="2" type="stmt"/>
          <line num="44" count="6" type="cond" truecount="2" falsecount="0"/>
          <line num="45" count="3" type="stmt"/>
          <line num="46" count="3" type="cond" truecount="2" falsecount="0"/>
          <line num="47" count="2" type="stmt"/>
          <line num="51" count="2" type="stmt"/>
          <line num="52" count="2" type="stmt"/>
          <line num="56" count="4" type="stmt"/>
          <line num="57" count="4" type="stmt"/>
          <line num="61" count="1" type="stmt"/>
          <line num="62" count="1" type="stmt"/>
          <line num="66" count="3" type="cond" truecount="2" falsecount="0"/>
          <line num="67" count="1" type="stmt"/>
          <line num="69" count="2" type="stmt"/>
          <line num="70" count="2" type="stmt"/>
          <line num="71" count="2" type="stmt"/>
          <line num="76" count="2" type="stmt"/>
          <line num="77" count="2" type="stmt"/>
          <line num="78" count="2" type="stmt"/>
          <line num="82" count="2" type="stmt"/>
          <line num="83" count="2" type="stmt"/>
          <line num="87" count="2" type="stmt"/>
          <line num="88" count="8" type="stmt"/>
          <line num="89" count="2" type="stmt"/>
          <line num="93" count="6" type="stmt"/>
          <line num="94" count="19" type="stmt"/>
          <line num="96" count="6" type="cond" truecount="2" falsecount="0"/>
          <line num="97" count="5" type="stmt"/>
          <line num="102" count="5" type="stmt"/>
          <line num="106" count="2" type="stmt"/>
          <line num="110" count="1" type="stmt"/>
          <line num="114" count="3" type="stmt"/>
          <line num="118" count="3" type="cond" truecount="2" falsecount="0"/>
          <line num="122" count="6" type="stmt"/>
          <line num="126" count="8" type="cond" truecount="1" falsecount="1"/>
          <line num="127" count="8" type="stmt"/>
          <line num="128" count="24" type="cond" truecount="4" falsecount="0"/>
          <line num="129" count="16" type="stmt"/>
          <line num="132" count="8" type="stmt"/>
          <line num="137" count="27" type="cond" truecount="2" falsecount="0"/>
          <line num="141" count="27" type="stmt"/>
          <line num="145" count="26" type="stmt"/>
          <line num="146" count="0" type="stmt"/>
          <line num="151" count="4" type="stmt"/>
          <line num="152" count="0" type="stmt"/>
        </file>
        <file name="codeMap.component.ts" path="/home/travis/build/MaibornWolff/codecharta/visualization/app/codeCharta/ui/codeMap/codeMap.component.ts">
          <metrics statements="18" coveredstatements="1" conditionals="4" coveredconditionals="0" methods="5" coveredmethods="0"/>
          <line num="22" count="0" type="stmt"/>
          <line num="23" count="0" type="stmt"/>
          <line num="24" count="0" type="stmt"/>
          <line num="25" count="0" type="stmt"/>
          <line num="26" count="0" type="stmt"/>
          <line num="27" count="0" type="stmt"/>
          <line num="28" count="0" type="stmt"/>
          <line num="29" count="0" type="stmt"/>
          <line num="30" count="0" type="stmt"/>
          <line num="32" count="0" type="stmt"/>
          <line num="36" count="0" type="stmt"/>
          <line num="37" count="0" type="stmt"/>
          <line num="38" count="0" type="stmt"/>
          <line num="42" count="0" type="stmt"/>
          <line num="43" count="0" type="cond" truecount="0" falsecount="2"/>
          <line num="44" count="0" type="cond" truecount="0" falsecount="2"/>
          <line num="45" count="0" type="stmt"/>
          <line num="57" count="2" type="stmt"/>
        </file>
        <file name="codeMap.mouseEvent.service.ts" path="/home/travis/build/MaibornWolff/codecharta/visualization/app/codeCharta/ui/codeMap/codeMap.mouseEvent.service.ts">
          <metrics statements="76" coveredstatements="27" conditionals="38" coveredconditionals="2" methods="18" coveredmethods="6"/>
          <line num="28" count="6" type="stmt"/>
          <line num="30" count="7" type="stmt"/>
          <line num="31" count="7" type="stmt"/>
          <line num="32" count="7" type="stmt"/>
          <line num="33" count="7" type="stmt"/>
          <line num="36" count="7" type="stmt"/>
          <line num="37" count="7" type="stmt"/>
          <line num="38" count="7" type="stmt"/>
          <line num="39" count="7" type="stmt"/>
          <line num="40" count="7" type="stmt"/>
          <line num="41" count="7" type="stmt"/>
          <line num="42" count="7" type="stmt"/>
          <line num="43" count="7" type="stmt"/>
          <line num="44" count="7" type="stmt"/>
          <line num="45" count="7" type="stmt"/>
          <line num="50" count="12" type="stmt"/>
          <line num="51" count="0" type="stmt"/>
          <line num="54" count="12" type="stmt"/>
          <line num="55" count="0" type="stmt"/>
          <line num="58" count="12" type="stmt"/>
          <line num="59" count="0" type="stmt"/>
          <line num="65" count="1" type="stmt"/>
          <line num="66" count="1" type="stmt"/>
          <line num="67" count="1" type="stmt"/>
          <line num="68" count="1" type="stmt"/>
          <line num="72" count="0" type="stmt"/>
          <line num="74" count="0" type="cond" truecount="0" falsecount="2"/>
          <line num="75" count="0" type="stmt"/>
          <line num="77" count="0" type="stmt"/>
          <line num="78" count="0" type="stmt"/>
          <line num="80" count="0" type="cond" truecount="0" falsecount="2"/>
          <line num="81" count="0" type="stmt"/>
          <line num="84" count="0" type="stmt"/>
          <line num="87" count="0" type="cond" truecount="0" falsecount="2"/>
          <line num="88" count="0" type="stmt"/>
          <line num="89" count="0" type="stmt"/>
          <line num="95" count="0" type="stmt"/>
          <line num="96" count="0" type="stmt"/>
          <line num="97" count="0" type="stmt"/>
          <line num="98" count="0" type="stmt"/>
          <line num="103" count="0" type="cond" truecount="0" falsecount="2"/>
          <line num="105" count="0" type="stmt"/>
          <line num="107" count="0" type="cond" truecount="0" falsecount="2"/>
          <line num="108" count="0" type="stmt"/>
          <line num="109" count="0" type="stmt"/>
          <line num="112" count="0" type="cond" truecount="0" falsecount="4"/>
          <line num="113" count="0" type="stmt"/>
          <line num="114" count="0" type="stmt"/>
          <line num="117" count="0" type="cond" truecount="0" falsecount="2"/>
          <line num="124" count="0" type="cond" truecount="0" falsecount="2"/>
          <line num="125" count="0" type="stmt"/>
          <line num="126" count="0" type="cond" truecount="0" falsecount="2"/>
          <line num="127" count="0" type="stmt"/>
          <line num="132" count="0" type="stmt"/>
          <line num="141" count="0" type="stmt"/>
          <line num="145" count="0" type="cond" truecount="0" falsecount="2"/>
          <line num="146" count="0" type="stmt"/>
          <line num="148" count="0" type="stmt"/>
          <line num="150" count="0" type="cond" truecount="0" falsecount="2"/>
          <line num="151" count="0" type="stmt"/>
          <line num="162" count="0" type="cond" truecount="0" falsecount="4"/>
          <line num="163" count="0" type="cond" truecount="0" falsecount="4"/>
          <line num="164" count="0" type="stmt"/>
          <line num="168" count="0" type="stmt"/>
          <line num="170" count="0" type="cond" truecount="0" falsecount="2"/>
          <line num="171" count="0" type="stmt"/>
          <line num="174" count="0" type="stmt"/>
          <line num="179" count="0" type="stmt"/>
          <line num="181" count="0" type="cond" truecount="0" falsecount="2"/>
          <line num="182" count="0" type="stmt"/>
          <line num="185" count="0" type="stmt"/>
          <line num="190" count="3" type="stmt"/>
          <line num="191" count="3" type="stmt"/>
          <line num="192" count="2" type="cond" truecount="2" falsecount="0"/>
          <line num="193" count="1" type="stmt"/>
          <line num="199" count="1" type="stmt"/>
        </file>
        <file name="codeMap.render.service.ts" path="/home/travis/build/MaibornWolff/codecharta/visualization/app/codeCharta/ui/codeMap/codeMap.render.service.ts">
          <metrics statements="68" coveredstatements="64" conditionals="43" coveredconditionals="38" methods="16" coveredmethods="13"/>
          <line num="19" count="4" type="stmt"/>
          <line num="26" count="4" type="stmt"/>
          <line num="28" count="11" type="stmt"/>
          <line num="29" count="11" type="stmt"/>
          <line num="30" count="11" type="stmt"/>
          <line num="36" count="11" type="stmt"/>
          <line num="37" count="11" type="stmt"/>
          <line num="38" count="11" type="stmt"/>
          <line num="39" count="11" type="stmt"/>
          <line num="40" count="11" type="stmt"/>
          <line num="41" count="11" type="stmt"/>
          <line num="42" count="11" type="stmt"/>
          <line num="54" count="2" type="stmt"/>
          <line num="62" count="1" type="stmt"/>
          <line num="72" count="4" type="cond" truecount="9" falsecount="1"/>
          <line num="73" count="4" type="stmt"/>
          <line num="76" count="4" type="cond" truecount="5" falsecount="1"/>
          <line num="77" count="4" type="stmt"/>
          <line num="82" count="24" type="stmt"/>
          <line num="83" count="24" type="stmt"/>
          <line num="84" count="18" type="stmt"/>
          <line num="85" count="18" type="stmt"/>
          <line num="86" count="36" type="stmt"/>
          <line num="89" count="24" type="stmt"/>
          <line num="94" count="4" type="stmt"/>
          <line num="96" count="4" type="stmt"/>
          <line num="107" count="4" type="stmt"/>
          <line num="109" count="4" type="stmt"/>
          <line num="113" count="16" type="cond" truecount="3" falsecount="0"/>
          <line num="114" count="4" type="stmt"/>
          <line num="115" count="4" type="stmt"/>
          <line num="117" count="4" type="stmt"/>
          <line num="126" count="4" type="stmt"/>
          <line num="127" count="4" type="stmt"/>
          <line num="128" count="4" type="stmt"/>
          <line num="129" count="4" type="stmt"/>
          <line num="130" count="4" type="cond" truecount="2" falsecount="0"/>
          <line num="131" count="8" type="cond" truecount="2" falsecount="0"/>
          <line num="132" count="4" type="stmt"/>
          <line num="133" count="4" type="stmt"/>
          <line num="137" count="4" type="cond" truecount="4" falsecount="0"/>
          <line num="138" count="3" type="stmt"/>
          <line num="141" count="4" type="stmt"/>
          <line num="143" count="4" type="stmt"/>
          <line num="147" count="4" type="cond" truecount="1" falsecount="1"/>
          <line num="148" count="0" type="stmt"/>
          <line num="149" count="0" type="stmt"/>
          <line num="150" count="0" type="stmt"/>
          <line num="152" count="4" type="stmt"/>
          <line num="157" count="4" type="cond" truecount="4" falsecount="0"/>
          <line num="158" count="6" type="stmt"/>
          <line num="160" count="1" type="stmt"/>
          <line num="164" count="3" type="stmt"/>
          <line num="166" count="3" type="cond" truecount="3" falsecount="1"/>
          <line num="167" count="3" type="stmt"/>
          <line num="168" count="3" type="stmt"/>
          <line num="183" count="3" type="stmt"/>
          <line num="184" count="3" type="stmt"/>
          <line num="185" count="3" type="stmt"/>
          <line num="187" count="3" type="stmt"/>
          <line num="188" count="3" type="stmt"/>
          <line num="189" count="3" type="stmt"/>
          <line num="191" count="3" type="cond" truecount="1" falsecount="1"/>
          <line num="192" count="0" type="stmt"/>
          <line num="195" count="3" type="cond" truecount="2" falsecount="0"/>
          <line num="196" count="1" type="stmt"/>
          <line num="199" count="3" type="cond" truecount="2" falsecount="0"/>
          <line num="200" count="1" type="stmt"/>
        </file>
        <file name="codeMap.ts" path="/home/travis/build/MaibornWolff/codecharta/visualization/app/codeCharta/ui/codeMap/codeMap.ts">
          <metrics statements="1" coveredstatements="1" conditionals="0" coveredconditionals="0" methods="0" coveredmethods="0"/>
          <line num="12" count="2" type="stmt"/>
        </file>
        <file name="codeMap.util.service.ts" path="/home/travis/build/MaibornWolff/codecharta/visualization/app/codeCharta/ui/codeMap/codeMap.util.service.ts">
          <metrics statements="24" coveredstatements="17" conditionals="10" coveredconditionals="7" methods="11" coveredmethods="8"/>
          <line num="9" count="8" type="stmt"/>
          <line num="12" count="55" type="stmt"/>
          <line num="17" count="86" type="stmt"/>
          <line num="21" count="12" type="cond" truecount="1" falsecount="1"/>
          <line num="22" count="12" type="stmt"/>
          <line num="23" count="47" type="stmt"/>
          <line num="24" count="12" type="stmt"/>
          <line num="26" count="0" type="stmt"/>
          <line num="31" count="34" type="stmt"/>
          <line num="32" count="0" type="stmt"/>
          <line num="33" count="0" type="stmt"/>
          <line num="34" count="34" type="stmt"/>
          <line num="38" count="0" type="stmt"/>
          <line num="39" count="0" type="cond" truecount="0" falsecount="2"/>
          <line num="40" count="0" type="stmt"/>
          <line num="42" count="0" type="stmt"/>
          <line num="47" count="20" type="stmt"/>
          <line num="48" count="20" type="stmt"/>
          <line num="50" count="20" type="cond" truecount="2" falsecount="0"/>
          <line num="51" count="7" type="stmt"/>
          <line num="54" count="13" type="stmt"/>
          <line num="55" count="56" type="cond" truecount="4" falsecount="0"/>
          <line num="56" count="11" type="stmt"/>
          <line num="59" count="13" type="stmt"/>
        </file>
      </package>
      <package name="app.codeCharta.ui.codeMap.rendering">
        <metrics statements="397" coveredstatements="314" conditionals="81" coveredconditionals="44" methods="64" coveredmethods="44"/>
        <file name="arrowManager.ts" path="/home/travis/build/MaibornWolff/codecharta/visualization/app/codeCharta/ui/codeMap/rendering/arrowManager.ts">
          <metrics statements="59" coveredstatements="56" conditionals="16" coveredconditionals="16" methods="9" coveredmethods="9"/>
          <line num="11" count="13" type="stmt"/>
          <line num="12" count="13" type="stmt"/>
          <line num="16" count="8" type="stmt"/>
          <line num="17" count="8" type="stmt"/>
          <line num="18" count="1" type="stmt"/>
          <line num="23" count="1" type="stmt"/>
          <line num="24" count="1" type="stmt"/>
          <line num="25" count="1" type="stmt"/>
          <line num="26" count="2" type="cond" truecount="2" falsecount="0"/>
          <line num="27" count="1" type="stmt"/>
          <line num="30" count="1" type="stmt"/>
          <line num="35" count="8" type="stmt"/>
          <line num="37" count="8" type="stmt"/>
          <line num="38" count="10" type="stmt"/>
          <line num="39" count="10" type="stmt"/>
          <line num="40" count="10" type="cond" truecount="4" falsecount="0"/>
          <line num="41" count="3" type="stmt"/>
          <line num="48" count="8" type="stmt"/>
          <line num="50" count="8" type="stmt"/>
          <line num="51" count="15" type="stmt"/>
          <line num="54" count="8" type="stmt"/>
          <line num="58" count="18" type="stmt"/>
          <line num="59" count="18" type="stmt"/>
          <line num="60" count="18" type="stmt"/>
          <line num="61" count="19" type="stmt"/>
          <line num="62" count="19" type="stmt"/>
          <line num="64" count="18" type="stmt"/>
          <line num="69" count="5" type="cond" truecount="6" falsecount="0"/>
          <line num="71" count="4" type="stmt"/>
          <line num="72" count="4" type="stmt"/>
          <line num="73" count="4" type="stmt"/>
          <line num="75" count="4" type="stmt"/>
          <line num="76" count="4" type="stmt"/>
          <line num="77" count="4" type="stmt"/>
          <line num="79" count="4" type="stmt"/>
          <line num="80" count="4" type="stmt"/>
          <line num="81" count="4" type="stmt"/>
          <line num="83" count="4" type="stmt"/>
          <line num="84" count="4" type="stmt"/>
          <line num="85" count="4" type="stmt"/>
          <line num="87" count="4" type="stmt"/>
          <line num="94" count="4" type="stmt"/>
          <line num="96" count="4" type="stmt"/>
          <line num="97" count="4" type="stmt"/>
          <line num="107" count="4" type="stmt"/>
          <line num="110" count="4" type="stmt"/>
          <line num="111" count="4" type="stmt"/>
          <line num="112" count="4" type="stmt"/>
          <line num="113" count="4" type="stmt"/>
[...]
        <file name="rangeSlider.component.ts" path="/home/travis/build/MaibornWolff/codecharta/visualization/app/codeCharta/ui/rangeSlider/rangeSlider.component.ts">
          <metrics statements="17" coveredstatements="9" conditionals="1" coveredconditionals="1" methods="7" coveredmethods="4"/>
          <line num="11" count="5" type="stmt"/>
          <line num="12" count="5" type="stmt"/>
          <line num="15" count="5" type="stmt"/>
          <line num="16" count="5" type="stmt"/>
          <line num="18" count="5" type="stmt"/>
          <line num="19" count="1" type="stmt"/>
          <line num="25" count="0" type="stmt"/>
          <line num="29" count="7" type="stmt"/>
          <line num="39" count="0" type="stmt"/>
          <line num="41" count="0" type="stmt"/>
          <line num="44" count="0" type="stmt"/>
          <line num="46" count="0" type="stmt"/>
          <line num="50" count="0" type="stmt"/>
          <line num="53" count="0" type="stmt"/>
          <line num="55" count="0" type="stmt"/>
          <line num="59" count="1" type="stmt"/>
          <line num="64" count="2" type="stmt"/>
        </file>
        <file name="rangeSlider.ts" path="/home/travis/build/MaibornWolff/codecharta/visualization/app/codeCharta/ui/rangeSlider/rangeSlider.ts">
          <metrics statements="2" coveredstatements="2" conditionals="0" coveredconditionals="0" methods="0" coveredmethods="0"/>
          <line num="6" count="1" type="stmt"/>
          <line num="8" count="1" type="stmt"/>
        </file>
      </package>
      <package name="app.codeCharta.ui.regexFilter">
        <metrics statements="36" coveredstatements="3" conditionals="11" coveredconditionals="0" methods="10" coveredmethods="0"/>
        <file name="regexFilter.component.ts" path="/home/travis/build/MaibornWolff/codecharta/visualization/app/codeCharta/ui/regexFilter/regexFilter.component.ts">
          <metrics statements="35" coveredstatements="2" conditionals="11" coveredconditionals="0" methods="10" coveredmethods="0"/>
          <line num="11" count="1" type="stmt"/>
          <line num="13" count="0" type="stmt"/>
          <line num="15" count="0" type="stmt"/>
          <line num="21" count="0" type="stmt"/>
          <line num="22" count="0" type="stmt"/>
          <line num="23" count="0" type="stmt"/>
          <line num="26" count="0" type="stmt"/>
          <line num="27" count="0" type="stmt"/>
          <line num="28" count="0" type="stmt"/>
          <line num="33" count="0" type="stmt"/>
          <line num="34" count="0" type="stmt"/>
          <line num="38" count="0" type="stmt"/>
          <line num="42" count="0" type="stmt"/>
          <line num="43" count="0" type="stmt"/>
          <line num="47" count="0" type="stmt"/>
          <line num="48" count="0" type="cond" truecount="0" falsecount="2"/>
          <line num="49" count="0" type="stmt"/>
          <line num="50" count="0" type="stmt"/>
          <line num="52" count="0" type="stmt"/>
          <line num="54" count="0" type="stmt"/>
          <line num="57" count="0" type="stmt"/>
          <line num="63" count="0" type="stmt"/>
          <line num="64" count="0" type="stmt"/>
          <line num="65" count="0" type="stmt"/>
          <line num="67" count="0" type="cond" truecount="0" falsecount="2"/>
          <line num="68" count="0" type="stmt"/>
          <line num="69" count="0" type="stmt"/>
          <line num="71" count="0" type="stmt"/>
          <line num="76" count="0" type="stmt"/>
          <line num="78" count="0" type="cond" truecount="0" falsecount="2"/>
          <line num="79" count="0" type="stmt"/>
          <line num="84" count="0" type="cond" truecount="0" falsecount="4"/>
          <line num="85" count="0" type="stmt"/>
          <line num="86" count="0" type="stmt"/>
          <line num="93" count="1" type="stmt"/>
        </file>
        <file name="regexFilter.ts" path="/home/travis/build/MaibornWolff/codecharta/visualization/app/codeCharta/ui/regexFilter/regexFilter.ts">
          <metrics statements="1" coveredstatements="1" conditionals="0" coveredconditionals="0" methods="0" coveredmethods="0"/>
          <line num="7" count="1" type="stmt"/>
        </file>
      </package>
      <package name="app.codeCharta.ui.resetSettingsButton">
        <metrics statements="22" coveredstatements="22" conditionals="9" coveredconditionals="9" methods="5" coveredmethods="5"/>
        <file name="resetSettingsButton.component.ts" path="/home/travis/build/MaibornWolff/codecharta/visualization/app/codeCharta/ui/resetSettingsButton/resetSettingsButton.component.ts">
          <metrics statements="21" coveredstatements="21" conditionals="9" coveredconditionals="9" methods="5" coveredmethods="5"/>
          <line num="7" count="11" type="stmt"/>
          <line num="11" count="11" type="stmt"/>
          <line num="12" count="11" type="stmt"/>
          <line num="18" count="1" type="stmt"/>
          <line num="22" count="10" type="stmt"/>
          <line num="23" count="10" type="stmt"/>
          <line num="24" count="10" type="stmt"/>
          <line num="26" count="10" type="stmt"/>
          <line num="28" count="17" type="stmt"/>
          <line num="30" count="17" type="cond" truecount="2" falsecount="0"/>
          <line num="32" count="5" type="stmt"/>
          <line num="33" count="5" type="stmt"/>
          <line num="35" count="5" type="stmt"/>
          <line num="37" count="12" type="cond" truecount="4" falsecount="0"/>
          <line num="39" count="6" type="cond" truecount="2" falsecount="0"/>
          <line num="40" count="3" type="stmt"/>
          <line num="42" count="3" type="stmt"/>
          <line num="43" count="3" type="stmt"/>
          <line num="49" count="12" type="stmt"/>
          <line num="55" count="10" type="stmt"/>
          <line num="62" count="2" type="stmt"/>
        </file>
        <file name="resetSettingsButton.ts" path="/home/travis/build/MaibornWolff/codecharta/visualization/app/codeCharta/ui/resetSettingsButton/resetSettingsButton.ts">
          <metrics statements="1" coveredstatements="1" conditionals="0" coveredconditionals="0" methods="0" coveredmethods="0"/>
          <line num="7" count="1" type="stmt"/>
        </file>
      </package>
      <package name="app.codeCharta.ui.revisionChooser">
        <metrics statements="34" coveredstatements="19" conditionals="0" coveredconditionals="0" methods="18" coveredmethods="2"/>
        <file name="revisionChooser.component.ts" path="/home/travis/build/MaibornWolff/codecharta/visualization/app/codeCharta/ui/revisionChooser/revisionChooser.component.ts">
          <metrics statements="21" coveredstatements="16" conditionals="0" coveredconditionals="0" methods="6" coveredmethods="2"/>
          <line num="14" count="5" type="stmt"/>
          <line num="18" count="5" type="stmt"/>
          <line num="28" count="5" type="stmt"/>
          <line num="29" count="5" type="stmt"/>
          <line num="30" count="5" type="stmt"/>
          <line num="32" count="5" type="stmt"/>
          <line num="33" count="5" type="stmt"/>
          <line num="34" count="5" type="stmt"/>
          <line num="35" count="5" type="stmt"/>
          <line num="36" count="5" type="stmt"/>
          <line num="37" count="5" type="stmt"/>
          <line num="38" count="0" type="stmt"/>
          <line num="44" count="1" type="stmt"/>
          <line num="45" count="1" type="stmt"/>
          <line num="46" count="1" type="stmt"/>
          <line num="50" count="0" type="stmt"/>
          <line num="54" count="0" type="stmt"/>
          <line num="60" count="0" type="stmt"/>
          <line num="61" count="0" type="stmt"/>
          <line num="66" count="2" type="stmt"/>
          <line num="71" count="2" type="stmt"/>
        </file>
        <file name="revisionChooser.po.ts" path="/home/travis/build/MaibornWolff/codecharta/visualization/app/codeCharta/ui/revisionChooser/revisionChooser.po.ts">
          <metrics statements="5" coveredstatements="0" conditionals="0" coveredconditionals="0" methods="6" coveredmethods="0"/>
          <line num="3" count="0" type="stmt"/>
          <line num="6" count="0" type="stmt"/>
          <line num="10" count="0" type="stmt"/>
          <line num="14" count="0" type="stmt"/>
          <line num="15" count="0" type="stmt"/>
        </file>
        <file name="revisionChooser.ts" path="/home/travis/build/MaibornWolff/codecharta/visualization/app/codeCharta/ui/revisionChooser/revisionChooser.ts">
          <metrics statements="3" coveredstatements="3" conditionals="0" coveredconditionals="0" methods="0" coveredmethods="0"/>
          <line num="5" count="1" type="stmt"/>
          <line num="7" count="1" type="stmt"/>
          <line num="12" count="1" type="stmt"/>
        </file>
        <file name="revisionChooserFileDropdown.po.ts" path="/home/travis/build/MaibornWolff/codecharta/visualization/app/codeCharta/ui/revisionChooser/revisionChooserFileDropdown.po.ts">
          <metrics statements="5" coveredstatements="0" conditionals="0" coveredconditionals="0" methods="6" coveredmethods="0"/>
          <line num="3" count="0" type="stmt"/>
          <line num="6" count="0" type="stmt"/>
          <line num="10" count="0" type="stmt"/>
          <line num="14" count="0" type="stmt"/>
          <line num="15" count="0" type="stmt"/>
        </file>
      </package>
      <package name="app.codeCharta.ui.ribbonBar">
        <metrics statements="21" coveredstatements="3" conditionals="2" coveredconditionals="0" methods="8" coveredmethods="0"/>
        <file name="ribbonBar.component.ts" path="/home/travis/build/MaibornWolff/codecharta/visualization/app/codeCharta/ui/ribbonBar/ribbonBar.component.ts">
          <metrics statements="16" coveredstatements="1" conditionals="2" coveredconditionals="0" methods="6" coveredmethods="0"/>
          <line num="8" count="0" type="stmt"/>
          <line num="9" count="0" type="stmt"/>
          <line num="10" count="0" type="stmt"/>
          <line num="14" count="0" type="stmt"/>
          <line num="15" count="0" type="stmt"/>
          <line num="20" count="0" type="stmt"/>
          <line num="24" count="0" type="stmt"/>
          <line num="25" count="0" type="stmt"/>
          <line num="29" count="0" type="cond" truecount="0" falsecount="2"/>
          <line num="30" count="0" type="stmt"/>
          <line num="32" count="0" type="stmt"/>
          <line num="37" count="0" type="stmt"/>
          <line num="38" count="0" type="stmt"/>
          <line num="42" count="0" type="stmt"/>
          <line num="43" count="0" type="stmt"/>
          <line num="48" count="1" type="stmt"/>
        </file>
        <file name="ribbonBar.module.ts" path="/home/travis/build/MaibornWolff/codecharta/visualization/app/codeCharta/ui/ribbonBar/ribbonBar.module.ts">
          <metrics statements="2" coveredstatements="2" conditionals="0" coveredconditionals="0" methods="0" coveredmethods="0"/>
          <line num="5" count="1" type="stmt"/>
          <line num="10" count="1" type="stmt"/>
        </file>
        <file name="ribbonBar.po.ts" path="/home/travis/build/MaibornWolff/codecharta/visualization/app/codeCharta/ui/ribbonBar/ribbonBar.po.ts">
          <metrics statements="3" coveredstatements="0" conditionals="0" coveredconditionals="0" methods="2" coveredmethods="0"/>
          <line num="3" count="0" type="stmt"/>
          <line num="6" count="0" type="stmt"/>
          <line num="7" count="0" type="stmt"/>
        </file>
      </package>
      <package name="app.codeCharta.ui.scenarioButtons">
        <metrics statements="23" coveredstatements="21" conditionals="0" coveredconditionals="0" methods="8" coveredmethods="7"/>
        <file name="scenarioButtons.ts" path="/home/travis/build/MaibornWolff/codecharta/visualization/app/codeCharta/ui/scenarioButtons/scenarioButtons.ts">
          <metrics statements="2" coveredstatements="2" conditionals="0" coveredconditionals="0" methods="0" coveredmethods="0"/>
          <line num="6" count="1" type="stmt"/>
          <line num="8" count="1" type="stmt"/>
        </file>
        <file name="scenarioButtonsComponent.ts" path="/home/travis/build/MaibornWolff/codecharta/visualization/app/codeCharta/ui/scenarioButtons/scenarioButtonsComponent.ts">
          <metrics statements="21" coveredstatements="19" conditionals="0" coveredconditionals="0" methods="8" coveredmethods="7"/>
          <line num="15" count="7" type="stmt"/>
          <line num="25" count="7" type="stmt"/>
          <line num="26" count="7" type="stmt"/>
          <line num="27" count="7" type="stmt"/>
          <line num="28" count="7" type="stmt"/>
          <line num="29" count="7" type="stmt"/>
          <line num="30" count="7" type="stmt"/>
          <line num="31" count="7" type="stmt"/>
          <line num="32" count="7" type="stmt"/>
          <line num="33" count="7" type="stmt"/>
          <line num="37" count="7" type="stmt"/>
          <line num="41" count="1" type="stmt"/>
          <line num="45" count="1" type="stmt"/>
          <line num="49" count="1" type="stmt"/>
          <line num="58" count="2" type="stmt"/>
          <line num="66" count="1" type="stmt"/>
          <line num="67" count="1" type="stmt"/>
          <line num="71" count="0" type="stmt"/>
          <line num="72" count="0" type="stmt"/>
          <line num="76" count="2" type="stmt"/>
          <line num="81" count="2" type="stmt"/>
        </file>
      </package>
      <package name="app.codeCharta.ui.settingsPanel">
        <metrics statements="11" coveredstatements="2" conditionals="0" coveredconditionals="0" methods="5" coveredmethods="0"/>
        <file name="index.ts" path="/home/travis/build/MaibornWolff/codecharta/visualization/app/codeCharta/ui/settingsPanel/index.ts">
          <metrics statements="1" coveredstatements="1" conditionals="0" coveredconditionals="0" methods="0" coveredmethods="0"/>
          <line num="13" count="1" type="stmt"/>
        </file>
        <file name="settingsPanel.po.ts" path="/home/travis/build/MaibornWolff/codecharta/visualization/app/codeCharta/ui/settingsPanel/settingsPanel.po.ts">
          <metrics statements="3" coveredstatements="0" conditionals="0" coveredconditionals="0" methods="2" coveredmethods="0"/>
          <line num="3" count="0" type="stmt"/>
          <line num="6" count="0" type="stmt"/>
          <line num="7" count="0" type="stmt"/>
        </file>
        <file name="settingsPanel.ts" path="/home/travis/build/MaibornWolff/codecharta/visualization/app/codeCharta/ui/settingsPanel/settingsPanel.ts">
          <metrics statements="7" coveredstatements="1" conditionals="0" coveredconditionals="0" methods="3" coveredmethods="0"/>
          <line num="9" count="0" type="stmt"/>
          <line num="13" count="0" type="stmt"/>
          <line num="14" count="0" type="stmt"/>
          <line num="22" count="0" type="stmt"/>
          <line num="23" count="0" type="stmt"/>
          <line num="24" count="0" type="stmt"/>
          <line num="29" count="1" type="stmt"/>
        </file>
      </package>
      <package name="app.codeCharta.ui.sidenav">
        <metrics statements="7" coveredstatements="3" conditionals="0" coveredconditionals="0" methods="3" coveredmethods="0"/>
        <file name="sidenav.component.ts" path="/home/travis/build/MaibornWolff/codecharta/visualization/app/codeCharta/ui/sidenav/sidenav.component.ts">
          <metrics statements="6" coveredstatements="2" conditionals="0" coveredconditionals="0" methods="3" coveredmethods="0"/>
          <line num="9" count="0" type="stmt"/>
          <line num="10" count="0" type="stmt"/>
          <line num="15" count="0" type="stmt"/>
          <line num="19" count="0" type="stmt"/>
          <line num="23" count="1" type="stmt"/>
          <line num="29" count="1" type="stmt"/>
        </file>
        <file name="sidenav.module.ts" path="/home/travis/build/MaibornWolff/codecharta/visualization/app/codeCharta/ui/sidenav/sidenav.module.ts">
          <metrics statements="1" coveredstatements="1" conditionals="0" coveredconditionals="0" methods="0" coveredmethods="0"/>
          <line num="9" count="1" type="stmt"/>
        </file>
      </package>
      <package name="app.codeCharta.ui.statisticSettingsPanel">
        <metrics statements="16" coveredstatements="2" conditionals="0" coveredconditionals="0" methods="5" coveredmethods="0"/>
        <file name="statisticSettingsPanel.component.ts" path="/home/travis/build/MaibornWolff/codecharta/visualization/app/codeCharta/ui/statisticSettingsPanel/statisticSettingsPanel.component.ts">
          <metrics statements="15" coveredstatements="1" conditionals="0" coveredconditionals="0" methods="5" coveredmethods="0"/>
          <line num="8" count="0" type="stmt"/>
          <line num="14" count="0" type="stmt"/>
          <line num="15" count="0" type="stmt"/>
          <line num="16" count="0" type="stmt"/>
          <line num="18" count="0" type="stmt"/>
          <line num="19" count="0" type="stmt"/>
          <line num="20" count="0" type="stmt"/>
          <line num="21" count="0" type="stmt"/>
          <line num="25" count="0" type="stmt"/>
          <line num="29" count="0" type="stmt"/>
          <line num="30" count="0" type="stmt"/>
          <line num="34" count="0" type="stmt"/>
          <line num="35" count="0" type="stmt"/>
          <line num="39" count="0" type="stmt"/>
          <line num="44" count="1" type="stmt"/>
        </file>
        <file name="statisticSettingsPanel.ts" path="/home/travis/build/MaibornWolff/codecharta/visualization/app/codeCharta/ui/statisticSettingsPanel/statisticSettingsPanel.ts">
          <metrics statements="1" coveredstatements="1" conditionals="0" coveredconditionals="0" methods="0" coveredmethods="0"/>
          <line num="8" count="1" type="stmt"/>
        </file>
      </package>
      <package name="app.codeCharta.ui.weblinksPanel">
        <metrics statements="2" coveredstatements="2" conditionals="0" coveredconditionals="0" methods="1" coveredmethods="0"/>
        <file name="weblinksPanel.component.ts" path="/home/travis/build/MaibornWolff/codecharta/visualization/app/codeCharta/ui/weblinksPanel/weblinksPanel.component.ts">
          <metrics statements="1" coveredstatements="1" conditionals="0" coveredconditionals="0" methods="1" coveredmethods="0"/>
          <line num="11" count="1" type="stmt"/>
        </file>
        <file name="weblinksPanel.ts" path="/home/travis/build/MaibornWolff/codecharta/visualization/app/codeCharta/ui/weblinksPanel/weblinksPanel.ts">
          <metrics statements="1" coveredstatements="1" conditionals="0" coveredconditionals="0" methods="0" coveredmethods="0"/>
          <line num="7" count="1" type="stmt"/>
        </file>
      </package>
      <package name="app.testVille">
        <metrics statements="5" coveredstatements="0" conditionals="0" coveredconditionals="0" methods="0" coveredmethods="0"/>
        <file name="testVille.component.ts" path="/home/travis/build/MaibornWolff/codecharta/visualization/app/testVille/testVille.component.ts">
          <metrics statements="2" coveredstatements="0" conditionals="0" coveredconditionals="0" methods="0" coveredmethods="0"/>
          <line num="2" count="0" type="stmt"/>
          <line num="4" count="0" type="stmt"/>
        </file>
        <file name="testVille.ts" path="/home/travis/build/MaibornWolff/codecharta/visualization/app/testVille/testVille.ts">
          <metrics statements="3" coveredstatements="0" conditionals="0" coveredconditionals="0" methods="0" coveredmethods="0"/>
          <line num="2" count="0" type="stmt"/>
          <line num="3" count="0" type="stmt"/>
          <line num="6" count="0" type="stmt"/>
        </file>
      </package>
    </metrics>
  </project>
</coverage>
