TN:
SF:/home/travis/build/MaibornWolff/codecharta/visualization/app/app.ts
FN:14,(anonymous_1)
FN:21,(anonymous_2)
FN:26,(anonymous_3)
FN:28,(anonymous_4)
FN:40,(anonymous_5)
FNF:5
FNH:0
FNDA:0,(anonymous_1)
FNDA:0,(anonymous_2)
FNDA:0,(anonymous_3)
FNDA:0,(anonymous_4)
FNDA:0,(anonymous_5)
DA:2,0
DA:3,0
DA:4,0
DA:5,0
DA:6,0
DA:7,0
DA:8,0
DA:11,0
DA:13,0
DA:15,0
DA:16,0
DA:22,0
DA:27,0
DA:30,0
DA:35,0
DA:41,0
LF:16
LH:0
BRF:0
BRH:0
end_of_record
TN:
SF:/home/travis/build/MaibornWolff/codecharta/visualization/app/codeCharta/codeCharta.component.ts
FN:24,(anonymous_0)
FN:40,(anonymous_1)
FN:41,(anonymous_2)
FN:44,(anonymous_3)
FN:45,(anonymous_4)
FN:49,(anonymous_5)
FN:54,(anonymous_6)
FN:58,(anonymous_7)
FN:62,(anonymous_8)
FN:65,(anonymous_9)
FN:76,(anonymous_10)
FN:80,(anonymous_11)
FN:87,(anonymous_12)
FN:98,(anonymous_13)
FN:106,(anonymous_14)
FN:117,(anonymous_15)
FNF:16
FNH:15
FNDA:22,(anonymous_0)
FNDA:22,(anonymous_1)
FNDA:1,(anonymous_2)
FNDA:22,(anonymous_3)
FNDA:1,(anonymous_4)
FNDA:1,(anonymous_5)
FNDA:1,(anonymous_6)
FNDA:0,(anonymous_7)
FNDA:25,(anonymous_8)
FNDA:24,(anonymous_9)
FNDA:38,(anonymous_10)
FNDA:68,(anonymous_11)
FNDA:34,(anonymous_12)
FNDA:4,(anonymous_13)
FNDA:31,(anonymous_14)
FNDA:3,(anonymous_15)
DA:18,22
DA:25,22
DA:26,22
DA:27,22
DA:28,22
DA:29,22
DA:30,22
DA:31,22
DA:32,22
DA:33,22
DA:35,22
DA:36,22
DA:37,22
DA:41,22
DA:45,22
DA:46,1
DA:49,22
DA:50,1
DA:55,1
DA:59,0
DA:63,25
DA:64,25
DA:66,24
DA:67,1
DA:69,23
DA:78,38
DA:80,38
DA:81,68
DA:86,38
DA:88,34
DA:89,5
DA:91,29
DA:93,34
DA:94,34
DA:95,34
DA:96,34
DA:99,4
DA:100,4
DA:107,31
DA:108,1
DA:110,31
DA:118,3
DA:123,1
LF:43
LH:42
BRDA:66,0,0,1
BRDA:66,0,1,23
BRDA:76,1,0,7
BRDA:88,2,0,5
BRDA:88,2,1,29
BRDA:107,3,0,1
BRDA:107,3,1,30
BRF:7
BRH:7
end_of_record
TN:
SF:/home/travis/build/MaibornWolff/codecharta/visualization/app/codeCharta/codeCharta.ts
FNF:0
FNH:0
DA:3,0
DA:4,0
DA:6,0
DA:8,0
DA:10,0
DA:15,0
LF:6
LH:0
BRF:0
BRH:0
end_of_record
TN:
SF:/home/travis/build/MaibornWolff/codecharta/visualization/app/codeCharta/core/core.module.ts
FNF:0
FNH:0
DA:14,2
LF:1
LH:1
BRF:0
BRH:0
end_of_record
TN:
SF:/home/travis/build/MaibornWolff/codecharta/visualization/app/codeCharta/core/data/data.decorator.service.ts
FN:12,(anonymous_0)
FN:14,(anonymous_1)
FN:22,(anonymous_2)
FN:51,(anonymous_3)
FN:68,(anonymous_4)
FN:73,(anonymous_5)
FN:80,(anonymous_6)
FN:85,(anonymous_7)
FN:92,(anonymous_8)
FN:95,(anonymous_9)
FN:98,(anonymous_10)
FN:106,(anonymous_11)
FN:108,(anonymous_12)
FN:112,(anonymous_13)
FN:132,(anonymous_14)
FN:134,(anonymous_15)
FN:138,(anonymous_16)
FN:147,(anonymous_17)
FN:161,(anonymous_18)
FN:164,(anonymous_19)
FN:175,(anonymous_20)
FNF:21
FNH:21
FNDA:42,(anonymous_0)
FNDA:220,(anonymous_1)
FNDA:220,(anonymous_2)
FNDA:30,(anonymous_3)
FNDA:28,(anonymous_4)
FNDA:152,(anonymous_5)
FNDA:39,(anonymous_6)
FNDA:223,(anonymous_7)
FNDA:39,(anonymous_8)
FNDA:222,(anonymous_9)
FNDA:499,(anonymous_10)
FNDA:33,(anonymous_11)
FNDA:43,(anonymous_12)
FNDA:145,(anonymous_13)
FNDA:31,(anonymous_14)
FNDA:39,(anonymous_15)
FNDA:207,(anonymous_16)
FNDA:207,(anonymous_17)
FNDA:47,(anonymous_18)
FNDA:27,(anonymous_19)
FNDA:352,(anonymous_20)
DA:14,42
DA:15,220
DA:22,42
DA:23,220
DA:24,6
DA:25,6
DA:26,6
DA:27,6
DA:28,6
DA:29,1
DA:31,6
DA:32,6
DA:33,6
DA:34,214
DA:35,79
DA:36,172
DA:41,42
DA:42,42
DA:53,30
DA:55,30
DA:56,30
DA:58,30
DA:59,158
DA:60,0
DA:62,158
DA:70,28
DA:72,28
DA:73,28
DA:74,152
DA:82,39
DA:84,39
DA:85,39
DA:86,223
DA:93,39
DA:94,39
DA:95,39
DA:96,222
DA:97,222
DA:98,222
DA:99,499
DA:101,222
DA:108,33
DA:109,43
DA:111,43
DA:112,43
DA:115,145
DA:118,145
DA:119,653
DA:120,653
DA:121,56
DA:134,31
DA:135,39
DA:137,39
DA:138,39
DA:139,207
DA:149,207
DA:152,207
DA:153,915
DA:154,915
DA:155,47
DA:162,47
DA:165,27
DA:166,27
DA:167,27
DA:168,69
DA:170,27
DA:176,352
DA:177,2
LF:68
LH:67
BRDA:15,0,0,220
BRDA:15,0,1,220
BRDA:15,0,2,86
BRDA:15,0,3,7
BRDA:15,0,4,6
BRDA:23,1,0,6
BRDA:23,1,1,214
BRDA:28,2,0,1
BRDA:28,2,1,5
BRDA:34,3,0,79
BRDA:34,3,1,135
BRDA:34,4,0,214
BRDA:34,4,1,214
BRDA:34,4,2,80
BRDA:41,5,0,42
BRDA:41,5,1,0
BRDA:41,6,0,42
BRDA:41,6,1,42
BRDA:53,7,0,30
BRDA:53,7,1,0
BRDA:53,8,0,30
BRDA:53,8,1,30
BRDA:59,9,0,0
BRDA:59,9,1,158
BRDA:70,10,0,28
BRDA:70,10,1,0
BRDA:70,11,0,28
BRDA:70,11,1,28
BRDA:82,12,0,39
BRDA:82,12,1,0
BRDA:82,13,0,39
BRDA:82,13,1,39
BRDA:93,14,0,39
BRDA:93,14,1,0
BRDA:93,15,0,39
BRDA:93,15,1,39
BRDA:109,16,0,43
BRDA:109,16,1,0
BRDA:109,17,0,43
BRDA:109,17,1,43
BRDA:120,18,0,56
BRDA:120,18,1,597
BRDA:135,19,0,39
BRDA:135,19,1,0
BRDA:135,20,0,39
BRDA:135,20,1,39
BRDA:154,21,0,47
BRDA:154,21,1,868
BRDA:154,22,0,915
BRDA:154,22,1,47
BRDA:154,22,2,47
BRDA:176,23,0,2
BRDA:176,23,1,350
BRF:53
BRH:45
end_of_record
TN:
SF:/home/travis/build/MaibornWolff/codecharta/visualization/app/codeCharta/core/data/data.deltaCalculator.service.ts
FN:19,(anonymous_0)
FN:23,(anonymous_1)
FN:24,(anonymous_2)
FN:34,(anonymous_3)
FN:98,(anonymous_4)
FN:111,(anonymous_5)
FN:116,(anonymous_6)
FN:125,(anonymous_7)
FN:133,(anonymous_8)
FN:136,(anonymous_9)
FN:138,(anonymous_10)
FN:144,(anonymous_11)
FN:160,(anonymous_12)
FN:173,(anonymous_13)
FNF:14
FNH:14
FNDA:93,(anonymous_0)
FNDA:10,(anonymous_1)
FNDA:42,(anonymous_2)
FNDA:13,(anonymous_3)
FNDA:7,(anonymous_4)
FNDA:15,(anonymous_5)
FNDA:26,(anonymous_6)
FNDA:27,(anonymous_7)
FNDA:51,(anonymous_8)
FNDA:287,(anonymous_9)
FNDA:236,(anonymous_10)
FNDA:13,(anonymous_11)
FNDA:13,(anonymous_12)
FNDA:58,(anonymous_13)
DA:19,93
DA:24,10
DA:25,42
DA:27,13
DA:28,13
DA:29,13
DA:36,13
DA:38,13
DA:39,13
DA:40,13
DA:43,13
DA:45,9
DA:47,9
DA:49,9
DA:50,18
DA:51,18
DA:53,9
DA:54,9
DA:55,9
DA:56,9
DA:61,0
DA:64,9
DA:66,0
DA:68,0
DA:78,0
DA:79,0
DA:81,0
DA:82,0
DA:85,0
DA:91,13
DA:92,0
DA:94,13
DA:101,7
DA:102,2
DA:106,5
DA:107,5
DA:110,5
DA:111,5
DA:112,15
DA:115,5
DA:116,5
DA:117,26
DA:121,5
DA:122,5
DA:125,5
DA:126,27
DA:127,27
DA:128,27
DA:135,51
DA:136,51
DA:137,287
DA:138,236
DA:147,13
DA:148,13
DA:151,13
DA:152,43
DA:153,43
DA:157,13
DA:160,13
DA:161,13
DA:162,52
DA:163,52
DA:166,13
DA:169,13
DA:174,58
DA:175,58
DA:176,214
DA:177,214
DA:178,214
DA:179,214
DA:180,214
DA:183,58
LF:72
LH:63
BRDA:25,0,0,13
BRDA:25,0,1,29
BRDA:47,1,0,9
BRDA:47,1,1,0
BRDA:49,2,0,27
BRDA:49,2,1,19
BRDA:51,3,0,9
BRDA:51,3,1,9
BRDA:64,4,0,0
BRDA:64,4,1,9
BRDA:91,5,0,0
BRDA:91,5,1,13
BRDA:101,6,0,2
BRDA:101,6,1,5
BRDA:101,7,0,7
BRDA:101,7,1,6
BRDA:101,7,2,6
BRDA:101,7,3,5
BRDA:137,8,0,106
BRDA:137,8,1,181
BRDA:152,9,0,43
BRDA:152,9,1,0
BRDA:162,10,0,52
BRDA:162,10,1,0
BRDA:176,11,0,214
BRDA:176,11,1,0
BRDA:177,12,0,141
BRDA:177,12,1,73
BRF:28
BRH:22
end_of_record
TN:
SF:/home/travis/build/MaibornWolff/codecharta/visualization/app/codeCharta/core/data/data.loading.service.ts
FN:12,(anonymous_0)
FN:23,(anonymous_1)
FN:25,(anonymous_2)
FN:29,(anonymous_3)
FN:43,(anonymous_4)
FNF:5
FNH:5
FNDA:6,(anonymous_0)
FNDA:6,(anonymous_1)
FNDA:6,(anonymous_2)
FNDA:3,(anonymous_3)
FNDA:3,(anonymous_4)
DA:12,6
DA:25,6
DA:27,6
DA:30,3
DA:39,3
DA:41,3
DA:44,3
LF:7
LH:7
BRDA:23,0,0,1
BRDA:35,1,0,3
BRDA:35,1,1,3
BRDA:36,2,0,3
BRDA:36,2,1,3
BRDA:37,3,0,3
BRDA:37,3,1,3
BRF:7
BRH:7
end_of_record
TN:
SF:/home/travis/build/MaibornWolff/codecharta/visualization/app/codeCharta/core/data/data.mocks.ts
FNF:0
FNH:0
DA:3,5
DA:34,5
DA:53,5
DA:59,5
DA:67,5
DA:103,5
LF:6
LH:6
BRF:0
BRH:0
end_of_record
TN:
SF:/home/travis/build/MaibornWolff/codecharta/visualization/app/codeCharta/core/data/data.module.ts
FNF:0
FNH:0
DA:11,13
DA:13,13
DA:17,13
DA:22,13
DA:26,13
DA:30,13
LF:6
LH:6
BRF:0
BRH:0
end_of_record
TN:
SF:/home/travis/build/MaibornWolff/codecharta/visualization/app/codeCharta/core/data/data.service.ts
FN:34,(anonymous_0)
FN:46,(anonymous_1)
FN:58,(anonymous_2)
FN:68,(anonymous_3)
FN:77,(anonymous_4)
FN:86,(anonymous_5)
FN:93,(anonymous_6)
FN:102,(anonymous_7)
FN:106,(anonymous_8)
FN:107,(anonymous_9)
FN:112,(anonymous_10)
FN:118,(anonymous_11)
FN:122,(anonymous_12)
FN:126,(anonymous_13)
FN:130,(anonymous_14)
FN:134,(anonymous_15)
FN:146,(anonymous_16)
FN:155,(anonymous_17)
FN:159,(anonymous_18)
FN:163,(anonymous_19)
FN:164,(anonymous_20)
FN:175,(anonymous_21)
FN:183,(anonymous_22)
FN:186,(anonymous_23)
FN:188,(anonymous_24)
FNF:25
FNH:20
FNDA:86,(anonymous_0)
FNDA:28,(anonymous_1)
FNDA:34,(anonymous_2)
FNDA:8,(anonymous_3)
FNDA:41,(anonymous_4)
FNDA:2,(anonymous_5)
FNDA:3,(anonymous_6)
FNDA:149,(anonymous_7)
FNDA:56,(anonymous_8)
FNDA:4,(anonymous_9)
FNDA:26,(anonymous_10)
FNDA:0,(anonymous_11)
FNDA:0,(anonymous_12)
FNDA:0,(anonymous_13)
FNDA:0,(anonymous_14)
FNDA:0,(anonymous_15)
FNDA:31,(anonymous_16)
FNDA:38,(anonymous_17)
FNDA:126,(anonymous_18)
FNDA:96,(anonymous_19)
FNDA:431,(anonymous_20)
FNDA:2,(anonymous_21)
FNDA:2,(anonymous_22)
FNDA:4,(anonymous_23)
FNDA:16,(anonymous_24)
DA:29,86
DA:30,86
DA:31,86
DA:34,86
DA:35,86
DA:36,86
DA:38,86
DA:47,28
DA:48,28
DA:49,28
DA:50,28
DA:51,28
DA:52,28
DA:53,28
DA:54,28
DA:55,28
DA:59,34
DA:60,33
DA:61,33
DA:62,33
DA:63,33
DA:64,33
DA:69,8
DA:70,6
DA:71,6
DA:72,6
DA:73,6
DA:78,41
DA:79,40
DA:81,41
DA:82,4
DA:87,2
DA:88,1
DA:89,1
DA:94,3
DA:95,2
DA:97,2
DA:103,149
DA:107,56
DA:108,4
DA:113,26
DA:119,0
DA:123,0
DA:127,0
DA:131,0
DA:136,0
DA:137,0
DA:138,0
DA:139,0
DA:143,0
DA:148,31
DA:149,1
DA:150,1
DA:153,30
DA:155,30
DA:156,38
DA:159,30
DA:160,126
DA:163,30
DA:164,96
DA:165,431
DA:169,30
DA:176,2
DA:177,2
DA:178,2
DA:179,2
DA:180,2
DA:184,2
DA:186,2
DA:187,4
DA:188,4
DA:189,16
DA:190,4
DA:195,2
LF:74
LH:65
BRDA:59,0,0,33
BRDA:59,0,1,1
BRDA:69,1,0,6
BRDA:69,1,1,2
BRDA:78,2,0,40
BRDA:78,2,1,1
BRDA:81,3,0,4
BRDA:81,3,1,37
BRDA:81,4,0,41
BRDA:81,4,1,15
BRDA:81,4,2,15
BRDA:87,5,0,1
BRDA:87,5,1,1
BRDA:94,6,0,2
BRDA:94,6,1,1
BRDA:136,7,0,0
BRDA:136,7,1,0
BRDA:136,8,0,0
BRDA:136,8,1,0
BRDA:138,9,0,0
BRDA:138,9,1,0
BRDA:138,10,0,0
BRDA:138,10,1,0
BRDA:148,11,0,1
BRDA:148,11,1,30
BRDA:160,12,0,126
BRDA:160,12,1,0
BRDA:189,13,0,4
BRDA:189,13,1,12
BRF:29
BRH:20
end_of_record
TN:
SF:/home/travis/build/MaibornWolff/codecharta/visualization/app/codeCharta/core/data/data.validator.service.ts
FN:14,(anonymous_0)
FN:23,(anonymous_1)
FN:44,(anonymous_2)
FN:46,(anonymous_3)
FNF:4
FNH:4
FNDA:16,(anonymous_0)
FNDA:40,(anonymous_1)
FNDA:16,(anonymous_2)
FNDA:16,(anonymous_3)
DA:25,40
DA:27,15
DA:28,15
DA:29,30
DA:31,15
DA:33,14
DA:34,28
DA:36,14
DA:46,16
DA:48,16
DA:49,16
DA:50,16
DA:53,16
DA:54,1
DA:60,11
DA:61,7
DA:63,4
LF:17
LH:17
BRDA:25,0,0,24
BRDA:25,0,1,15
BRDA:25,1,0,40
BRDA:25,1,1,15
BRDA:31,2,0,1
BRDA:31,2,1,14
BRDA:34,3,0,0
BRDA:34,3,1,28
BRDA:53,4,0,1
BRDA:53,4,1,10
BRDA:60,5,0,7
BRDA:60,5,1,4
BRF:12
BRH:11
end_of_record
TN:
SF:/home/travis/build/MaibornWolff/codecharta/visualization/app/codeCharta/core/data/model/CodeMap.ts
FN:46,(anonymous_0)
FN:55,(anonymous_1)
FNF:2
FNH:2
FNDA:9,(anonymous_0)
FNDA:9,(anonymous_1)
DA:46,9
DA:47,9
DA:55,9
DA:56,9
DA:57,9
LF:5
LH:5
BRDA:46,0,0,9
BRDA:46,0,1,9
BRDA:55,1,0,9
BRDA:55,1,1,9
BRF:4
BRH:4
end_of_record
TN:
SF:/home/travis/build/MaibornWolff/codecharta/visualization/app/codeCharta/core/download/download.module.ts
FNF:0
FNH:0
DA:8,2
LF:1
LH:1
BRF:0
BRH:0
end_of_record
TN:
SF:/home/travis/build/MaibornWolff/codecharta/visualization/app/codeCharta/core/download/download.service.ts
FN:11,(anonymous_0)
FN:14,(anonymous_1)
FN:22,(anonymous_2)
FN:29,(anonymous_3)
FN:31,(anonymous_4)
FN:37,(anonymous_5)
FN:56,(anonymous_6)
FNF:7
FNH:0
FNDA:0,(anonymous_0)
FNDA:0,(anonymous_1)
FNDA:0,(anonymous_2)
FNDA:0,(anonymous_3)
FNDA:0,(anonymous_4)
FNDA:0,(anonymous_5)
FNDA:0,(anonymous_6)
DA:8,2
DA:11,0
DA:15,0
DA:16,0
DA:17,0
DA:18,0
DA:19,0
DA:23,0
DA:24,0
DA:26,0
DA:30,0
DA:31,0
DA:32,0
DA:34,0
DA:38,0
DA:39,0
DA:41,0
DA:42,0
DA:44,0
DA:53,0
DA:57,0
DA:58,0
DA:61,0
DA:62,0
DA:63,0
DA:65,0
DA:66,0
DA:67,0
DA:68,0
DA:69,0
LF:30
LH:1
BRDA:23,0,0,0
BRDA:23,0,1,0
BRDA:57,1,0,0
BRDA:57,1,1,0
BRF:4
BRH:0
end_of_record
TN:
SF:/home/travis/build/MaibornWolff/codecharta/visualization/app/codeCharta/core/multipleFile/multipleFile.module.ts
FNF:0
FNH:0
DA:7,3
LF:1
LH:1
BRF:0
BRH:0
end_of_record
TN:
SF:/home/travis/build/MaibornWolff/codecharta/visualization/app/codeCharta/core/multipleFile/multipleFile.service.ts
FN:12,(anonymous_0)
FN:17,(anonymous_1)
FN:91,(anonymous_2)
FN:114,(anonymous_3)
FN:126,(anonymous_4)
FNF:5
FNH:5
FNDA:9,(anonymous_0)
FNDA:8,(anonymous_1)
FNDA:16,(anonymous_2)
FNDA:32,(anonymous_3)
FNDA:16,(anonymous_4)
DA:10,3
DA:12,9
DA:19,8
DA:21,7
DA:22,7
DA:24,7
DA:25,7
DA:27,7
DA:28,16
DA:29,16
DA:30,16
DA:31,7
DA:32,5
DA:34,7
DA:35,8
DA:36,8
DA:37,8
DA:38,8
DA:40,8
DA:41,0
DA:43,8
DA:44,0
DA:47,8
DA:50,16
DA:51,3
DA:52,3
DA:54,3
DA:55,3
DA:61,7
DA:74,7
DA:75,5
DA:78,7
DA:79,2
DA:85,7
DA:86,16
DA:88,7
DA:93,16
DA:94,16
DA:96,16
DA:98,64
DA:99,16
DA:101,48
DA:102,0
DA:104,48
DA:105,32
DA:109,16
DA:111,16
DA:115,32
DA:116,48
DA:117,0
DA:120,48
DA:121,16
DA:127,16
DA:128,16
DA:129,16
DA:130,16
LF:56
LH:52
BRDA:19,0,0,1
BRDA:19,0,1,7
BRDA:30,1,0,7
BRDA:30,1,1,9
BRDA:31,2,0,5
BRDA:31,2,1,2
BRDA:40,3,0,0
BRDA:40,3,1,8
BRDA:43,4,0,0
BRDA:43,4,1,8
BRDA:50,5,0,3
BRDA:50,5,1,13
BRDA:50,6,0,16
BRDA:50,6,1,4
BRDA:50,6,2,3
BRDA:74,7,0,5
BRDA:74,7,1,2
BRDA:78,8,0,2
BRDA:78,8,1,5
BRDA:78,9,0,7
BRDA:78,9,1,2
BRDA:98,10,0,16
BRDA:98,10,1,48
BRDA:101,11,0,0
BRDA:101,11,1,48
BRDA:104,12,0,32
BRDA:104,12,1,16
BRDA:116,13,0,0
BRDA:116,13,1,48
BRDA:120,14,0,16
BRDA:120,14,1,32
BRDA:128,15,0,16
BRDA:128,15,1,0
BRF:33
BRH:28
end_of_record
TN:
SF:/home/travis/build/MaibornWolff/codecharta/visualization/app/codeCharta/core/scenario/scenario.data.ts
FN:6,createDefaultScenario
FNF:1
FNH:1
FNDA:9,createDefaultScenario
DA:8,9
LF:1
LH:1
BRF:0
BRH:0
end_of_record
TN:
SF:/home/travis/build/MaibornWolff/codecharta/visualization/app/codeCharta/core/scenario/scenario.module.ts
FNF:0
FNH:0
DA:10,3
DA:15,3
LF:2
LH:2
BRF:0
BRH:0
end_of_record
TN:
SF:/home/travis/build/MaibornWolff/codecharta/visualization/app/codeCharta/core/scenario/scenario.service.ts
FN:21,(anonymous_0)
FN:34,(anonymous_1)
FN:45,(anonymous_2)
FN:49,(anonymous_3)
FN:59,(anonymous_4)
FN:60,(anonymous_5)
FN:63,(anonymous_6)
FN:67,(anonymous_7)
FN:68,(anonymous_8)
FN:69,(anonymous_9)
FN:76,(anonymous_10)
FNF:11
FNH:10
FNDA:18,(anonymous_0)
FNDA:6,(anonymous_1)
FNDA:1,(anonymous_2)
FNDA:0,(anonymous_3)
FNDA:2,(anonymous_4)
FNDA:8,(anonymous_5)
FNDA:11,(anonymous_6)
FNDA:40,(anonymous_7)
FNDA:34,(anonymous_8)
FNDA:34,(anonymous_9)
FNDA:1,(anonymous_10)
DA:18,18
DA:21,18
DA:22,18
DA:23,18
DA:24,18
DA:35,6
DA:36,3
DA:37,3
DA:46,1
DA:47,1
DA:48,0
DA:49,0
DA:50,0
DA:60,8
DA:64,11
DA:65,1
DA:67,40
DA:68,34
DA:69,34
DA:77,1
LF:20
LH:17
BRDA:35,0,0,3
BRDA:35,0,1,3
BRDA:47,1,0,0
BRDA:47,1,1,1
BRDA:64,2,0,1
BRDA:64,2,1,10
BRDA:64,3,0,11
BRDA:64,3,1,10
BRDA:67,4,0,10
BRDA:67,4,1,7
BRDA:67,4,2,7
BRF:11
BRH:10
end_of_record
TN:
SF:/home/travis/build/MaibornWolff/codecharta/visualization/app/codeCharta/core/settings/settings.module.ts
FNF:0
FNH:0
DA:10,8
LF:1
LH:1
BRF:0
BRH:0
end_of_record
TN:
SF:/home/travis/build/MaibornWolff/codecharta/visualization/app/codeCharta/core/settings/settings.service.ts
FN:23,(anonymous_0)
FN:69,(anonymous_1)
FN:80,(anonymous_2)
FN:81,(anonymous_3)
FN:86,(anonymous_4)
FN:129,(anonymous_5)
FN:133,(anonymous_6)
FN:143,(anonymous_7)
FN:169,(anonymous_8)
FN:188,(anonymous_9)
FN:207,(anonymous_10)
FN:211,(anonymous_11)
FN:262,(anonymous_12)
FN:276,(anonymous_13)
FN:299,(anonymous_14)
FN:303,(anonymous_15)
FN:338,(anonymous_16)
FN:354,(anonymous_17)
FN:369,(anonymous_18)
FN:406,(anonymous_19)
FN:416,(anonymous_20)
FN:424,(anonymous_21)
FN:439,(anonymous_22)
FN:441,(anonymous_23)
FNF:24
FNH:19
FNDA:18,(anonymous_0)
FNDA:55,(anonymous_1)
FNDA:0,(anonymous_2)
FNDA:0,(anonymous_3)
FNDA:55,(anonymous_4)
FNDA:0,(anonymous_5)
FNDA:0,(anonymous_6)
FNDA:3,(anonymous_7)
FNDA:1,(anonymous_8)
FNDA:3,(anonymous_9)
FNDA:2,(anonymous_10)
FNDA:52,(anonymous_11)
FNDA:12,(anonymous_12)
FNDA:15,(anonymous_13)
FNDA:3,(anonymous_14)
FNDA:72,(anonymous_15)
FNDA:1,(anonymous_16)
FNDA:0,(anonymous_17)
FNDA:1,(anonymous_18)
FNDA:58,(anonymous_19)
FNDA:182,(anonymous_20)
FNDA:2,(anonymous_21)
FNDA:8,(anonymous_22)
FNDA:18,(anonymous_23)
DA:23,18
DA:24,18
DA:25,18
DA:26,18
DA:58,18
DA:59,18
DA:60,18
DA:66,55
DA:69,55
DA:70,55
DA:72,55
DA:74,55
DA:75,55
DA:76,55
DA:81,0
DA:82,0
DA:88,55
DA:94,55
DA:98,55
DA:102,55
DA:104,55
DA:125,55
DA:130,0
DA:134,0
DA:145,3
DA:146,3
DA:147,3
DA:149,3
DA:151,2
DA:154,3
DA:156,3
DA:159,3
DA:161,3
DA:164,3
DA:170,1
DA:175,1
DA:176,1
DA:177,1
DA:190,3
DA:192,3
DA:193,0
DA:194,0
DA:195,3
DA:196,0
DA:197,0
DA:200,3
DA:209,2
DA:211,2
DA:212,52
DA:213,56
DA:215,54
DA:218,50
DA:221,54
DA:223,54
DA:225,3
DA:226,0
DA:227,3
DA:228,0
DA:229,3
DA:231,3
DA:233,3
DA:234,1
DA:237,3
DA:239,0
DA:249,2
DA:252,2
DA:270,12
DA:271,5
DA:273,5
DA:274,5
DA:275,5
DA:276,5
DA:277,15
DA:278,15
DA:279,12
DA:283,5
DA:286,5
DA:290,7
DA:293,12
DA:301,3
DA:303,3
DA:304,72
DA:305,84
DA:307,81
DA:310,69
DA:313,81
DA:316,66
DA:325,3
DA:327,3
DA:340,1
DA:341,1
DA:345,0
DA:346,0
DA:347,0
DA:348,0
DA:351,0
DA:352,0
DA:354,0
DA:355,0
DA:356,0
DA:357,0
DA:370,1
DA:371,1
DA:372,1
DA:374,1
DA:375,1
DA:376,1
DA:378,1
DA:379,1
DA:380,1
DA:382,1
DA:383,1
DA:384,1
DA:386,1
DA:387,1
DA:388,1
DA:389,1
DA:390,1
DA:391,1
DA:392,1
DA:393,1
DA:394,1
DA:395,1
DA:396,1
DA:399,1
DA:401,1
DA:407,58
DA:417,182
DA:425,2
DA:426,2
DA:427,2
DA:428,2
DA:429,2
DA:430,2
DA:440,8
DA:441,8
DA:442,18
DA:443,2
DA:447,8
LF:139
LH:118
BRDA:23,0,0,18
BRDA:23,0,1,18
BRDA:145,1,0,3
BRDA:145,1,1,0
BRDA:145,2,0,3
BRDA:145,2,1,3
BRDA:145,2,2,3
BRDA:149,3,0,2
BRDA:149,3,1,1
BRDA:154,4,0,3
BRDA:154,4,1,0
BRDA:159,5,0,3
BRDA:159,5,1,0
BRDA:170,6,0,1
BRDA:170,6,1,0
BRDA:171,7,0,1
BRDA:171,7,1,1
BRDA:171,7,2,0
BRDA:192,8,0,0
BRDA:192,8,1,3
BRDA:192,9,0,3
BRDA:192,9,1,0
BRDA:195,10,0,0
BRDA:195,10,1,3
BRDA:195,11,0,3
BRDA:195,11,1,3
BRDA:213,12,0,54
BRDA:213,12,1,2
BRDA:213,13,0,56
BRDA:213,13,1,56
BRDA:213,13,2,54
BRDA:215,14,0,4
BRDA:215,14,1,50
BRDA:215,15,0,54
BRDA:215,15,1,50
BRDA:223,16,0,3
BRDA:223,16,1,51
BRDA:225,17,0,0
BRDA:225,17,1,3
BRDA:227,18,0,0
BRDA:227,18,1,3
BRDA:229,19,0,3
BRDA:229,19,1,0
BRDA:229,20,0,3
BRDA:229,20,1,3
BRDA:233,21,0,1
BRDA:233,21,1,2
BRDA:263,22,0,4
BRDA:264,23,0,4
BRDA:265,24,0,4
BRDA:266,25,0,4
BRDA:270,26,0,5
BRDA:270,26,1,7
BRDA:270,27,0,12
BRDA:270,27,1,8
BRDA:278,28,0,12
BRDA:278,28,1,3
BRDA:278,29,0,15
BRDA:278,29,1,15
BRDA:290,30,0,7
BRDA:290,30,1,0
BRDA:305,31,0,81
BRDA:305,31,1,3
BRDA:305,32,0,84
BRDA:305,32,1,84
BRDA:305,32,2,81
BRDA:307,33,0,12
BRDA:307,33,1,69
BRDA:307,34,0,81
BRDA:307,34,1,69
BRDA:313,35,0,15
BRDA:313,35,1,66
BRDA:313,36,0,81
BRDA:313,36,1,66
BRDA:340,37,0,1
BRDA:340,37,1,0
BRDA:346,38,0,0
BRDA:346,38,1,0
BRDA:355,39,0,0
BRDA:355,39,1,0
BRDA:399,40,0,1
BRDA:399,40,1,1
BRDA:442,41,0,2
BRDA:442,41,1,16
BRF:84
BRH:67
end_of_record
TN:
SF:/home/travis/build/MaibornWolff/codecharta/visualization/app/codeCharta/core/statistic/statistic.module.ts
FNF:0
FNH:0
DA:7,9
LF:1
LH:1
BRF:0
BRH:0
end_of_record
TN:
SF:/home/travis/build/MaibornWolff/codecharta/visualization/app/codeCharta/core/statistic/statistic.service.ts
FN:8,(anonymous_0)
FN:22,(anonymous_1)
FN:34,(anonymous_2)
FN:74,(anonymous_3)
FN:124,(anonymous_4)
FN:148,(anonymous_5)
FN:168,(anonymous_6)
FN:193,(anonymous_7)
FN:215,(anonymous_8)
FN:229,(anonymous_9)
FN:244,(anonymous_10)
FN:259,(anonymous_11)
FN:285,(anonymous_12)
FN:286,(anonymous_13)
FNF:14
FNH:14
FNDA:21,(anonymous_0)
FNDA:8,(anonymous_1)
FNDA:15,(anonymous_2)
FNDA:120,(anonymous_3)
FNDA:120,(anonymous_4)
FNDA:55,(anonymous_5)
FNDA:55,(anonymous_6)
FNDA:75,(anonymous_7)
FNDA:15,(anonymous_8)
FNDA:15,(anonymous_9)
FNDA:15,(anonymous_10)
FNDA:15,(anonymous_11)
FNDA:15,(anonymous_12)
FNDA:42,(anonymous_13)
DA:8,21
DA:9,21
DA:10,21
DA:11,21
DA:12,21
DA:13,21
DA:14,21
DA:20,21
DA:22,8
DA:35,15
DA:36,15
DA:37,0
DA:39,15
DA:40,15
DA:41,5
DA:44,10
DA:45,10
DA:47,10
DA:48,10
DA:51,30
DA:53,30
DA:54,10
DA:57,30
DA:59,10
DA:61,30
DA:63,10
DA:64,10
DA:65,10
DA:66,10
DA:75,120
DA:76,120
DA:77,450
DA:78,270
DA:80,180
DA:81,10
DA:84,120
DA:85,120
DA:86,180
DA:89,120
DA:90,60
DA:91,10
DA:93,60
DA:95,90
DA:96,110
DA:98,110
DA:100,75
DA:101,75
DA:102,75
DA:106,90
DA:107,15
DA:109,15
DA:114,120
DA:125,120
DA:127,60
DA:128,180
DA:133,60
DA:134,90
DA:135,160
DA:136,90
DA:141,120
DA:149,55
DA:150,10
DA:152,45
DA:153,20
DA:154,35
DA:157,25
DA:158,25
DA:160,55
DA:170,55
DA:171,25
DA:172,75
DA:175,30
DA:177,20
DA:178,35
DA:181,10
DA:182,10
DA:184,55
DA:194,75
DA:196,15
DA:198,15
DA:200,15
DA:202,15
DA:204,15
DA:206,0
DA:208,0
DA:216,15
DA:217,15
DA:218,42
DA:219,36
DA:222,15
DA:223,15
DA:231,15
DA:232,42
DA:233,36
DA:234,18
DA:238,15
DA:246,15
DA:247,42
DA:248,36
DA:249,15
DA:253,15
DA:260,15
DA:261,15
DA:263,15
DA:264,42
DA:265,36
DA:266,18
DA:269,18
DA:273,15
DA:274,18
DA:275,15
DA:276,15
DA:279,15
DA:286,42
DA:288,15
DA:289,15
DA:290,9
DA:292,6
DA:293,0
DA:296,6
DA:298,15
LF:121
LH:117
BRDA:8,0,0,21
BRDA:8,0,1,21
BRDA:35,1,0,15
BRDA:35,1,1,0
BRDA:36,2,0,0
BRDA:36,2,1,15
BRDA:40,3,0,5
BRDA:40,3,1,10
BRDA:53,4,0,10
BRDA:53,4,1,20
BRDA:53,5,0,30
BRDA:53,5,1,20
BRDA:77,6,0,270
BRDA:77,6,1,180
BRDA:77,7,0,450
BRDA:77,7,1,390
BRDA:77,7,2,270
BRDA:77,7,3,270
BRDA:80,8,0,10
BRDA:80,8,1,170
BRDA:80,9,0,180
BRDA:80,9,1,120
BRDA:84,10,0,120
BRDA:84,10,1,0
BRDA:84,11,0,120
BRDA:84,11,1,120
BRDA:89,12,0,60
BRDA:89,12,1,60
BRDA:89,13,0,120
BRDA:89,13,1,60
BRDA:90,14,0,10
BRDA:90,14,1,50
BRDA:98,15,0,75
BRDA:98,15,1,35
BRDA:106,16,0,15
BRDA:106,16,1,75
BRDA:125,17,0,60
BRDA:125,17,1,60
BRDA:125,18,0,120
BRDA:125,18,1,60
BRDA:125,18,2,60
BRDA:125,18,3,60
BRDA:135,19,0,90
BRDA:135,19,1,70
BRDA:149,20,0,10
BRDA:149,20,1,45
BRDA:152,21,0,20
BRDA:152,21,1,25
BRDA:152,22,0,45
BRDA:152,22,1,20
BRDA:157,23,0,25
BRDA:157,23,1,0
BRDA:157,24,0,25
BRDA:157,24,1,25
BRDA:170,25,0,25
BRDA:170,25,1,30
BRDA:170,26,0,55
BRDA:170,26,1,45
BRDA:175,27,0,20
BRDA:175,27,1,10
BRDA:175,28,0,30
BRDA:175,28,1,20
BRDA:181,29,0,10
BRDA:181,29,1,0
BRDA:195,30,0,15
BRDA:195,30,1,15
BRDA:195,30,2,15
BRDA:195,30,3,15
BRDA:195,30,4,15
BRDA:195,30,5,0
BRDA:218,31,0,36
BRDA:218,31,1,6
BRDA:232,32,0,36
BRDA:232,32,1,6
BRDA:233,33,0,18
BRDA:233,33,1,18
BRDA:233,34,0,36
BRDA:233,34,1,21
BRDA:247,35,0,36
BRDA:247,35,1,6
BRDA:248,36,0,15
BRDA:248,36,1,21
BRDA:248,37,0,36
BRDA:248,37,1,21
BRDA:264,38,0,36
BRDA:264,38,1,6
BRDA:265,39,0,18
BRDA:265,39,1,18
BRDA:274,40,0,15
BRDA:274,40,1,3
BRDA:289,41,0,9
BRDA:289,41,1,6
BRDA:292,42,0,0
BRDA:292,42,1,6
BRF:94
BRH:87
end_of_record
TN:
SF:/home/travis/build/MaibornWolff/codecharta/visualization/app/codeCharta/core/tooltip/tooltip.module.ts
FNF:0
FNH:0
DA:7,3
LF:1
LH:1
BRF:0
BRH:0
end_of_record
TN:
SF:/home/travis/build/MaibornWolff/codecharta/visualization/app/codeCharta/core/tooltip/tooltip.service.ts
FN:24,(anonymous_0)
FN:28,(anonymous_1)
FN:29,(anonymous_2)
FN:34,(anonymous_3)
FN:38,(anonymous_4)
FN:48,(anonymous_5)
FN:83,(anonymous_6)
FNF:7
FNH:7
FNDA:9,(anonymous_0)
FNDA:1,(anonymous_1)
FNDA:1,(anonymous_2)
FNDA:1,(anonymous_3)
FNDA:16,(anonymous_4)
FNDA:14,(anonymous_5)
FNDA:5,(anonymous_6)
DA:3,3
DA:4,3
DA:19,3
DA:24,9
DA:25,9
DA:29,1
DA:30,1
DA:35,1
DA:39,16
DA:40,16
DA:56,14
DA:58,14
DA:60,10
DA:66,10
DA:67,5
DA:69,10
DA:72,4
DA:84,5
LF:18
LH:18
BRDA:58,0,0,10
BRDA:58,0,1,4
BRF:2
BRH:2
end_of_record
TN:
SF:/home/travis/build/MaibornWolff/codecharta/visualization/app/codeCharta/core/treemap/treemap.module.ts
FNF:0
FNH:0
DA:8,2
DA:10,2
LF:2
LH:2
BRF:0
BRH:0
end_of_record
TN:
SF:/home/travis/build/MaibornWolff/codecharta/visualization/app/codeCharta/core/treemap/treemap.service.ts
FN:47,(anonymous_0)
FN:49,(anonymous_1)
FN:55,(anonymous_2)
FN:57,(anonymous_3)
FN:64,(anonymous_4)
FN:67,(anonymous_5)
FN:74,(anonymous_6)
FN:104,(anonymous_7)
FN:106,(anonymous_8)
FN:112,(anonymous_9)
FN:120,(anonymous_10)
FN:142,(anonymous_11)
FN:146,(anonymous_12)
FNF:13
FNH:10
FNDA:8,(anonymous_0)
FNDA:7,(anonymous_1)
FNDA:7,(anonymous_2)
FNDA:17,(anonymous_3)
FNDA:17,(anonymous_4)
FNDA:7,(anonymous_5)
FNDA:17,(anonymous_6)
FNDA:0,(anonymous_7)
FNDA:0,(anonymous_8)
FNDA:17,(anonymous_9)
FNDA:17,(anonymous_10)
FNDA:4,(anonymous_11)
FNDA:0,(anonymous_12)
DA:40,3
DA:41,3
DA:42,3
DA:43,3
DA:44,3
DA:47,8
DA:50,7
DA:51,7
DA:52,7
DA:56,7
DA:57,17
DA:58,7
DA:59,7
DA:64,17
DA:68,7
DA:70,7
DA:71,7
DA:76,17
DA:77,17
DA:79,17
DA:80,5
DA:83,17
DA:84,0
DA:87,17
DA:88,0
DA:91,17
DA:93,17
DA:94,5
DA:95,5
DA:96,10
DA:98,5
DA:100,17
DA:105,0
DA:106,0
DA:107,0
DA:109,0
DA:113,17
DA:122,17
DA:124,17
DA:125,0
DA:128,17
DA:129,1
DA:132,16
DA:133,11
DA:134,7
DA:136,4
DA:139,16
DA:143,4
DA:145,4
DA:146,0
DA:147,0
DA:148,0
DA:153,4
DA:154,4
DA:156,0
LF:55
LH:44
BRDA:61,0,0,7
BRDA:61,0,1,7
BRDA:62,1,0,7
BRDA:62,1,1,7
BRDA:74,2,0,7
BRDA:74,3,0,7
BRDA:76,4,0,17
BRDA:76,4,1,0
BRDA:79,5,0,5
BRDA:79,5,1,12
BRDA:79,6,0,17
BRDA:79,6,1,12
BRDA:83,7,0,0
BRDA:83,7,1,17
BRDA:83,8,0,17
BRDA:83,8,1,17
BRDA:87,9,0,0
BRDA:87,9,1,17
BRDA:93,10,0,5
BRDA:93,10,1,12
BRDA:93,11,0,17
BRDA:93,11,1,5
BRDA:113,12,0,17
BRDA:113,12,1,17
BRDA:113,12,2,3
BRDA:113,12,3,2
BRDA:113,12,4,1
BRDA:124,13,0,0
BRDA:124,13,1,17
BRDA:128,14,0,1
BRDA:128,14,1,16
BRDA:132,15,0,11
BRDA:132,15,1,5
BRDA:132,16,0,16
BRDA:132,16,1,8
BRDA:133,17,0,7
BRDA:133,17,1,4
BRDA:133,18,0,11
BRDA:133,18,1,11
BRDA:134,19,0,7
BRDA:134,19,1,0
BRDA:145,20,0,0
BRDA:145,20,1,4
BRDA:147,21,0,0
BRDA:147,21,1,0
BRDA:147,22,0,0
BRDA:147,22,1,0
BRDA:153,23,0,4
BRDA:153,23,1,0
BRF:49
BRH:38
end_of_record
TN:
SF:/home/travis/build/MaibornWolff/codecharta/visualization/app/codeCharta/core/treemap/treemap.util.ts
FN:6,(anonymous_0)
FN:16,(anonymous_1)
FN:20,(anonymous_2)
FN:62,(anonymous_3)
FNF:4
FNH:4
FNDA:9,(anonymous_0)
FNDA:53,(anonymous_1)
FNDA:23,(anonymous_2)
FNDA:1,(anonymous_3)
DA:7,9
DA:8,9
DA:9,4
DA:10,5
DA:13,9
DA:17,53
DA:30,23
DA:31,1
DA:34,23
DA:35,1
DA:38,23
DA:64,1
DA:66,1
DA:68,1
DA:70,0
DA:73,1
LF:16
LH:15
BRDA:8,0,0,4
BRDA:8,0,1,5
BRDA:8,1,0,9
BRDA:8,1,1,4
BRDA:17,2,0,53
BRDA:17,2,1,14
BRDA:30,3,0,1
BRDA:30,3,1,22
BRDA:34,4,0,1
BRDA:34,4,1,22
BRDA:34,5,0,23
BRDA:34,5,1,23
BRDA:41,6,0,18
BRDA:41,6,1,5
BRDA:51,7,0,3
BRDA:51,7,1,20
BRDA:51,8,0,23
BRDA:51,8,1,5
BRDA:68,9,0,0
BRDA:68,9,1,1
BRDA:68,10,0,1
BRDA:68,10,1,1
BRF:22
BRH:21
end_of_record
TN:
SF:/home/travis/build/MaibornWolff/codecharta/visualization/app/codeCharta/core/url/url.mocks.ts
FNF:0
FNH:0
DA:3,1
LF:1
LH:1
BRF:0
BRH:0
end_of_record
TN:
SF:/home/travis/build/MaibornWolff/codecharta/visualization/app/codeCharta/core/url/url.module.ts
FNF:0
FNH:0
DA:7,9
LF:1
LH:1
BRF:0
BRH:0
end_of_record
TN:
SF:/home/travis/build/MaibornWolff/codecharta/visualization/app/codeCharta/core/url/url.service.ts
FN:20,(anonymous_0)
FN:28,(anonymous_1)
FN:38,(anonymous_2)
FN:58,(anonymous_3)
FN:66,(anonymous_4)
FN:80,(anonymous_5)
FN:81,(anonymous_6)
FN:94,(anonymous_7)
FN:96,(anonymous_8)
FN:100,(anonymous_9)
FN:107,(anonymous_10)
FNF:11
FNH:10
FNDA:60,(anonymous_0)
FNDA:54,(anonymous_1)
FNDA:64,(anonymous_2)
FNDA:60,(anonymous_3)
FNDA:3,(anonymous_4)
FNDA:4,(anonymous_5)
FNDA:4,(anonymous_6)
FNDA:4,(anonymous_7)
FNDA:4,(anonymous_8)
FNDA:4,(anonymous_9)
FNDA:0,(anonymous_10)
DA:15,10
DA:17,10
DA:20,60
DA:29,54
DA:39,64
DA:40,59
DA:42,64
DA:43,64
DA:44,64
DA:45,64
DA:46,55
DA:48,9
DA:49,0
DA:51,9
DA:59,60
DA:68,3
DA:70,3
DA:71,0
DA:74,3
DA:75,2
DA:78,3
DA:80,3
DA:81,4
DA:82,4
DA:86,3
DA:96,4
DA:98,4
DA:99,4
DA:101,4
DA:102,4
DA:103,4
DA:105,0
DA:108,0
DA:112,0
LF:34
LH:29
BRDA:39,0,0,59
BRDA:39,0,1,5
BRDA:45,1,0,55
BRDA:45,1,1,9
BRDA:48,2,0,0
BRDA:48,2,1,9
BRDA:70,3,0,0
BRDA:70,3,1,3
BRDA:74,4,0,2
BRDA:74,4,1,1
BRDA:98,5,0,4
BRDA:98,5,1,0
BRDA:98,6,0,4
BRDA:98,6,1,4
BRDA:101,7,0,4
BRDA:101,7,1,0
BRF:16
BRH:12
end_of_record
TN:
SF:/home/travis/build/MaibornWolff/codecharta/visualization/app/codeCharta/e2e/logo.po.ts
FN:3,(anonymous_6)
FN:5,(anonymous_7)
FN:6,(anonymous_9)
FN:10,(anonymous_10)
FN:11,(anonymous_12)
FN:14,(anonymous_13)
FN:15,(anonymous_15)
FNF:7
FNH:0
FNDA:0,(anonymous_6)
FNDA:0,(anonymous_7)
FNDA:0,(anonymous_9)
FNDA:0,(anonymous_10)
FNDA:0,(anonymous_12)
FNDA:0,(anonymous_13)
FNDA:0,(anonymous_15)
DA:3,0
DA:6,0
DA:7,0
DA:11,0
DA:15,0
LF:5
LH:0
BRF:0
BRH:0
end_of_record
TN:
SF:/home/travis/build/MaibornWolff/codecharta/visualization/app/codeCharta/ui/ui.ts
FNF:0
FNH:0
DA:31,1
LF:1
LH:1
BRF:0
BRH:0
end_of_record
TN:
SF:/home/travis/build/MaibornWolff/codecharta/visualization/app/codeCharta/ui/blacklistPanel/blacklistPanel.component.ts
FN:18,(anonymous_0)
FN:27,(anonymous_1)
FN:31,(anonymous_2)
FN:37,(anonymous_3)
FN:42,(anonymous_4)
FN:51,(anonymous_5)
FN:52,(anonymous_6)
FN:67,(anonymous_7)
FN:68,(anonymous_8)
FN:74,(anonymous_9)
FNF:10
FNH:9
FNDA:6,(anonymous_0)
FNDA:4,(anonymous_1)
FNDA:1,(anonymous_2)
FNDA:1,(anonymous_3)
FNDA:6,(anonymous_4)
FNDA:6,(anonymous_5)
FNDA:36,(anonymous_6)
FNDA:4,(anonymous_7)
FNDA:1,(anonymous_8)
FNDA:0,(anonymous_9)
DA:12,6
DA:18,6
DA:19,6
DA:20,6
DA:22,6
DA:23,6
DA:28,4
DA:32,1
DA:33,1
DA:38,1
DA:39,1
DA:43,6
DA:44,3
DA:47,3
DA:52,36
DA:54,6
DA:55,1
DA:56,5
DA:57,1
DA:58,4
DA:59,1
DA:61,3
DA:62,3
DA:64,3
DA:68,4
DA:69,1
DA:75,0
DA:79,2
LF:28
LH:27
BRDA:22,0,0,6
BRDA:22,0,1,0
BRDA:32,1,0,1
BRDA:32,1,1,0
BRDA:43,2,0,3
BRDA:43,2,1,3
BRDA:54,3,0,1
BRDA:54,3,1,5
BRDA:56,4,0,1
BRDA:56,4,1,4
BRDA:58,5,0,1
BRDA:58,5,1,3
BRDA:69,6,0,1
BRDA:69,6,1,1
BRDA:75,7,0,0
BRDA:75,7,1,0
BRDA:75,8,0,0
BRDA:75,8,1,0
BRF:18
BRH:12
end_of_record
TN:
SF:/home/travis/build/MaibornWolff/codecharta/visualization/app/codeCharta/ui/blacklistPanel/blacklistPanel.ts
FNF:0
FNH:0
DA:8,1
LF:1
LH:1
BRF:0
BRH:0
end_of_record
TN:
SF:/home/travis/build/MaibornWolff/codecharta/visualization/app/codeCharta/ui/codeMap/codeMap.actions.service.ts
FN:11,(anonymous_0)
FN:19,(anonymous_1)
FN:27,(anonymous_2)
FN:29,(anonymous_3)
FN:41,(anonymous_4)
FN:43,(anonymous_5)
FN:55,(anonymous_6)
FN:60,(anonymous_7)
FN:65,(anonymous_8)
FN:75,(anonymous_9)
FN:81,(anonymous_10)
FN:86,(anonymous_11)
FN:87,(anonymous_12)
FN:92,(anonymous_13)
FN:93,(anonymous_14)
FN:101,(anonymous_15)
FN:105,(anonymous_16)
FN:109,(anonymous_17)
FN:113,(anonymous_18)
FN:114,(anonymous_19)
FN:117,(anonymous_20)
FN:118,(anonymous_21)
FN:121,(anonymous_22)
FN:122,(anonymous_23)
FN:125,(anonymous_24)
FN:127,(anonymous_25)
FN:136,(anonymous_26)
FN:140,(anonymous_27)
FN:144,(anonymous_28)
FN:145,(anonymous_29)
FN:150,(anonymous_30)
FN:151,(anonymous_31)
FNF:32
FNH:30
FNDA:60,(anonymous_0)
FNDA:2,(anonymous_1)
FNDA:3,(anonymous_2)
FNDA:7,(anonymous_3)
FNDA:2,(anonymous_4)
FNDA:6,(anonymous_5)
FNDA:4,(anonymous_6)
FNDA:1,(anonymous_7)
FNDA:3,(anonymous_8)
FNDA:2,(anonymous_9)
FNDA:2,(anonymous_10)
FNDA:2,(anonymous_11)
FNDA:8,(anonymous_12)
FNDA:6,(anonymous_13)
FNDA:19,(anonymous_14)
FNDA:5,(anonymous_15)
FNDA:2,(anonymous_16)
FNDA:1,(anonymous_17)
FNDA:1,(anonymous_18)
FNDA:3,(anonymous_19)
FNDA:1,(anonymous_20)
FNDA:3,(anonymous_21)
FNDA:2,(anonymous_22)
FNDA:6,(anonymous_23)
FNDA:8,(anonymous_24)
FNDA:24,(anonymous_25)
FNDA:27,(anonymous_26)
FNDA:27,(anonymous_27)
FNDA:26,(anonymous_28)
FNDA:0,(anonymous_29)
FNDA:4,(anonymous_30)
FNDA:0,(anonymous_31)
DA:9,3
DA:12,60
DA:13,60
DA:14,60
DA:20,2
DA:21,1
DA:23,1
DA:28,3
DA:29,3
DA:30,7
DA:31,6
DA:32,6
DA:33,2
DA:37,3
DA:38,3
DA:42,2
DA:43,2
DA:44,6
DA:45,3
DA:46,3
DA:47,2
DA:51,2
DA:52,2
DA:56,4
DA:57,4
DA:61,1
DA:62,1
DA:66,3
DA:67,1
DA:69,2
DA:70,2
DA:71,2
DA:76,2
DA:77,2
DA:78,2
DA:82,2
DA:83,2
DA:87,2
DA:88,8
DA:89,2
DA:93,6
DA:94,19
DA:96,6
DA:97,5
DA:102,5
DA:106,2
DA:110,1
DA:114,3
DA:118,3
DA:122,6
DA:126,8
DA:127,8
DA:128,24
DA:129,16
DA:132,8
DA:137,27
DA:141,27
DA:145,26
DA:146,0
DA:151,4
DA:152,0
LF:61
LH:59
BRDA:20,0,0,1
BRDA:20,0,1,1
BRDA:30,1,0,6
BRDA:30,1,1,1
BRDA:30,2,0,7
BRDA:30,2,1,3
BRDA:32,3,0,2
BRDA:32,3,1,4
BRDA:44,4,0,3
BRDA:44,4,1,3
BRDA:46,5,0,2
BRDA:46,5,1,1
BRDA:66,6,0,1
BRDA:66,6,1,2
BRDA:96,7,0,5
BRDA:96,7,1,1
BRDA:118,8,0,3
BRDA:118,8,1,3
BRDA:125,9,0,1
BRDA:126,10,0,8
BRDA:126,10,1,0
BRDA:128,11,0,16
BRDA:128,11,1,8
BRDA:128,12,0,24
BRDA:128,12,1,21
BRDA:137,13,0,27
BRDA:137,13,1,18
BRF:27
BRH:26
end_of_record
TN:
SF:/home/travis/build/MaibornWolff/codecharta/visualization/app/codeCharta/ui/codeMap/codeMap.component.ts
FN:22,(anonymous_0)
FN:35,(anonymous_1)
FN:41,(anonymous_2)
FN:49,(anonymous_3)
FN:52,(anonymous_4)
FNF:5
FNH:0
FNDA:0,(anonymous_0)
FNDA:0,(anonymous_1)
FNDA:0,(anonymous_2)
FNDA:0,(anonymous_3)
FNDA:0,(anonymous_4)
DA:22,0
DA:23,0
DA:24,0
DA:25,0
DA:26,0
DA:27,0
DA:28,0
DA:29,0
DA:30,0
DA:32,0
DA:36,0
DA:37,0
DA:38,0
DA:42,0
DA:43,0
DA:44,0
DA:45,0
DA:57,2
LF:18
LH:1
BRDA:43,0,0,0
BRDA:43,0,1,0
BRDA:44,1,0,0
BRDA:44,1,1,0
BRF:4
BRH:0
end_of_record
TN:
SF:/home/travis/build/MaibornWolff/codecharta/visualization/app/codeCharta/ui/codeMap/codeMap.mouseEvent.service.ts
FN:36,(anonymous_0)
FN:48,(anonymous_1)
FN:50,(anonymous_2)
FN:54,(anonymous_3)
FN:58,(anonymous_4)
FN:64,(anonymous_5)
FN:71,(anonymous_6)
FN:94,(anonymous_7)
FN:101,(anonymous_8)
FN:123,(anonymous_9)
FN:131,(anonymous_10)
FN:140,(anonymous_11)
FN:144,(anonymous_12)
FN:155,(anonymous_13)
FN:178,(anonymous_14)
FN:189,(anonymous_15)
FN:191,(anonymous_16)
FN:198,(anonymous_17)
FNF:18
FNH:6
FNDA:7,(anonymous_0)
FNDA:12,(anonymous_1)
FNDA:0,(anonymous_2)
FNDA:0,(anonymous_3)
FNDA:0,(anonymous_4)
FNDA:1,(anonymous_5)
FNDA:0,(anonymous_6)
FNDA:0,(anonymous_7)
FNDA:0,(anonymous_8)
FNDA:0,(anonymous_9)
FNDA:0,(anonymous_10)
FNDA:0,(anonymous_11)
FNDA:0,(anonymous_12)
FNDA:0,(anonymous_13)
FNDA:0,(anonymous_14)
FNDA:3,(anonymous_15)
FNDA:2,(anonymous_16)
FNDA:1,(anonymous_17)
DA:28,6
DA:30,7
DA:31,7
DA:32,7
DA:33,7
DA:36,7
DA:37,7
DA:38,7
DA:39,7
DA:40,7
DA:41,7
DA:42,7
DA:43,7
DA:44,7
DA:45,7
DA:50,12
DA:51,0
DA:54,12
DA:55,0
DA:58,12
DA:59,0
DA:65,1
DA:66,1
DA:67,1
DA:68,1
DA:72,0
DA:74,0
DA:75,0
DA:77,0
DA:78,0
DA:80,0
DA:81,0
DA:84,0
DA:87,0
DA:88,0
DA:89,0
DA:95,0
DA:96,0
DA:97,0
DA:98,0
DA:103,0
DA:105,0
DA:107,0
DA:108,0
DA:109,0
DA:112,0
DA:113,0
DA:114,0
DA:117,0
DA:124,0
DA:125,0
DA:126,0
DA:127,0
DA:132,0
DA:141,0
DA:145,0
DA:146,0
DA:148,0
DA:150,0
DA:151,0
DA:162,0
DA:163,0
DA:164,0
DA:168,0
DA:170,0
DA:171,0
DA:174,0
DA:179,0
DA:181,0
DA:182,0
DA:185,0
DA:190,3
DA:191,3
DA:192,2
DA:193,1
DA:199,1
LF:76
LH:27
BRDA:74,0,0,0
BRDA:74,0,1,0
BRDA:80,1,0,0
BRDA:80,1,1,0
BRDA:87,2,0,0
BRDA:87,2,1,0
BRDA:103,3,0,0
BRDA:103,3,1,0
BRDA:107,4,0,0
BRDA:107,4,1,0
BRDA:112,5,0,0
BRDA:112,5,1,0
BRDA:112,6,0,0
BRDA:112,6,1,0
BRDA:117,7,0,0
BRDA:117,7,1,0
BRDA:124,8,0,0
BRDA:124,8,1,0
BRDA:126,9,0,0
BRDA:126,9,1,0
BRDA:145,10,0,0
BRDA:145,10,1,0
BRDA:150,11,0,0
BRDA:150,11,1,0
BRDA:162,12,0,0
BRDA:162,12,1,0
BRDA:162,13,0,0
BRDA:162,13,1,0
BRDA:163,14,0,0
BRDA:163,14,1,0
BRDA:163,15,0,0
BRDA:163,15,1,0
BRDA:170,16,0,0
BRDA:170,16,1,0
BRDA:181,17,0,0
BRDA:181,17,1,0
BRDA:192,18,0,1
BRDA:192,18,1,1
BRF:38
BRH:2
end_of_record
TN:
SF:/home/travis/build/MaibornWolff/codecharta/visualization/app/codeCharta/ui/codeMap/codeMap.render.service.ts
FN:36,(anonymous_0)
FN:45,(anonymous_1)
FN:49,(anonymous_2)
FN:53,(anonymous_3)
FN:57,(anonymous_4)
FN:61,(anonymous_5)
FN:70,(anonymous_6)
FN:81,(anonymous_7)
FN:92,(anonymous_8)
FN:113,(anonymous_9)
FN:114,(anonymous_10)
FN:146,(anonymous_11)
FN:156,(anonymous_12)
FN:158,(anonymous_13)
FN:163,(anonymous_14)
FN:182,(anonymous_15)
FNF:16
FNH:13
FNDA:11,(anonymous_0)
FNDA:0,(anonymous_1)
FNDA:0,(anonymous_2)
FNDA:2,(anonymous_3)
FNDA:0,(anonymous_4)
FNDA:1,(anonymous_5)
FNDA:4,(anonymous_6)
FNDA:24,(anonymous_7)
FNDA:4,(anonymous_8)
FNDA:16,(anonymous_9)
FNDA:4,(anonymous_10)
FNDA:4,(anonymous_11)
FNDA:4,(anonymous_12)
FNDA:6,(anonymous_13)
FNDA:3,(anonymous_14)
FNDA:3,(anonymous_15)
DA:19,4
DA:26,4
DA:28,11
DA:29,11
DA:30,11
DA:36,11
DA:37,11
DA:38,11
DA:39,11
DA:40,11
DA:41,11
DA:42,11
DA:54,2
DA:62,1
DA:72,4
DA:73,4
DA:76,4
DA:77,4
DA:82,24
DA:83,24
DA:84,18
DA:85,18
DA:86,36
DA:89,24
DA:94,4
DA:96,4
DA:107,4
DA:109,4
DA:113,16
DA:114,4
DA:115,4
DA:117,4
DA:126,4
DA:127,4
DA:128,4
DA:129,4
DA:130,4
DA:131,8
DA:132,4
DA:133,4
DA:137,4
DA:138,3
DA:141,4
DA:143,4
DA:147,4
DA:148,0
DA:149,0
DA:150,0
DA:152,4
DA:157,4
DA:158,6
DA:160,1
DA:164,3
DA:166,3
DA:167,3
DA:168,3
DA:183,3
DA:184,3
DA:185,3
DA:187,3
DA:188,3
DA:189,3
DA:191,3
DA:192,0
DA:195,3
DA:196,1
DA:199,3
DA:200,1
LF:68
LH:64
BRDA:72,0,0,4
BRDA:72,0,1,0
BRDA:72,1,0,4
BRDA:72,1,1,4
BRDA:72,1,2,4
BRDA:72,1,3,4
BRDA:72,1,4,4
BRDA:72,1,5,4
BRDA:72,1,6,4
BRDA:72,1,7,4
BRDA:76,2,0,4
BRDA:76,2,1,0
BRDA:76,3,0,4
BRDA:76,3,1,4
BRDA:76,3,2,4
BRDA:76,3,3,4
BRDA:113,4,0,16
BRDA:113,4,1,16
BRDA:113,4,2,8
BRDA:130,5,0,12
BRDA:130,5,1,8
BRDA:131,6,0,4
BRDA:131,6,1,4
BRDA:137,7,0,3
BRDA:137,7,1,1
BRDA:137,8,0,4
BRDA:137,8,1,3
BRDA:147,9,0,0
BRDA:147,9,1,4
BRDA:157,10,0,3
BRDA:157,10,1,1
BRDA:157,11,0,4
BRDA:157,11,1,4
BRDA:166,12,0,3
BRDA:166,12,1,0
BRDA:166,13,0,3
BRDA:166,13,1,3
BRDA:191,14,0,0
BRDA:191,14,1,3
BRDA:195,15,0,1
BRDA:195,15,1,2
BRDA:199,16,0,1
BRDA:199,16,1,2
BRF:43
BRH:38
end_of_record
TN:
SF:/home/travis/build/MaibornWolff/codecharta/visualization/app/codeCharta/ui/codeMap/codeMap.ts
FNF:0
FNH:0
DA:12,2
LF:1
LH:1
BRF:0
BRH:0
end_of_record
TN:
SF:/home/travis/build/MaibornWolff/codecharta/visualization/app/codeCharta/ui/codeMap/codeMap.util.service.ts
FN:11,(anonymous_0)
FN:16,(anonymous_1)
FN:20,(anonymous_2)
FN:22,(anonymous_3)
FN:23,(anonymous_4)
FN:30,(anonymous_5)
FN:32,(anonymous_6)
FN:33,(anonymous_7)
FN:37,(anonymous_8)
FN:46,(anonymous_9)
FN:54,(anonymous_10)
FNF:11
FNH:8
FNDA:55,(anonymous_0)
FNDA:86,(anonymous_1)
FNDA:12,(anonymous_2)
FNDA:5,(anonymous_3)
FNDA:47,(anonymous_4)
FNDA:34,(anonymous_5)
FNDA:0,(anonymous_6)
FNDA:0,(anonymous_7)
FNDA:0,(anonymous_8)
FNDA:20,(anonymous_9)
FNDA:56,(anonymous_10)
DA:9,8
DA:12,55
DA:17,86
DA:21,12
DA:22,12
DA:23,47
DA:24,12
DA:26,0
DA:31,34
DA:32,0
DA:33,0
DA:34,34
DA:38,0
DA:39,0
DA:40,0
DA:42,0
DA:47,20
DA:48,20
DA:50,20
DA:51,7
DA:54,13
DA:55,56
DA:56,11
DA:59,13
LF:24
LH:17
BRDA:21,0,0,12
BRDA:21,0,1,0
BRDA:39,1,0,0
BRDA:39,1,1,0
BRDA:50,2,0,7
BRDA:50,2,1,13
BRDA:55,3,0,11
BRDA:55,3,1,45
BRDA:55,4,0,56
BRDA:55,4,1,11
BRF:10
BRH:7
end_of_record
TN:
SF:/home/travis/build/MaibornWolff/codecharta/visualization/app/codeCharta/ui/codeMap/rendering/arrowManager.ts
FN:10,(anonymous_0)
FN:15,(anonymous_1)
FN:22,(anonymous_2)
FN:33,(anonymous_3)
FN:47,(anonymous_4)
FN:57,(anonymous_5)
FN:67,(anonymous_6)
FN:101,(anonymous_7)
FN:126,(anonymous_8)
FNF:9
FNH:9
FNDA:13,(anonymous_0)
FNDA:8,(anonymous_1)
FNDA:1,(anonymous_2)
FNDA:8,(anonymous_3)
FNDA:8,(anonymous_4)
FNDA:18,(anonymous_5)
FNDA:5,(anonymous_6)
FNDA:4,(anonymous_7)
FNDA:3,(anonymous_8)
DA:11,13
DA:12,13
DA:16,8
DA:17,8
DA:18,1
DA:23,1
DA:24,1
DA:25,1
DA:26,2
DA:27,1
DA:30,1
DA:35,8
DA:37,8
DA:38,10
DA:39,10
DA:40,10
DA:41,3
DA:48,8
DA:50,8
DA:51,15
DA:54,8
DA:58,18
DA:59,18
DA:60,18
DA:61,19
DA:62,19
DA:64,18
DA:69,5
DA:71,4
DA:72,4
DA:73,4
DA:75,4
DA:76,4
DA:77,4
DA:79,4
DA:80,4
DA:81,4
DA:83,4
DA:84,4
DA:85,4
DA:87,4
DA:94,4
DA:96,4
DA:97,4
DA:107,4
DA:110,4
DA:111,4
DA:112,4
DA:113,4
DA:116,4
DA:117,4
DA:118,4
DA:119,4
DA:122,4
DA:123,4
DA:127,3
DA:128,0
DA:129,0
DA:130,0
LF:59
LH:56
BRDA:26,0,0,1
BRDA:26,0,1,1
BRDA:40,1,0,3
BRDA:40,1,1,7
BRDA:40,2,0,10
BRDA:40,2,1,3
BRDA:69,3,0,4
BRDA:69,3,1,1
BRDA:69,4,0,5
BRDA:69,4,1,5
BRDA:69,4,2,4
BRDA:69,4,3,4
BRDA:102,5,0,4
BRDA:103,6,0,4
BRDA:104,7,0,4
BRDA:105,8,0,4
BRF:16
BRH:16
end_of_record
TN:
SF:/home/travis/build/MaibornWolff/codecharta/visualization/app/codeCharta/ui/codeMap/rendering/boxGeometryGenerationHelper.ts
FN:5,(anonymous_0)
FN:14,(anonymous_1)
FN:34,(anonymous_2)
FN:69,(anonymous_3)
FN:111,(anonymous_4)
FN:157,(anonymous_5)
FNF:6
FNH:6
FNDA:4,(anonymous_0)
FNDA:4,(anonymous_1)
FNDA:8,(anonymous_2)
FNDA:8,(anonymous_3)
FNDA:8,(anonymous_4)
FNDA:8,(anonymous_5)
DA:5,4
DA:6,4
DA:7,4
DA:8,4
DA:9,4
DA:10,4
DA:11,4
DA:14,4
DA:15,4
DA:16,4
DA:17,4
DA:18,4
DA:21,4
DA:30,4
DA:31,4
DA:37,8
DA:38,8
DA:39,8
DA:40,8
DA:41,8
DA:42,8
DA:43,8
DA:44,8
DA:47,8
DA:48,8
DA:49,8
DA:50,8
DA:51,8
DA:52,8
DA:53,8
DA:54,8
DA:57,8
DA:58,8
DA:59,8
DA:60,8
DA:61,8
DA:62,8
DA:63,8
DA:64,8
DA:66,8
DA:71,8
DA:73,32
DA:79,32
DA:85,32
DA:91,32
DA:93,32
DA:98,32
DA:103,32
DA:122,8
DA:124,8
DA:126,48
DA:127,48
DA:128,48
DA:129,48
DA:130,48
DA:133,48
DA:136,48
DA:139,48
DA:142,48
DA:143,48
DA:144,48
DA:146,24
DA:147,24
DA:151,24
DA:152,24
DA:159,8
DA:160,8
DA:162,8
DA:163,8
DA:165,8
DA:166,8
LF:71
LH:71
BRDA:5,0,0,4
BRDA:5,0,1,4
BRDA:14,1,0,4
BRDA:14,1,1,4
BRDA:94,2,0,16
BRDA:94,2,1,16
BRDA:104,3,0,16
BRDA:104,3,1,16
BRDA:144,4,0,24
BRDA:144,4,1,24
BRF:10
BRH:10
end_of_record
TN:
SF:/home/travis/build/MaibornWolff/codecharta/visualization/app/codeCharta/ui/codeMap/rendering/codeMapBuilding.ts
FN:13,(anonymous_0)
FNF:1
FNH:1
FNDA:9,(anonymous_0)
DA:15,9
DA:16,9
DA:17,9
DA:18,9
LF:4
LH:4
BRDA:17,0,0,4
BRDA:17,0,1,5
BRF:2
BRH:2
end_of_record
TN:
SF:/home/travis/build/MaibornWolff/codecharta/visualization/app/codeCharta/ui/codeMap/rendering/codeMapGeometricDescription.ts
FN:14,(anonymous_0)
FN:20,(anonymous_1)
FN:24,(anonymous_2)
FN:28,(anonymous_3)
FN:32,(anonymous_4)
FN:48,(anonymous_5)
FNF:6
FNH:2
FNDA:4,(anonymous_0)
FNDA:0,(anonymous_1)
FNDA:8,(anonymous_2)
FNDA:0,(anonymous_3)
FNDA:0,(anonymous_4)
FNDA:0,(anonymous_5)
DA:15,4
DA:16,4
DA:17,4
DA:21,0
DA:25,8
DA:29,0
DA:33,0
DA:34,0
DA:36,0
DA:37,0
DA:39,0
DA:40,0
DA:42,0
DA:43,0
DA:45,0
DA:50,0
DA:51,0
DA:53,0
DA:55,0
DA:58,0
DA:60,0
DA:61,0
DA:62,0
DA:64,0
DA:65,0
DA:66,0
DA:68,0
DA:70,0
DA:72,0
DA:74,0
DA:75,0
DA:77,0
DA:78,0
DA:79,0
DA:87,0
DA:88,0
DA:94,0
LF:37
LH:4
BRDA:70,0,0,0
BRDA:70,0,1,0
BRDA:74,1,0,0
BRDA:74,1,1,0
BRDA:77,2,0,0
BRDA:77,2,1,0
BRDA:87,3,0,0
BRDA:87,3,1,0
BRF:8
BRH:0
end_of_record
TN:
SF:/home/travis/build/MaibornWolff/codecharta/visualization/app/codeCharta/ui/codeMap/rendering/codeMapMesh.ts
FN:64,(anonymous_0)
FN:79,(anonymous_1)
FN:100,(anonymous_2)
FN:106,(anonymous_3)
FN:111,(anonymous_4)
FN:115,(anonymous_5)
FN:118,(anonymous_6)
FN:129,(anonymous_7)
FN:132,(anonymous_8)
FN:143,(anonymous_9)
FN:148,(anonymous_10)
FN:153,(anonymous_11)
FN:160,(anonymous_12)
FN:167,(anonymous_13)
FN:172,(anonymous_14)
FN:182,(anonymous_15)
FN:188,(anonymous_16)
FNF:17
FNH:3
FNDA:4,(anonymous_0)
FNDA:4,(anonymous_1)
FNDA:4,(anonymous_2)
FNDA:0,(anonymous_3)
FNDA:0,(anonymous_4)
FNDA:0,(anonymous_5)
FNDA:0,(anonymous_6)
FNDA:0,(anonymous_7)
FNDA:0,(anonymous_8)
FNDA:0,(anonymous_9)
FNDA:0,(anonymous_10)
FNDA:0,(anonymous_11)
FNDA:0,(anonymous_12)
FNDA:0,(anonymous_13)
FNDA:0,(anonymous_14)
FNDA:0,(anonymous_15)
FNDA:0,(anonymous_16)
DA:49,4
DA:66,4
DA:68,4
DA:70,4
DA:71,4
DA:73,4
DA:74,4
DA:76,4
DA:82,4
DA:83,4
DA:85,0
DA:88,4
DA:90,4
DA:92,4
DA:101,4
DA:102,4
DA:107,0
DA:108,0
DA:112,0
DA:118,0
DA:120,0
DA:122,0
DA:123,0
DA:126,0
DA:132,0
DA:134,0
DA:136,0
DA:137,0
DA:140,0
DA:145,0
DA:150,0
DA:156,0
DA:157,0
DA:163,0
DA:164,0
DA:169,0
DA:175,0
DA:176,0
DA:177,0
DA:179,0
DA:184,0
DA:185,0
DA:190,0
LF:43
LH:15
BRDA:82,0,0,4
BRDA:82,0,1,0
BRDA:122,1,0,0
BRDA:122,1,1,0
BRDA:136,2,0,0
BRDA:136,2,1,0
BRF:6
BRH:1
end_of_record
TN:
SF:/home/travis/build/MaibornWolff/codecharta/visualization/app/codeCharta/ui/codeMap/rendering/codeMapShaderStrings.ts
FN:8,(anonymous_0)
FNF:1
FNH:1
FNDA:5,(anonymous_0)
DA:9,5
DA:10,5
LF:2
LH:2
BRF:0
BRH:0
end_of_record
TN:
SF:/home/travis/build/MaibornWolff/codecharta/visualization/app/codeCharta/ui/codeMap/rendering/geometryGenerator.ts
FN:32,(anonymous_0)
FN:35,(anonymous_1)
FN:58,(anonymous_2)
FN:69,(anonymous_3)
FN:76,(anonymous_4)
FN:99,(anonymous_5)
FN:108,(anonymous_6)
FN:140,(anonymous_7)
FN:167,(anonymous_8)
FNF:9
FNH:8
FNDA:4,(anonymous_0)
FNDA:4,(anonymous_1)
FNDA:8,(anonymous_2)
FNDA:4,(anonymous_3)
FNDA:4,(anonymous_4)
FNDA:0,(anonymous_5)
FNDA:4,(anonymous_6)
FNDA:4,(anonymous_7)
FNDA:4,(anonymous_8)
DA:28,4
DA:36,4
DA:37,4
DA:39,4
DA:41,4
DA:42,8
DA:44,8
DA:45,4
DA:48,4
DA:52,4
DA:59,8
DA:70,4
DA:71,0
DA:73,4
DA:79,4
DA:82,4
DA:84,4
DA:96,4
DA:100,0
DA:101,0
DA:104,0
DA:109,4
DA:110,4
DA:112,4
DA:114,4
DA:116,4
DA:117,0
DA:119,0
DA:120,0
DA:125,4
DA:137,4
DA:141,4
DA:143,4
DA:144,4
DA:146,4
DA:147,4
DA:149,0
DA:150,0
DA:152,0
DA:153,0
DA:156,0
DA:161,0
DA:164,4
DA:168,4
DA:169,4
DA:170,4
DA:172,4
DA:173,4
DA:174,4
DA:175,4
DA:176,4
DA:177,4
DA:179,4
DA:180,192
DA:181,192
DA:182,192
DA:184,192
DA:185,192
DA:186,192
DA:188,192
DA:189,192
DA:191,192
DA:193,192
DA:194,192
DA:195,192
DA:197,192
DA:198,192
DA:201,4
DA:203,4
DA:204,288
DA:207,4
DA:209,4
DA:210,4
DA:211,4
DA:212,4
DA:213,4
DA:214,4
DA:216,4
DA:218,4
LF:79
LH:66
BRDA:44,0,0,4
BRDA:44,0,1,4
BRDA:70,1,0,0
BRDA:70,1,1,4
BRDA:79,2,0,0
BRDA:79,2,1,4
BRDA:79,3,0,0
BRDA:79,3,1,0
BRDA:100,4,0,0
BRDA:100,4,1,0
BRDA:100,5,0,0
BRDA:100,5,1,0
BRDA:116,6,0,0
BRDA:116,6,1,4
BRDA:116,7,0,4
BRDA:116,7,1,0
BRDA:116,7,2,0
BRDA:119,8,0,0
BRDA:119,8,1,0
BRDA:143,9,0,4
BRDA:143,9,1,0
BRDA:146,10,0,4
BRDA:146,10,1,0
BRDA:146,11,0,4
BRDA:146,11,1,0
BRDA:149,12,0,0
BRDA:149,12,1,0
BRDA:150,13,0,0
BRDA:150,13,1,0
BRDA:152,14,0,0
BRDA:152,14,1,0
BRDA:153,15,0,0
BRDA:153,15,1,0
BRF:33
BRH:9
end_of_record
TN:
SF:/home/travis/build/MaibornWolff/codecharta/visualization/app/codeCharta/ui/codeMap/rendering/intermediateVertexData.ts
FN:13,(anonymous_0)
FN:25,(anonymous_1)
FN:36,(anonymous_2)
FNF:3
FNH:3
FNDA:6,(anonymous_0)
FNDA:193,(anonymous_1)
FNDA:98,(anonymous_2)
DA:15,6
DA:16,6
DA:17,6
DA:18,6
DA:19,6
DA:20,6
DA:22,6
DA:26,193
DA:27,193
DA:28,193
DA:29,193
DA:30,193
DA:31,193
DA:33,193
DA:38,98
LF:15
LH:15
BRF:0
BRH:0
end_of_record
TN:
SF:/home/travis/build/MaibornWolff/codecharta/visualization/app/codeCharta/ui/codeMap/rendering/labelManager.ts
FN:15,(anonymous_0)
FN:20,(anonymous_1)
FN:53,(anonymous_2)
FN:60,(anonymous_3)
FN:84,(anonymous_4)
FNF:5
FNH:5
FNDA:20,(anonymous_0)
FNDA:9,(anonymous_1)
FNDA:5,(anonymous_2)
FNDA:1,(anonymous_3)
FNDA:4,(anonymous_4)
DA:16,20
DA:17,20
DA:21,9
DA:23,4
DA:24,4
DA:25,4
DA:27,4
DA:28,4
DA:29,4
DA:31,4
DA:32,4
DA:34,4
DA:38,4
DA:39,4
DA:44,4
DA:46,4
DA:47,4
DA:49,4
DA:54,5
DA:55,5
DA:56,0
DA:61,1
DA:62,2
DA:63,2
DA:64,2
DA:68,2
DA:69,2
DA:70,2
DA:72,2
DA:73,2
DA:74,2
DA:85,4
DA:86,4
DA:87,4
DA:89,4
DA:92,4
DA:93,4
DA:94,4
DA:95,4
DA:98,4
DA:99,4
DA:100,4
DA:101,4
DA:104,4
DA:105,4
DA:106,4
DA:107,4
DA:108,4
DA:110,4
DA:111,4
DA:112,4
DA:114,4
DA:115,4
DA:116,4
DA:118,4
LF:55
LH:54
BRDA:21,0,0,4
BRDA:21,0,1,5
BRDA:21,1,0,9
BRDA:21,1,1,9
BRF:4
BRH:4
end_of_record
TN:
SF:/home/travis/build/MaibornWolff/codecharta/visualization/app/codeCharta/ui/codeMap/rendering/renderSettings.ts
FN:10,getFloorGradient
FN:23,(anonymous_1)
FNF:2
FNH:2
FNDA:4,getFloorGradient
FNDA:9,(anonymous_1)
DA:11,4
DA:14,9
DA:23,9
DA:24,9
DA:25,9
DA:26,9
DA:27,9
DA:28,9
DA:29,9
DA:30,9
DA:31,9
LF:11
LH:11
BRDA:23,0,0,9
BRDA:23,0,1,9
BRF:2
BRH:2
end_of_record
TN:
SF:/home/travis/build/MaibornWolff/codecharta/visualization/app/codeCharta/ui/codeMap/rendering/renderingUtil.ts
FN:7,(anonymous_0)
FN:9,(anonymous_1)
FN:15,(anonymous_2)
FN:24,(anonymous_3)
FN:29,(anonymous_4)
FNF:5
FNH:4
FNDA:4,(anonymous_0)
FNDA:8,(anonymous_1)
FNDA:219,(anonymous_2)
FNDA:0,(anonymous_3)
FNDA:4,(anonymous_4)
DA:8,4
DA:9,4
DA:10,8
DA:12,4
DA:17,219
DA:25,0
DA:30,4
DA:36,4
DA:42,4
DA:43,4
DA:44,4
DA:46,4
DA:47,4
DA:48,4
DA:49,4
DA:51,4
DA:52,0
DA:53,0
DA:54,0
DA:55,0
DA:57,4
LF:21
LH:16
BRF:0
BRH:0
end_of_record
TN:
SF:/home/travis/build/MaibornWolff/codecharta/visualization/app/codeCharta/ui/codeMap/threeViewer/threeCameraService.ts
FN:21,(anonymous_0)
FN:25,(anonymous_1)
FN:37,(anonymous_2)
FN:44,(anonymous_3)
FNF:4
FNH:4
FNDA:60,(anonymous_0)
FNDA:1,(anonymous_1)
FNDA:2,(anonymous_2)
FNDA:1,(anonymous_3)
DA:13,10
DA:15,10
DA:16,10
DA:17,10
DA:26,1
DA:38,2
DA:39,2
DA:40,2
DA:41,2
DA:45,1
LF:10
LH:10
BRF:0
BRH:0
end_of_record
TN:
SF:/home/travis/build/MaibornWolff/codecharta/visualization/app/codeCharta/ui/codeMap/threeViewer/threeOrbitControlsService.ts
FN:23,(anonymous_0)
FN:29,(anonymous_1)
FN:50,(anonymous_2)
FN:51,(anonymous_3)
FN:60,(anonymous_4)
FN:64,(anonymous_5)
FN:73,(anonymous_6)
FNF:7
FNH:3
FNDA:56,(anonymous_0)
FNDA:0,(anonymous_1)
FNDA:55,(anonymous_2)
FNDA:1,(anonymous_3)
FNDA:0,(anonymous_4)
FNDA:0,(anonymous_5)
FNDA:0,(anonymous_6)
DA:17,11
DA:18,11
DA:24,56
DA:25,56
DA:26,56
DA:31,0
DA:33,0
DA:34,0
DA:35,0
DA:36,0
DA:38,0
DA:39,0
DA:41,0
DA:42,0
DA:43,0
DA:44,0
DA:46,0
DA:51,55
DA:52,1
DA:61,0
DA:62,0
DA:63,0
DA:64,0
DA:65,0
DA:74,0
LF:25
LH:7
BRDA:29,0,0,0
BRF:1
BRH:0
end_of_record
TN:
SF:/home/travis/build/MaibornWolff/codecharta/visualization/app/codeCharta/ui/codeMap/threeViewer/threeRendererService.ts
FN:29,(anonymous_0)
FN:37,(anonymous_1)
FN:46,(anonymous_2)
FN:54,(anonymous_3)
FNF:4
FNH:1
FNDA:4,(anonymous_0)
FNDA:0,(anonymous_1)
FNDA:0,(anonymous_2)
FNDA:0,(anonymous_3)
DA:10,9
DA:12,9
DA:17,9
DA:19,9
DA:21,9
DA:30,4
DA:38,0
DA:39,0
DA:40,0
DA:41,0
DA:42,0
DA:43,0
DA:47,0
DA:48,0
DA:50,0
DA:55,0
DA:56,0
LF:17
LH:6
BRDA:47,0,0,0
BRDA:47,0,1,0
BRF:2
BRH:0
end_of_record
TN:
SF:/home/travis/build/MaibornWolff/codecharta/visualization/app/codeCharta/ui/codeMap/threeViewer/threeSceneService.ts
FN:22,(anonymous_0)
FN:40,(anonymous_1)
FN:67,(anonymous_2)
FN:83,(anonymous_3)
FNF:4
FNH:2
FNDA:57,(anonymous_0)
FNDA:57,(anonymous_1)
FNDA:0,(anonymous_2)
FNDA:0,(anonymous_3)
DA:13,10
DA:24,57
DA:26,57
DA:27,57
DA:28,57
DA:29,57
DA:31,57
DA:33,57
DA:34,57
DA:35,57
DA:36,57
DA:41,57
DA:42,57
DA:43,57
DA:44,57
DA:45,57
DA:46,57
DA:47,57
DA:48,57
DA:49,57
DA:50,57
DA:52,57
DA:53,57
DA:54,57
DA:55,57
DA:56,57
DA:57,57
DA:58,57
DA:59,57
DA:60,57
DA:62,57
DA:63,57
DA:64,57
DA:68,0
DA:70,0
DA:71,0
DA:76,0
DA:78,0
DA:79,0
DA:80,0
DA:84,0
LF:41
LH:33
BRF:0
BRH:0
end_of_record
TN:
SF:/home/travis/build/MaibornWolff/codecharta/visualization/app/codeCharta/ui/codeMap/threeViewer/threeUpdateCycleService.ts
FN:10,(anonymous_0)
FN:13,(anonymous_1)
FN:20,(anonymous_2)
FN:21,(anonymous_3)
FNF:4
FNH:3
FNDA:6,(anonymous_0)
FNDA:0,(anonymous_1)
FNDA:1,(anonymous_2)
FNDA:2,(anonymous_3)
DA:6,9
DA:8,6
DA:14,0
DA:21,1
DA:22,2
LF:5
LH:4
BRF:0
BRH:0
end_of_record
TN:
SF:/home/travis/build/MaibornWolff/codecharta/visualization/app/codeCharta/ui/codeMap/threeViewer/threeViewer.ts
FNF:0
FNH:0
DA:11,8
LF:1
LH:1
BRF:0
BRH:0
end_of_record
TN:
SF:/home/travis/build/MaibornWolff/codecharta/visualization/app/codeCharta/ui/codeMap/threeViewer/threeViewerService.ts
FN:17,(anonymous_0)
FN:32,(anonymous_1)
FN:62,(anonymous_2)
FN:73,(anonymous_3)
FNF:4
FNH:4
FNDA:4,(anonymous_0)
FNDA:1,(anonymous_1)
FNDA:1,(anonymous_2)
FNDA:1,(anonymous_3)
DA:14,9
DA:18,4
DA:19,4
DA:20,4
DA:21,4
DA:22,4
DA:23,4
DA:34,1
DA:43,1
DA:44,1
DA:47,1
DA:50,1
DA:53,1
DA:56,1
DA:63,1
DA:65,1
DA:66,1
DA:67,1
DA:74,1
DA:75,1
DA:76,1
DA:77,1
LF:22
LH:22
BRF:0
BRH:0
end_of_record
TN:
SF:/home/travis/build/MaibornWolff/codecharta/visualization/app/codeCharta/ui/colorSettingsPanel/colorSettingsPanel.component.ts
FN:9,(anonymous_0)
FNF:1
FNH:0
FNDA:0,(anonymous_0)
DA:6,0
DA:10,0
DA:16,1
LF:3
LH:1
BRF:0
BRH:0
end_of_record
TN:
SF:/home/travis/build/MaibornWolff/codecharta/visualization/app/codeCharta/ui/colorSettingsPanel/colorSettingsPanel.ts
FNF:0
FNH:0
DA:9,1
LF:1
LH:1
BRF:0
BRH:0
end_of_record
TN:
SF:/home/travis/build/MaibornWolff/codecharta/visualization/app/codeCharta/ui/detailPanel/detailPanel.ts
FNF:0
FNH:0
DA:8,1
DA:13,1
LF:2
LH:2
BRF:0
BRH:0
end_of_record
TN:
SF:/home/travis/build/MaibornWolff/codecharta/visualization/app/codeCharta/ui/detailPanel/detailPanelComponent.ts
FN:46,(anonymous_0)
FN:97,(anonymous_1)
FN:101,(anonymous_2)
FN:105,(anonymous_3)
FN:111,(anonymous_4)
FN:120,(anonymous_5)
FN:131,(anonymous_6)
FN:142,(anonymous_7)
FN:154,(anonymous_8)
FN:166,(anonymous_9)
FN:168,(anonymous_10)
FN:189,(anonymous_11)
FN:203,(anonymous_12)
FN:205,(anonymous_13)
FN:228,(anonymous_14)
FN:229,(anonymous_15)
FN:248,(anonymous_16)
FN:249,(anonymous_17)
FNF:18
FNH:0
FNDA:0,(anonymous_0)
FNDA:0,(anonymous_1)
FNDA:0,(anonymous_2)
FNDA:0,(anonymous_3)
FNDA:0,(anonymous_4)
FNDA:0,(anonymous_5)
FNDA:0,(anonymous_6)
FNDA:0,(anonymous_7)
FNDA:0,(anonymous_8)
FNDA:0,(anonymous_9)
FNDA:0,(anonymous_10)
FNDA:0,(anonymous_11)
FNDA:0,(anonymous_12)
FNDA:0,(anonymous_13)
FNDA:0,(anonymous_14)
FNDA:0,(anonymous_15)
FNDA:0,(anonymous_16)
FNDA:0,(anonymous_17)
DA:46,0
DA:47,0
DA:48,0
DA:49,0
DA:51,0
DA:87,0
DA:90,0
DA:92,0
DA:93,0
DA:98,0
DA:102,0
DA:112,0
DA:113,0
DA:114,0
DA:121,0
DA:122,0
DA:124,0
DA:132,0
DA:133,0
DA:135,0
DA:143,0
DA:144,0
DA:146,0
DA:155,0
DA:156,0
DA:158,0
DA:167,0
DA:168,0
DA:169,0
DA:170,0
DA:171,0
DA:172,0
DA:173,0
DA:174,0
DA:177,0
DA:178,0
DA:179,0
DA:180,0
DA:181,0
DA:183,0
DA:184,0
DA:185,0
DA:190,0
DA:191,0
DA:192,0
DA:193,0
DA:194,0
DA:196,0
DA:204,0
DA:205,0
DA:206,0
DA:207,0
DA:208,0
DA:209,0
DA:210,0
DA:211,0
DA:213,0
DA:214,0
DA:215,0
DA:216,0
DA:217,0
DA:219,0
DA:220,0
DA:221,0
DA:229,0
DA:230,0
DA:231,0
DA:232,0
DA:233,0
DA:234,0
DA:235,0
DA:236,0
DA:237,0
DA:238,0
DA:239,0
DA:240,0
DA:241,0
DA:249,0
DA:250,0
DA:251,0
DA:252,0
DA:253,0
DA:254,0
DA:255,0
DA:256,0
DA:257,0
DA:258,0
DA:259,0
DA:260,0
DA:261,0
DA:267,1
LF:91
LH:1
BRDA:121,0,0,0
BRDA:121,0,1,0
BRDA:121,1,0,0
BRDA:121,1,1,0
BRDA:132,2,0,0
BRDA:132,2,1,0
BRDA:132,3,0,0
BRDA:132,3,1,0
BRDA:143,4,0,0
BRDA:143,4,1,0
BRDA:143,5,0,0
BRDA:143,5,1,0
BRDA:144,6,0,0
BRDA:144,6,1,0
BRDA:155,7,0,0
BRDA:155,7,1,0
BRDA:155,8,0,0
BRDA:155,8,1,0
BRDA:156,9,0,0
BRDA:156,9,1,0
BRDA:170,10,0,0
BRDA:170,10,1,0
BRDA:170,11,0,0
BRDA:170,11,1,0
BRDA:171,12,0,0
BRDA:171,12,1,0
BRDA:172,13,0,0
BRDA:172,13,1,0
BRDA:173,14,0,0
BRDA:173,14,1,0
BRDA:177,15,0,0
BRDA:177,15,1,0
BRDA:178,16,0,0
BRDA:178,16,1,0
BRDA:179,17,0,0
BRDA:179,17,1,0
BRDA:180,18,0,0
BRDA:180,18,1,0
BRDA:207,19,0,0
BRDA:207,19,1,0
BRDA:208,20,0,0
BRDA:208,20,1,0
BRDA:209,21,0,0
BRDA:209,21,1,0
BRDA:210,22,0,0
BRDA:210,22,1,0
BRDA:213,23,0,0
BRDA:213,23,1,0
BRDA:213,24,0,0
BRDA:213,24,1,0
BRDA:214,25,0,0
BRDA:214,25,1,0
BRDA:215,26,0,0
BRDA:215,26,1,0
BRDA:216,27,0,0
BRDA:216,27,1,0
BRF:56
BRH:0
end_of_record
TN:
SF:/home/travis/build/MaibornWolff/codecharta/visualization/app/codeCharta/ui/dialog/dialog.service.ts
FN:9,(anonymous_0)
FN:12,(anonymous_1)
FN:16,(anonymous_2)
FN:22,(anonymous_3)
FN:36,(anonymous_4)
FNF:5
FNH:1
FNDA:17,(anonymous_0)
FNDA:0,(anonymous_1)
FNDA:0,(anonymous_2)
FNDA:0,(anonymous_3)
FNDA:0,(anonymous_4)
DA:6,12
DA:9,17
DA:13,0
DA:17,0
DA:27,0
DA:44,0
DA:51,0
LF:7
LH:2
BRDA:23,0,0,0
BRDA:24,1,0,0
BRDA:25,2,0,0
BRDA:39,3,0,0
BRDA:40,4,0,0
BRDA:41,5,0,0
BRF:6
BRH:0
end_of_record
TN:
SF:/home/travis/build/MaibornWolff/codecharta/visualization/app/codeCharta/ui/dialog/dialog.ts
FNF:0
FNH:0
DA:7,10
DA:9,10
LF:2
LH:2
BRF:0
BRH:0
end_of_record
TN:
SF:/home/travis/build/MaibornWolff/codecharta/visualization/app/codeCharta/ui/dialog/errorDialog.po.ts
FN:3,(anonymous_6)
FN:5,(anonymous_7)
FN:6,(anonymous_9)
FN:9,(anonymous_10)
FNF:4
FNH:0
FNDA:0,(anonymous_6)
FNDA:0,(anonymous_7)
FNDA:0,(anonymous_9)
FNDA:0,(anonymous_10)
DA:3,0
DA:6,0
DA:10,0
DA:11,0
LF:4
LH:0
BRF:0
BRH:0
end_of_record
TN:
SF:/home/travis/build/MaibornWolff/codecharta/visualization/app/codeCharta/ui/dialog/queryParam.dialog.ts
FN:7,(anonymous_0)
FN:11,(anonymous_1)
FNF:2
FNH:0
FNDA:0,(anonymous_0)
FNDA:0,(anonymous_1)
DA:7,0
DA:8,0
DA:12,0
DA:17,12
LF:4
LH:1
BRF:0
BRH:0
end_of_record
TN:
SF:/home/travis/build/MaibornWolff/codecharta/visualization/app/codeCharta/ui/displaySettingsPanel/displaySettingsPanel.component.ts
FN:13,(anonymous_0)
FN:20,(anonymous_1)
FN:26,(anonymous_2)
FN:32,(anonymous_3)
FNF:4
FNH:3
FNDA:4,(anonymous_0)
FNDA:5,(anonymous_1)
FNDA:2,(anonymous_2)
FNDA:0,(anonymous_3)
DA:6,4
DA:14,4
DA:16,4
DA:17,4
DA:21,5
DA:22,5
DA:23,5
DA:27,2
DA:28,2
DA:29,2
DA:33,0
DA:34,0
DA:38,2
LF:13
LH:11
BRF:0
BRH:0
end_of_record
TN:
SF:/home/travis/build/MaibornWolff/codecharta/visualization/app/codeCharta/ui/displaySettingsPanel/displaySettingsPanel.ts
FNF:0
FNH:0
DA:8,1
LF:1
LH:1
BRF:0
BRH:0
end_of_record
TN:
SF:/home/travis/build/MaibornWolff/codecharta/visualization/app/codeCharta/ui/experimentalSettingsPanel/experimentalSettingsPanel.component.ts
FN:7,(anonymous_0)
FNF:1
FNH:0
FNDA:0,(anonymous_0)
DA:8,0
DA:14,1
LF:2
LH:1
BRF:0
BRH:0
end_of_record
TN:
SF:/home/travis/build/MaibornWolff/codecharta/visualization/app/codeCharta/ui/experimentalSettingsPanel/experimentalSettingsPanel.ts
FNF:0
FNH:0
DA:9,1
LF:1
LH:1
BRF:0
BRH:0
end_of_record
TN:
SF:/home/travis/build/MaibornWolff/codecharta/visualization/app/codeCharta/ui/fileChooser/fileChooser.ts
FN:18,(anonymous_0)
FNF:1
FNH:0
FNDA:0,(anonymous_0)
DA:10,1
DA:12,1
DA:16,1
DA:18,0
LF:4
LH:3
BRF:0
BRH:0
end_of_record
TN:
SF:/home/travis/build/MaibornWolff/codecharta/visualization/app/codeCharta/ui/fileChooser/fileChooserController.ts
FN:21,(anonymous_0)
FN:35,(anonymous_1)
FN:38,(anonymous_2)
FN:41,(anonymous_3)
FN:44,(anonymous_4)
FN:61,(anonymous_5)
FN:85,(anonymous_6)
FN:88,(anonymous_7)
FN:98,(anonymous_8)
FN:109,(anonymous_9)
FNF:10
FNH:8
FNDA:10,(anonymous_0)
FNDA:2,(anonymous_1)
FNDA:2,(anonymous_2)
FNDA:0,(anonymous_3)
FNDA:0,(anonymous_4)
FNDA:6,(anonymous_5)
FNDA:6,(anonymous_6)
FNDA:5,(anonymous_7)
FNDA:1,(anonymous_8)
FNDA:2,(anonymous_9)
DA:22,10
DA:23,10
DA:24,10
DA:25,10
DA:26,10
DA:27,10
DA:36,2
DA:37,2
DA:38,2
DA:39,2
DA:40,2
DA:41,0
DA:42,0
DA:43,0
DA:44,0
DA:45,0
DA:47,0
DA:62,6
DA:65,6
DA:66,6
DA:69,1
DA:70,1
DA:71,1
DA:74,5
DA:75,5
DA:86,6
DA:87,6
DA:90,5
DA:91,5
DA:92,5
DA:94,5
DA:95,5
DA:99,1
DA:110,2
LF:34
LH:28
BRDA:94,0,0,5
BRDA:94,0,1,0
BRDA:94,1,0,5
BRDA:94,1,1,0
BRF:4
BRH:2
end_of_record
TN:
SF:/home/travis/build/MaibornWolff/codecharta/visualization/app/codeCharta/ui/fileChooser/fileChooserDirective.ts
FN:16,(anonymous_0)
FN:22,(anonymous_1)
FNF:2
FNH:0
FNDA:0,(anonymous_0)
FNDA:0,(anonymous_1)
DA:8,0
DA:9,0
DA:10,0
DA:11,0
DA:12,0
DA:13,0
DA:14,0
DA:23,0
LF:8
LH:0
BRF:0
BRH:0
end_of_record
TN:
SF:/home/travis/build/MaibornWolff/codecharta/visualization/app/codeCharta/ui/layoutSwitcher/layoutSwitcher.component.ts
FN:15,(anonymous_0)
FN:18,(anonymous_1)
FN:31,(anonymous_2)
FNF:3
FNH:0
FNDA:0,(anonymous_0)
FNDA:0,(anonymous_1)
FNDA:0,(anonymous_2)
DA:3,1
DA:5,0
DA:7,0
DA:16,0
DA:18,0
DA:20,0
DA:22,0
DA:32,0
DA:37,1
LF:9
LH:2
BRF:0
BRH:0
end_of_record
TN:
SF:/home/travis/build/MaibornWolff/codecharta/visualization/app/codeCharta/ui/layoutSwitcher/layoutSwitcher.ts
FNF:0
FNH:0
DA:6,1
LF:1
LH:1
BRF:0
BRH:0
end_of_record
TN:
SF:/home/travis/build/MaibornWolff/codecharta/visualization/app/codeCharta/ui/legendPanel/legendPanel.component.ts
FN:45,(anonymous_0)
FN:51,(anonymous_1)
FN:54,(anonymous_2)
FN:65,(anonymous_3)
FN:72,(anonymous_4)
FN:80,(anonymous_5)
FN:81,(anonymous_6)
FN:85,(anonymous_7)
FN:90,(anonymous_8)
FN:104,(anonymous_9)
FN:110,(anonymous_10)
FN:120,(anonymous_11)
FN:137,(anonymous_12)
FN:147,(anonymous_13)
FN:151,(anonymous_14)
FN:175,(anonymous_15)
FN:200,(anonymous_16)
FN:224,(anonymous_17)
FN:230,(anonymous_18)
FN:239,(anonymous_19)
FN:243,(anonymous_20)
FN:253,(anonymous_21)
FN:257,(anonymous_22)
FN:264,(anonymous_23)
FN:265,(anonymous_24)
FN:269,(anonymous_25)
FN:276,(anonymous_26)
FNF:27
FNH:18
FNDA:11,(anonymous_0)
FNDA:0,(anonymous_1)
FNDA:0,(anonymous_2)
FNDA:0,(anonymous_3)
FNDA:3,(anonymous_4)
FNDA:0,(anonymous_5)
FNDA:0,(anonymous_6)
FNDA:3,(anonymous_7)
FNDA:18,(anonymous_8)
FNDA:3,(anonymous_9)
FNDA:3,(anonymous_10)
FNDA:0,(anonymous_11)
FNDA:3,(anonymous_12)
FNDA:0,(anonymous_13)
FNDA:3,(anonymous_14)
FNDA:3,(anonymous_15)
FNDA:3,(anonymous_16)
FNDA:22,(anonymous_17)
FNDA:28,(anonymous_18)
FNDA:31,(anonymous_19)
FNDA:65,(anonymous_20)
FNDA:23,(anonymous_21)
FNDA:3,(anonymous_22)
FNDA:11,(anonymous_23)
FNDA:0,(anonymous_24)
FNDA:0,(anonymous_25)
FNDA:3,(anonymous_26)
DA:45,11
DA:46,11
DA:47,11
DA:48,11
DA:49,11
DA:51,11
DA:52,0
DA:54,11
DA:55,0
DA:58,11
DA:60,11
DA:62,11
DA:66,0
DA:67,0
DA:68,0
DA:73,3
DA:74,0
DA:75,0
DA:77,3
DA:78,3
DA:80,3
DA:81,3
DA:86,3
DA:87,3
DA:88,3
DA:90,3
DA:91,18
DA:92,18
DA:93,3
DA:94,3
DA:95,0
DA:97,3
DA:105,3
DA:111,3
DA:121,0
DA:122,0
DA:123,0
DA:124,0
DA:125,0
DA:126,0
DA:130,0
DA:132,0
DA:133,0
DA:138,3
DA:139,3
DA:140,0
DA:141,0
DA:144,3
DA:148,0
DA:152,3
DA:153,3
DA:154,3
DA:155,3
DA:156,3
DA:164,3
DA:165,3
DA:166,0
DA:167,0
DA:169,3
DA:176,3
DA:180,3
DA:181,3
DA:183,3
DA:184,1
DA:186,2
DA:187,1
DA:188,1
DA:189,1
DA:192,1
DA:193,1
DA:194,1
DA:195,1
DA:196,1
DA:201,3
DA:202,3
DA:203,3
DA:204,3
DA:205,3
DA:206,3
DA:208,3
DA:209,3
DA:210,3
DA:211,3
DA:212,3
DA:214,3
DA:215,3
DA:216,3
DA:217,3
DA:219,3
DA:220,3
DA:221,3
DA:225,22
DA:226,22
DA:227,22
DA:231,28
DA:232,28
DA:233,3
DA:235,28
DA:240,31
DA:244,65
DA:245,65
DA:246,65
DA:247,65
DA:248,65
DA:249,65
DA:254,23
DA:258,3
DA:259,3
DA:261,0
DA:265,11
DA:266,0
DA:267,0
DA:268,0
DA:269,0
DA:270,0
DA:271,0
DA:277,3
DA:282,2
LF:118
LH:89
BRDA:66,0,0,0
BRDA:66,0,1,0
BRDA:66,1,0,0
BRDA:66,1,1,0
BRDA:66,1,2,0
BRDA:73,2,0,0
BRDA:73,2,1,3
BRDA:87,3,0,3
BRDA:87,3,1,0
BRDA:92,4,0,3
BRDA:92,4,1,15
BRDA:94,5,0,0
BRDA:94,5,1,3
BRDA:105,6,0,3
BRDA:105,6,1,3
BRDA:105,6,2,0
BRDA:123,7,0,0
BRDA:123,7,1,0
BRDA:125,8,0,0
BRDA:125,8,1,0
BRDA:132,9,0,0
BRDA:132,9,1,0
BRDA:140,10,0,0
BRDA:140,10,1,0
BRDA:154,11,0,3
BRDA:154,11,1,0
BRDA:165,12,0,0
BRDA:165,12,1,3
BRDA:165,13,0,3
BRDA:165,13,1,3
BRDA:183,14,0,1
BRDA:183,14,1,2
BRDA:183,15,0,3
BRDA:183,15,1,2
BRDA:186,16,0,1
BRDA:186,16,1,1
BRDA:195,17,0,1
BRDA:195,17,1,0
BRDA:232,18,0,3
BRDA:232,18,1,25
BRDA:258,19,0,3
BRDA:258,19,1,0
BRDA:258,20,0,3
BRDA:258,20,1,3
BRDA:270,21,0,0
BRDA:270,21,1,0
BRF:46
BRH:23
end_of_record
TN:
SF:/home/travis/build/MaibornWolff/codecharta/visualization/app/codeCharta/ui/legendPanel/legendPanel.ts
FNF:0
FNH:0
DA:7,1
DA:9,1
LF:2
LH:2
BRF:0
BRH:0
end_of_record
TN:
SF:/home/travis/build/MaibornWolff/codecharta/visualization/app/codeCharta/ui/mapTreeView/mapTreeView.ts
FN:15,(anonymous_0)
FN:16,(anonymous_1)
FN:18,(anonymous_2)
FN:19,(anonymous_3)
FNF:4
FNH:0
FNDA:0,(anonymous_0)
FNDA:0,(anonymous_1)
FNDA:0,(anonymous_2)
FNDA:0,(anonymous_3)
DA:10,2
DA:16,0
DA:17,0
DA:18,0
DA:19,0
DA:20,0
DA:21,0
LF:7
LH:1
BRF:0
BRH:0
end_of_record
TN:
SF:/home/travis/build/MaibornWolff/codecharta/visualization/app/codeCharta/ui/mapTreeView/mapTreeViewComponent.ts
FN:10,(anonymous_0)
FN:18,(anonymous_1)
FN:22,(anonymous_2)
FNF:3
FNH:0
FNDA:0,(anonymous_0)
FNDA:0,(anonymous_1)
FNDA:0,(anonymous_2)
DA:7,0
DA:10,0
DA:11,0
DA:13,0
DA:14,0
DA:19,0
DA:23,0
DA:24,0
DA:30,2
LF:9
LH:1
BRDA:23,0,0,0
BRDA:23,0,1,0
BRDA:23,1,0,0
BRDA:23,1,1,0
BRF:4
BRH:0
end_of_record
TN:
SF:/home/travis/build/MaibornWolff/codecharta/visualization/app/codeCharta/ui/mapTreeView/mapTreeViewLevelComponent.ts
FN:20,(anonymous_0)
FN:28,(anonymous_1)
FN:29,(anonymous_2)
FN:30,(anonymous_3)
FN:33,(anonymous_4)
FN:40,(anonymous_5)
FN:44,(anonymous_6)
FN:48,(anonymous_7)
FN:53,(anonymous_8)
FN:57,(anonymous_9)
FN:61,(anonymous_10)
FN:65,(anonymous_11)
FN:69,(anonymous_12)
FN:76,(anonymous_13)
FNF:14
FNH:14
FNDA:18,(anonymous_0)
FNDA:1,(anonymous_1)
FNDA:1,(anonymous_2)
FNDA:1,(anonymous_3)
FNDA:3,(anonymous_4)
FNDA:2,(anonymous_5)
FNDA:2,(anonymous_6)
FNDA:1,(anonymous_7)
FNDA:2,(anonymous_8)
FNDA:1,(anonymous_9)
FNDA:1,(anonymous_10)
FNDA:2,(anonymous_11)
FNDA:2,(anonymous_12)
FNDA:2,(anonymous_13)
DA:15,18
DA:16,18
DA:17,18
DA:21,18
DA:22,18
DA:23,18
DA:29,1
DA:30,1
DA:34,3
DA:35,1
DA:37,2
DA:41,2
DA:45,2
DA:49,1
DA:50,1
DA:54,2
DA:58,1
DA:62,1
DA:66,2
DA:70,2
DA:71,1
DA:73,1
DA:77,2
DA:78,1
DA:80,1
DA:86,5
LF:26
LH:26
BRDA:34,0,0,1
BRDA:34,0,1,2
BRDA:37,1,0,1
BRDA:37,1,1,1
BRDA:65,2,0,1
BRDA:66,3,0,2
BRDA:66,3,1,2
BRDA:66,3,2,1
BRDA:70,4,0,1
BRDA:70,4,1,1
BRDA:77,5,0,1
BRDA:77,5,1,1
BRDA:77,6,0,2
BRDA:77,6,1,2
BRDA:77,6,2,1
BRF:15
BRH:15
end_of_record
TN:
SF:/home/travis/build/MaibornWolff/codecharta/visualization/app/codeCharta/ui/metricChooser/metricChooser.component.ts
FN:27,(anonymous_0)
FN:47,(anonymous_1)
FN:51,(anonymous_2)
FN:55,(anonymous_3)
FN:58,(anonymous_4)
FN:89,(anonymous_5)
FN:92,(anonymous_6)
FNF:7
FNH:4
FNDA:11,(anonymous_0)
FNDA:1,(anonymous_1)
FNDA:1,(anonymous_2)
FNDA:0,(anonymous_3)
FNDA:7,(anonymous_4)
FNDA:0,(anonymous_5)
FNDA:0,(anonymous_6)
DA:28,11
DA:29,11
DA:30,11
DA:33,11
DA:34,11
DA:35,11
DA:36,11
DA:44,11
DA:48,1
DA:52,1
DA:60,7
DA:61,3
DA:62,3
DA:63,3
DA:65,3
DA:67,0
DA:68,0
DA:69,0
DA:71,0
DA:74,3
DA:75,3
DA:76,3
DA:77,3
DA:80,4
DA:81,4
DA:82,4
DA:83,4
DA:84,4
DA:85,4
DA:93,0
DA:98,0
DA:99,0
DA:100,0
DA:101,0
DA:103,0
DA:109,2
DA:115,2
DA:121,2
LF:38
LH:28
BRDA:60,0,0,3
BRDA:60,0,1,4
BRDA:60,1,0,7
BRDA:60,1,1,6
BRDA:60,1,2,5
BRDA:60,1,3,4
BRDA:65,2,0,0
BRDA:65,2,1,3
BRDA:98,3,0,0
BRDA:98,3,1,0
BRDA:100,4,0,0
BRDA:100,4,1,0
BRF:12
BRH:7
end_of_record
TN:
SF:/home/travis/build/MaibornWolff/codecharta/visualization/app/codeCharta/ui/metricChooser/metricChooser.ts
FNF:0
FNH:0
DA:10,1
DA:12,1
LF:2
LH:2
BRF:0
BRH:0
end_of_record
TN:
SF:/home/travis/build/MaibornWolff/codecharta/visualization/app/codeCharta/ui/multipleFilePanel/multipleFilePanel.ts
FNF:0
FNH:0
DA:8,1
LF:1
LH:1
BRF:0
BRH:0
end_of_record
TN:
SF:/home/travis/build/MaibornWolff/codecharta/visualization/app/codeCharta/ui/multipleFilePanel/multipleFilePanelComponent.ts
FN:17,(anonymous_0)
FN:32,(anonymous_1)
FN:42,(anonymous_2)
FN:48,(anonymous_3)
FN:52,(anonymous_4)
FN:59,(anonymous_5)
FNF:6
FNH:0
FNDA:0,(anonymous_0)
FNDA:0,(anonymous_1)
FNDA:0,(anonymous_2)
FNDA:0,(anonymous_3)
FNDA:0,(anonymous_4)
FNDA:0,(anonymous_5)
DA:18,0
DA:19,0
DA:20,0
DA:21,0
DA:23,0
DA:24,0
DA:25,0
DA:26,0
DA:27,0
DA:28,0
DA:29,0
DA:34,0
DA:36,0
DA:38,0
DA:39,0
DA:43,0
DA:44,0
DA:45,0
DA:49,0
DA:53,0
DA:54,0
DA:55,0
DA:60,0
DA:62,0
DA:63,0
DA:64,0
DA:69,1
LF:27
LH:1
BRF:0
BRH:0
end_of_record
TN:
SF:/home/travis/build/MaibornWolff/codecharta/visualization/app/codeCharta/ui/nodeContextMenu/nodeContextMenu.component.ts
FN:18,(anonymous_0)
FN:26,(anonymous_1)
FN:29,(anonymous_2)
FN:34,(anonymous_3)
FN:38,(anonymous_4)
FN:42,(anonymous_5)
FN:43,(anonymous_6)
FN:45,(anonymous_7)
FN:54,(anonymous_8)
FN:63,(anonymous_9)
FN:68,(anonymous_10)
FN:73,(anonymous_11)
FN:78,(anonymous_12)
FN:86,(anonymous_13)
FN:93,(anonymous_14)
FN:98,(anonymous_15)
FN:103,(anonymous_16)
FN:108,(anonymous_17)
FN:109,(anonymous_18)
FN:114,(anonymous_19)
FN:119,(anonymous_20)
FN:124,(anonymous_21)
FN:129,(anonymous_22)
FN:134,(anonymous_23)
FNF:24
FNH:22
FNDA:26,(anonymous_0)
FNDA:1,(anonymous_1)
FNDA:1,(anonymous_2)
FNDA:3,(anonymous_3)
FNDA:3,(anonymous_4)
FNDA:2,(anonymous_5)
FNDA:2,(anonymous_6)
FNDA:2,(anonymous_7)
FNDA:6,(anonymous_8)
FNDA:0,(anonymous_9)
FNDA:2,(anonymous_10)
FNDA:0,(anonymous_11)
FNDA:2,(anonymous_12)
FNDA:2,(anonymous_13)
FNDA:2,(anonymous_14)
FNDA:2,(anonymous_15)
FNDA:2,(anonymous_16)
FNDA:1,(anonymous_17)
FNDA:1,(anonymous_18)
FNDA:2,(anonymous_19)
FNDA:2,(anonymous_20)
FNDA:2,(anonymous_21)
FNDA:2,(anonymous_22)
FNDA:5,(anonymous_23)
DA:15,26
DA:18,26
DA:19,26
DA:20,26
DA:21,26
DA:22,26
DA:23,26
DA:24,26
DA:26,26
DA:27,1
DA:29,26
DA:30,1
DA:35,3
DA:39,3
DA:43,2
DA:44,2
DA:46,2
DA:47,2
DA:48,2
DA:49,2
DA:50,2
DA:55,6
DA:56,6
DA:57,6
DA:64,0
DA:65,0
DA:69,2
DA:70,2
DA:74,0
DA:75,0
DA:79,2
DA:80,1
DA:82,1
DA:87,2
DA:94,2
DA:95,2
DA:99,2
DA:100,2
DA:104,2
DA:105,2
DA:109,1
DA:110,1
DA:115,2
DA:116,2
DA:120,2
DA:121,2
DA:125,2
DA:126,2
DA:130,2
DA:131,2
DA:135,5
DA:140,6
LF:52
LH:48
BRDA:79,0,0,1
BRDA:79,0,1,1
BRDA:87,1,0,2
BRDA:87,1,1,2
BRDA:87,1,2,2
BRDA:87,1,3,2
BRDA:135,2,0,5
BRDA:135,2,1,4
BRDA:135,2,2,2
BRF:9
BRH:9
end_of_record
TN:
SF:/home/travis/build/MaibornWolff/codecharta/visualization/app/codeCharta/ui/nodeContextMenu/nodeContextMenu.ts
FNF:0
FNH:0
DA:8,1
LF:1
LH:1
BRF:0
BRH:0
end_of_record
TN:
SF:/home/travis/build/MaibornWolff/codecharta/visualization/app/codeCharta/ui/optionsPanel/optionsPanel.component.ts
FN:7,(anonymous_0)
FNF:1
FNH:0
FNDA:0,(anonymous_0)
DA:8,0
DA:14,1
LF:2
LH:1
BRF:0
BRH:0
end_of_record
TN:
SF:/home/travis/build/MaibornWolff/codecharta/visualization/app/codeCharta/ui/optionsPanel/optionsPanel.ts
FNF:0
FNH:0
DA:7,1
LF:1
LH:1
BRF:0
BRH:0
end_of_record
TN:
SF:/home/travis/build/MaibornWolff/codecharta/visualization/app/codeCharta/ui/rangeSlider/rangeSlider.component.ts
FN:11,(anonymous_0)
FN:18,(anonymous_1)
FN:24,(anonymous_2)
FN:28,(anonymous_3)
FN:38,(anonymous_4)
FN:49,(anonymous_5)
FN:58,(anonymous_6)
FNF:7
FNH:4
FNDA:5,(anonymous_0)
FNDA:1,(anonymous_1)
FNDA:0,(anonymous_2)
FNDA:7,(anonymous_3)
FNDA:0,(anonymous_4)
FNDA:0,(anonymous_5)
FNDA:1,(anonymous_6)
DA:11,5
DA:12,5
DA:15,5
DA:16,5
DA:18,5
DA:19,1
DA:25,0
DA:29,7
DA:39,0
DA:41,0
DA:44,0
DA:46,0
DA:50,0
DA:53,0
DA:55,0
DA:59,1
DA:64,2
LF:17
LH:9
BRDA:28,0,0,7
BRF:1
BRH:1
end_of_record
TN:
SF:/home/travis/build/MaibornWolff/codecharta/visualization/app/codeCharta/ui/rangeSlider/rangeSlider.ts
FNF:0
FNH:0
DA:6,1
DA:8,1
LF:2
LH:2
BRF:0
BRH:0
end_of_record
TN:
SF:/home/travis/build/MaibornWolff/codecharta/visualization/app/codeCharta/ui/regexFilter/regexFilter.component.ts
FN:21,(anonymous_0)
FN:32,(anonymous_1)
FN:37,(anonymous_2)
FN:41,(anonymous_3)
FN:46,(anonymous_4)
FN:50,(anonymous_5)
FN:61,(anonymous_6)
FN:75,(anonymous_7)
FN:83,(anonymous_8)
FN:85,(anonymous_9)
FNF:10
FNH:0
FNDA:0,(anonymous_0)
FNDA:0,(anonymous_1)
FNDA:0,(anonymous_2)
FNDA:0,(anonymous_3)
FNDA:0,(anonymous_4)
FNDA:0,(anonymous_5)
FNDA:0,(anonymous_6)
FNDA:0,(anonymous_7)
FNDA:0,(anonymous_8)
FNDA:0,(anonymous_9)
DA:11,1
DA:13,0
DA:15,0
DA:21,0
DA:22,0
DA:23,0
DA:26,0
DA:27,0
DA:28,0
DA:33,0
DA:34,0
DA:38,0
DA:42,0
DA:43,0
DA:47,0
DA:48,0
DA:49,0
DA:50,0
DA:52,0
DA:54,0
DA:57,0
DA:63,0
DA:64,0
DA:65,0
DA:67,0
DA:68,0
DA:69,0
DA:71,0
DA:76,0
DA:78,0
DA:79,0
DA:84,0
DA:85,0
DA:86,0
DA:93,1
LF:35
LH:2
BRDA:46,0,0,0
BRDA:48,1,0,0
BRDA:48,1,1,0
BRDA:67,2,0,0
BRDA:67,2,1,0
BRDA:78,3,0,0
BRDA:78,3,1,0
BRDA:84,4,0,0
BRDA:84,4,1,0
BRDA:84,5,0,0
BRDA:84,5,1,0
BRF:11
BRH:0
end_of_record
TN:
SF:/home/travis/build/MaibornWolff/codecharta/visualization/app/codeCharta/ui/regexFilter/regexFilter.ts
FNF:0
FNH:0
DA:7,1
LF:1
LH:1
BRF:0
BRH:0
end_of_record
TN:
SF:/home/travis/build/MaibornWolff/codecharta/visualization/app/codeCharta/ui/resetSettingsButton/resetSettingsButton.component.ts
FN:10,(anonymous_0)
FN:17,(anonymous_1)
FN:21,(anonymous_2)
FN:26,(anonymous_3)
FN:35,(anonymous_4)
FNF:5
FNH:5
FNDA:11,(anonymous_0)
FNDA:1,(anonymous_1)
FNDA:10,(anonymous_2)
FNDA:17,(anonymous_3)
FNDA:12,(anonymous_4)
DA:7,11
DA:11,11
DA:12,11
DA:18,1
DA:22,10
DA:23,10
DA:24,10
DA:26,10
DA:28,17
DA:30,17
DA:32,5
DA:33,5
DA:35,5
DA:37,12
DA:39,6
DA:40,3
DA:42,3
DA:43,3
DA:49,12
DA:55,10
DA:62,2
LF:21
LH:21
BRDA:21,0,0,10
BRDA:30,1,0,5
BRDA:30,1,1,12
BRDA:37,2,0,6
BRDA:37,2,1,6
BRDA:37,3,0,12
BRDA:37,3,1,6
BRDA:39,4,0,3
BRDA:39,4,1,3
BRF:9
BRH:9
end_of_record
TN:
SF:/home/travis/build/MaibornWolff/codecharta/visualization/app/codeCharta/ui/resetSettingsButton/resetSettingsButton.ts
FNF:0
FNH:0
DA:7,1
LF:1
LH:1
BRF:0
BRH:0
end_of_record
TN:
SF:/home/travis/build/MaibornWolff/codecharta/visualization/app/codeCharta/ui/revisionChooser/revisionChooser.component.ts
FN:27,(anonymous_0)
FN:37,(anonymous_1)
FN:43,(anonymous_2)
FN:49,(anonymous_3)
FN:53,(anonymous_4)
FN:59,(anonymous_5)
FNF:6
FNH:2
FNDA:5,(anonymous_0)
FNDA:0,(anonymous_1)
FNDA:1,(anonymous_2)
FNDA:0,(anonymous_3)
FNDA:0,(anonymous_4)
FNDA:0,(anonymous_5)
DA:14,5
DA:18,5
DA:28,5
DA:29,5
DA:30,5
DA:32,5
DA:33,5
DA:34,5
DA:35,5
DA:36,5
DA:37,5
DA:38,0
DA:44,1
DA:45,1
DA:46,1
DA:50,0
DA:54,0
DA:60,0
DA:61,0
DA:66,2
DA:71,2
LF:21
LH:16
BRF:0
BRH:0
end_of_record
TN:
SF:/home/travis/build/MaibornWolff/codecharta/visualization/app/codeCharta/ui/revisionChooser/revisionChooser.po.ts
FN:3,(anonymous_6)
FN:5,(anonymous_7)
FN:6,(anonymous_9)
FN:9,(anonymous_10)
FN:13,(anonymous_12)
FN:14,(anonymous_14)
FNF:6
FNH:0
FNDA:0,(anonymous_6)
FNDA:0,(anonymous_7)
FNDA:0,(anonymous_9)
FNDA:0,(anonymous_10)
FNDA:0,(anonymous_12)
FNDA:0,(anonymous_14)
DA:3,0
DA:6,0
DA:10,0
DA:14,0
DA:15,0
LF:5
LH:0
BRF:0
BRH:0
end_of_record
TN:
SF:/home/travis/build/MaibornWolff/codecharta/visualization/app/codeCharta/ui/revisionChooser/revisionChooser.ts
FNF:0
FNH:0
DA:5,1
DA:7,1
DA:12,1
LF:3
LH:3
BRF:0
BRH:0
end_of_record
TN:
SF:/home/travis/build/MaibornWolff/codecharta/visualization/app/codeCharta/ui/revisionChooser/revisionChooserFileDropdown.po.ts
FN:3,(anonymous_6)
FN:5,(anonymous_7)
FN:6,(anonymous_9)
FN:9,(anonymous_10)
FN:13,(anonymous_12)
FN:14,(anonymous_14)
FNF:6
FNH:0
FNDA:0,(anonymous_6)
FNDA:0,(anonymous_7)
FNDA:0,(anonymous_9)
FNDA:0,(anonymous_10)
FNDA:0,(anonymous_12)
FNDA:0,(anonymous_14)
DA:3,0
DA:6,0
DA:10,0
DA:14,0
DA:15,0
LF:5
LH:0
BRF:0
BRH:0
end_of_record
TN:
SF:/home/travis/build/MaibornWolff/codecharta/visualization/app/codeCharta/ui/ribbonBar/ribbonBar.component.ts
FN:13,(anonymous_0)
FN:19,(anonymous_1)
FN:23,(anonymous_2)
FN:28,(anonymous_3)
FN:36,(anonymous_4)
FN:41,(anonymous_5)
FNF:6
FNH:0
FNDA:0,(anonymous_0)
FNDA:0,(anonymous_1)
FNDA:0,(anonymous_2)
FNDA:0,(anonymous_3)
FNDA:0,(anonymous_4)
FNDA:0,(anonymous_5)
DA:8,0
DA:9,0
DA:10,0
DA:14,0
DA:15,0
DA:20,0
DA:24,0
DA:25,0
DA:29,0
DA:30,0
DA:32,0
DA:37,0
DA:38,0
DA:42,0
DA:43,0
DA:48,1
LF:16
LH:1
BRDA:29,0,0,0
BRDA:29,0,1,0
BRF:2
BRH:0
end_of_record
TN:
SF:/home/travis/build/MaibornWolff/codecharta/visualization/app/codeCharta/ui/ribbonBar/ribbonBar.module.ts
FNF:0
FNH:0
DA:5,1
DA:10,1
LF:2
LH:2
BRF:0
BRH:0
end_of_record
TN:
SF:/home/travis/build/MaibornWolff/codecharta/visualization/app/codeCharta/ui/ribbonBar/ribbonBar.po.ts
FN:3,(anonymous_6)
FN:5,(anonymous_7)
FNF:2
FNH:0
FNDA:0,(anonymous_6)
FNDA:0,(anonymous_7)
DA:3,0
DA:6,0
DA:7,0
LF:3
LH:0
BRF:0
BRH:0
end_of_record
TN:
SF:/home/travis/build/MaibornWolff/codecharta/visualization/app/codeCharta/ui/scenarioButtons/scenarioButtons.ts
FNF:0
FNH:0
DA:6,1
DA:8,1
LF:2
LH:2
BRF:0
BRH:0
end_of_record
TN:
SF:/home/travis/build/MaibornWolff/codecharta/visualization/app/codeCharta/ui/scenarioButtons/scenarioButtonsComponent.ts
FN:25,(anonymous_0)
FN:36,(anonymous_1)
FN:40,(anonymous_2)
FN:44,(anonymous_3)
FN:48,(anonymous_4)
FN:57,(anonymous_5)
FN:65,(anonymous_6)
FN:70,(anonymous_7)
FNF:8
FNH:7
FNDA:7,(anonymous_0)
FNDA:7,(anonymous_1)
FNDA:1,(anonymous_2)
FNDA:1,(anonymous_3)
FNDA:1,(anonymous_4)
FNDA:2,(anonymous_5)
FNDA:1,(anonymous_6)
FNDA:0,(anonymous_7)
DA:15,7
DA:25,7
DA:26,7
DA:27,7
DA:28,7
DA:29,7
DA:30,7
DA:31,7
DA:32,7
DA:33,7
DA:37,7
DA:41,1
DA:45,1
DA:49,1
DA:58,2
DA:66,1
DA:67,1
DA:71,0
DA:72,0
DA:76,2
DA:81,2
LF:21
LH:19
BRF:0
BRH:0
end_of_record
TN:
SF:/home/travis/build/MaibornWolff/codecharta/visualization/app/codeCharta/ui/settingsPanel/index.ts
FNF:0
FNH:0
DA:13,1
LF:1
LH:1
BRF:0
BRH:0
end_of_record
TN:
SF:/home/travis/build/MaibornWolff/codecharta/visualization/app/codeCharta/ui/settingsPanel/settingsPanel.po.ts
FN:3,(anonymous_6)
FN:5,(anonymous_7)
FNF:2
FNH:0
FNDA:0,(anonymous_6)
FNDA:0,(anonymous_7)
DA:3,0
DA:6,0
DA:7,0
LF:3
LH:0
BRF:0
BRH:0
end_of_record
TN:
SF:/home/travis/build/MaibornWolff/codecharta/visualization/app/codeCharta/ui/settingsPanel/settingsPanel.ts
FN:12,(anonymous_0)
FN:21,(anonymous_1)
FN:23,(anonymous_2)
FNF:3
FNH:0
FNDA:0,(anonymous_0)
FNDA:0,(anonymous_1)
FNDA:0,(anonymous_2)
DA:9,0
DA:13,0
DA:14,0
DA:22,0
DA:23,0
DA:24,0
DA:29,1
LF:7
LH:1
BRF:0
BRH:0
end_of_record
TN:
SF:/home/travis/build/MaibornWolff/codecharta/visualization/app/codeCharta/ui/sidenav/sidenav.component.ts
FN:8,(anonymous_0)
FN:14,(anonymous_1)
FN:18,(anonymous_2)
FNF:3
FNH:0
FNDA:0,(anonymous_0)
FNDA:0,(anonymous_1)
FNDA:0,(anonymous_2)
DA:9,0
DA:10,0
DA:15,0
DA:19,0
DA:23,1
DA:29,1
LF:6
LH:2
BRF:0
BRH:0
end_of_record
TN:
SF:/home/travis/build/MaibornWolff/codecharta/visualization/app/codeCharta/ui/sidenav/sidenav.module.ts
FNF:0
FNH:0
DA:9,1
LF:1
LH:1
BRF:0
BRH:0
end_of_record
TN:
SF:/home/travis/build/MaibornWolff/codecharta/visualization/app/codeCharta/ui/statisticSettingsPanel/statisticSettingsPanel.component.ts
FN:13,(anonymous_0)
FN:24,(anonymous_1)
FN:28,(anonymous_2)
FN:33,(anonymous_3)
FN:38,(anonymous_4)
FNF:5
FNH:0
FNDA:0,(anonymous_0)
FNDA:0,(anonymous_1)
FNDA:0,(anonymous_2)
FNDA:0,(anonymous_3)
FNDA:0,(anonymous_4)
DA:8,0
DA:14,0
DA:15,0
DA:16,0
DA:18,0
DA:19,0
DA:20,0
DA:21,0
DA:25,0
DA:29,0
DA:30,0
DA:34,0
DA:35,0
DA:39,0
DA:44,1
LF:15
LH:1
BRF:0
BRH:0
end_of_record
TN:
SF:/home/travis/build/MaibornWolff/codecharta/visualization/app/codeCharta/ui/statisticSettingsPanel/statisticSettingsPanel.ts
FNF:0
FNH:0
DA:8,1
LF:1
LH:1
BRF:0
BRH:0
end_of_record
TN:
SF:/home/travis/build/MaibornWolff/codecharta/visualization/app/codeCharta/ui/weblinksPanel/weblinksPanel.component.ts
FN:6,(anonymous_0)
FNF:1
FNH:0
FNDA:0,(anonymous_0)
DA:11,1
LF:1
LH:1
BRF:0
BRH:0
end_of_record
TN:
SF:/home/travis/build/MaibornWolff/codecharta/visualization/app/codeCharta/ui/weblinksPanel/weblinksPanel.ts
FNF:0
FNH:0
DA:7,1
LF:1
LH:1
BRF:0
BRH:0
end_of_record
TN:
SF:/home/travis/build/MaibornWolff/codecharta/visualization/app/testVille/testVille.component.ts
FNF:0
FNH:0
DA:2,0
DA:4,0
LF:2
LH:0
BRF:0
BRH:0
end_of_record
TN:
SF:/home/travis/build/MaibornWolff/codecharta/visualization/app/testVille/testVille.ts
FNF:0
FNH:0
DA:2,0
DA:3,0
DA:6,0
LF:3
LH:0
BRF:0
BRH:0
end_of_record
